running egg_info
writing ../../build/lid_cam_calib/lid_cam_calib.egg-info/PKG-INFO
writing dependency_links to ../../build/lid_cam_calib/lid_cam_calib.egg-info/dependency_links.txt
writing entry points to ../../build/lid_cam_calib/lid_cam_calib.egg-info/entry_points.txt
writing requirements to ../../build/lid_cam_calib/lid_cam_calib.egg-info/requires.txt
writing top-level names to ../../build/lid_cam_calib/lid_cam_calib.egg-info/top_level.txt
reading manifest file '../../build/lid_cam_calib/lid_cam_calib.egg-info/SOURCES.txt'
writing manifest file '../../build/lid_cam_calib/lid_cam_calib.egg-info/SOURCES.txt'
running build
running build_py
copying lid_cam_calib/frame_save.py -> /home/anthony/lidar_camera_overlay/lid_cam_ws/build/lid_cam_calib/build/lib/lid_cam_calib
running install
running install_lib
copying /home/anthony/lidar_camera_overlay/lid_cam_ws/build/lid_cam_calib/build/lib/lid_cam_calib/frame_save.py -> /home/anthony/lidar_camera_overlay/lid_cam_ws/install/lid_cam_calib/lib/python3.8/site-packages/lid_cam_calib
byte-compiling /home/anthony/lidar_camera_overlay/lid_cam_ws/install/lid_cam_calib/lib/python3.8/site-packages/lid_cam_calib/frame_save.py to frame_save.cpython-38.pyc
running install_data
running install_egg_info
removing '/home/anthony/lidar_camera_overlay/lid_cam_ws/install/lid_cam_calib/lib/python3.8/site-packages/lid_cam_calib-0.0.0-py3.8.egg-info' (and everything under it)
Copying ../../build/lid_cam_calib/lid_cam_calib.egg-info to /home/anthony/lidar_camera_overlay/lid_cam_ws/install/lid_cam_calib/lib/python3.8/site-packages/lid_cam_calib-0.0.0-py3.8.egg-info
running install_scripts
Installing cepTime script to /home/anthony/lidar_camera_overlay/lid_cam_ws/install/lid_cam_calib/lib/lid_cam_calib
Installing frame_save script to /home/anthony/lidar_camera_overlay/lid_cam_ws/install/lid_cam_calib/lib/lid_cam_calib
Installing lidar_lidar script to /home/anthony/lidar_camera_overlay/lid_cam_ws/install/lid_cam_calib/lib/lid_cam_calib
Installing rectify script to /home/anthony/lidar_camera_overlay/lid_cam_ws/install/lid_cam_calib/lib/lid_cam_calib
Installing timer script to /home/anthony/lidar_camera_overlay/lid_cam_ws/install/lid_cam_calib/lib/lid_cam_calib
writing list of installed files to '/home/anthony/lidar_camera_overlay/lid_cam_ws/build/lid_cam_calib/install.log'
