[1.193s] Invoking command in '/home/anthony/lidar_camera_overlay/lid_cam_ws/src/rel_vel': CONDA_PROMPT_MODIFIER=(base) PYTHONPATH=/home/anthony/lidar_camera_overlay/lid_cam_ws/build/rel_vel/prefix_override:/home/anthony/lidar_camera_overlay/lid_cam_ws/install/rel_vel/lib/python3.8/site-packages:${PYTHONPATH} /usr/bin/python3 setup.py egg_info --egg-base ../../build/rel_vel build --build-base /home/anthony/lidar_camera_overlay/lid_cam_ws/build/rel_vel/build install --record /home/anthony/lidar_camera_overlay/lid_cam_ws/build/rel_vel/install.log --install-scripts $base/lib/rel_vel --single-version-externally-managed
[1.449s] running egg_info
[1.449s] creating ../../build/rel_vel/rel_vel.egg-info
[1.449s] writing ../../build/rel_vel/rel_vel.egg-info/PKG-INFO
[1.452s] writing dependency_links to ../../build/rel_vel/rel_vel.egg-info/dependency_links.txt
[1.453s] writing entry points to ../../build/rel_vel/rel_vel.egg-info/entry_points.txt
[1.453s] writing requirements to ../../build/rel_vel/rel_vel.egg-info/requires.txt
[1.453s] writing top-level names to ../../build/rel_vel/rel_vel.egg-info/top_level.txt
[1.453s] writing manifest file '../../build/rel_vel/rel_vel.egg-info/SOURCES.txt'
[1.482s] reading manifest file '../../build/rel_vel/rel_vel.egg-info/SOURCES.txt'
[1.483s] writing manifest file '../../build/rel_vel/rel_vel.egg-info/SOURCES.txt'
[1.484s] running build
[1.484s] running build_py
[1.485s] creating /home/anthony/lidar_camera_overlay/lid_cam_ws/build/rel_vel/build
[1.487s] creating /home/anthony/lidar_camera_overlay/lid_cam_ws/build/rel_vel/build/lib
[1.487s] creating /home/anthony/lidar_camera_overlay/lid_cam_ws/build/rel_vel/build/lib/rel_vel
[1.487s] copying rel_vel/rel_vel.py -> /home/anthony/lidar_camera_overlay/lid_cam_ws/build/rel_vel/build/lib/rel_vel
[1.487s] copying rel_vel/__init__.py -> /home/anthony/lidar_camera_overlay/lid_cam_ws/build/rel_vel/build/lib/rel_vel
[1.487s] running install
[1.488s] running install_lib
[1.488s] creating /home/anthony/lidar_camera_overlay/lid_cam_ws/install/rel_vel/lib/python3.8/site-packages/rel_vel
[1.489s] copying /home/anthony/lidar_camera_overlay/lid_cam_ws/build/rel_vel/build/lib/rel_vel/rel_vel.py -> /home/anthony/lidar_camera_overlay/lid_cam_ws/install/rel_vel/lib/python3.8/site-packages/rel_vel
[1.489s] copying /home/anthony/lidar_camera_overlay/lid_cam_ws/build/rel_vel/build/lib/rel_vel/__init__.py -> /home/anthony/lidar_camera_overlay/lid_cam_ws/install/rel_vel/lib/python3.8/site-packages/rel_vel
[1.490s] byte-compiling /home/anthony/lidar_camera_overlay/lid_cam_ws/install/rel_vel/lib/python3.8/site-packages/rel_vel/rel_vel.py to rel_vel.cpython-38.pyc
[1.491s] byte-compiling /home/anthony/lidar_camera_overlay/lid_cam_ws/install/rel_vel/lib/python3.8/site-packages/rel_vel/__init__.py to __init__.cpython-38.pyc
[1.491s] running install_data
[1.491s] creating /home/anthony/lidar_camera_overlay/lid_cam_ws/install/rel_vel/share/ament_index
[1.492s] creating /home/anthony/lidar_camera_overlay/lid_cam_ws/install/rel_vel/share/ament_index/resource_index
[1.492s] creating /home/anthony/lidar_camera_overlay/lid_cam_ws/install/rel_vel/share/ament_index/resource_index/packages
[1.492s] copying resource/rel_vel -> /home/anthony/lidar_camera_overlay/lid_cam_ws/install/rel_vel/share/ament_index/resource_index/packages
[1.492s] copying package.xml -> /home/anthony/lidar_camera_overlay/lid_cam_ws/install/rel_vel/share/rel_vel
[1.492s] running install_egg_info
[1.494s] Copying ../../build/rel_vel/rel_vel.egg-info to /home/anthony/lidar_camera_overlay/lid_cam_ws/install/rel_vel/lib/python3.8/site-packages/rel_vel-0.0.0-py3.8.egg-info
[1.494s] running install_scripts
[1.521s] Installing rel_vel script to /home/anthony/lidar_camera_overlay/lid_cam_ws/install/rel_vel/lib/rel_vel
[1.523s] writing list of installed files to '/home/anthony/lidar_camera_overlay/lid_cam_ws/build/rel_vel/install.log'
[1.546s] Invoked command in '/home/anthony/lidar_camera_overlay/lid_cam_ws/src/rel_vel' returned '0': CONDA_PROMPT_MODIFIER=(base) PYTHONPATH=/home/anthony/lidar_camera_overlay/lid_cam_ws/build/rel_vel/prefix_override:/home/anthony/lidar_camera_overlay/lid_cam_ws/install/rel_vel/lib/python3.8/site-packages:${PYTHONPATH} /usr/bin/python3 setup.py egg_info --egg-base ../../build/rel_vel build --build-base /home/anthony/lidar_camera_overlay/lid_cam_ws/build/rel_vel/build install --record /home/anthony/lidar_camera_overlay/lid_cam_ws/build/rel_vel/install.log --install-scripts $base/lib/rel_vel --single-version-externally-managed
