[0.436s] DEBUG:colcon:Command line arguments: ['/usr/bin/colcon', 'build']
[0.436s] DEBUG:colcon:Parsed command line arguments: Namespace(allow_overriding=[], ament_cmake_args=None, base_paths=['.'], build_base='build', catkin_cmake_args=None, catkin_skip_building_tests=False, cmake_args=None, cmake_clean_cache=False, cmake_clean_first=False, cmake_force_configure=False, cmake_target=None, cmake_target_skip_unavailable=False, continue_on_error=False, event_handlers=None, executor='parallel', ignore_user_meta=False, install_base='install', log_base=None, log_level=None, main=<bound method BuildVerb.main of <colcon_core.verb.build.BuildVerb object at 0x7f1f1cc29130>>, merge_install=False, metas=['./colcon.meta'], packages_above=None, packages_above_and_dependencies=None, packages_above_depth=None, packages_end=None, packages_ignore=None, packages_ignore_regex=None, packages_select=None, packages_select_build_failed=False, packages_select_by_dep=None, packages_select_regex=None, packages_select_test_failures=False, packages_skip=None, packages_skip_build_finished=False, packages_skip_by_dep=None, packages_skip_regex=None, packages_skip_test_passed=False, packages_skip_up_to=None, packages_start=None, packages_up_to=None, packages_up_to_regex=None, parallel_workers=16, paths=None, symlink_install=False, test_result_base=None, verb_extension=<colcon_core.verb.build.BuildVerb object at 0x7f1f1cc29130>, verb_name='build', verb_parser=<colcon_defaults.argument_parser.defaults.DefaultArgumentsDecorator object at 0x7f1f1cc29670>)
[0.456s] Level 1:colcon.colcon_core.package_discovery:discover_packages(colcon_meta) check parameters
[0.456s] Level 1:colcon.colcon_core.package_discovery:discover_packages(recursive) check parameters
[0.456s] Level 1:colcon.colcon_core.package_discovery:discover_packages(ignore) check parameters
[0.457s] Level 1:colcon.colcon_core.package_discovery:discover_packages(path) check parameters
[0.457s] Level 1:colcon.colcon_core.package_discovery:discover_packages(colcon_meta) discover
[0.457s] Level 1:colcon.colcon_core.package_discovery:discover_packages(recursive) discover
[0.457s] INFO:colcon.colcon_core.package_discovery:Crawling recursively for packages in '/home/anthony/lidar_camera_overlay/lid_cam_ws'
[0.457s] Level 1:colcon.colcon_core.package_identification:_identify(.) by extensions ['ignore', 'ignore_ament_install']
[0.457s] Level 1:colcon.colcon_core.package_identification:_identify(.) by extension 'ignore'
[0.457s] Level 1:colcon.colcon_core.package_identification:_identify(.) by extension 'ignore_ament_install'
[0.457s] Level 1:colcon.colcon_core.package_identification:_identify(.) by extensions ['colcon_pkg']
[0.457s] Level 1:colcon.colcon_core.package_identification:_identify(.) by extension 'colcon_pkg'
[0.457s] Level 1:colcon.colcon_core.package_identification:_identify(.) by extensions ['colcon_meta']
[0.457s] Level 1:colcon.colcon_core.package_identification:_identify(.) by extension 'colcon_meta'
[0.457s] Level 1:colcon.colcon_core.package_identification:_identify(.) by extensions ['ros']
[0.457s] Level 1:colcon.colcon_core.package_identification:_identify(.) by extension 'ros'
[0.470s] Level 1:colcon.colcon_core.package_identification:_identify(.) by extensions ['cmake', 'python']
[0.470s] Level 1:colcon.colcon_core.package_identification:_identify(.) by extension 'cmake'
[0.470s] Level 1:colcon.colcon_core.package_identification:_identify(.) by extension 'python'
[0.470s] Level 1:colcon.colcon_core.package_identification:_identify(.) by extensions ['python_setup_py']
[0.470s] Level 1:colcon.colcon_core.package_identification:_identify(.) by extension 'python_setup_py'
[0.470s] Level 1:colcon.colcon_core.package_identification:_identify(build) by extensions ['ignore', 'ignore_ament_install']
[0.470s] Level 1:colcon.colcon_core.package_identification:_identify(build) by extension 'ignore'
[0.470s] Level 1:colcon.colcon_core.package_identification:_identify(build) ignored
[0.470s] Level 1:colcon.colcon_core.package_identification:_identify(install) by extensions ['ignore', 'ignore_ament_install']
[0.470s] Level 1:colcon.colcon_core.package_identification:_identify(install) by extension 'ignore'
[0.470s] Level 1:colcon.colcon_core.package_identification:_identify(install) ignored
[0.470s] Level 1:colcon.colcon_core.package_identification:_identify(log) by extensions ['ignore', 'ignore_ament_install']
[0.470s] Level 1:colcon.colcon_core.package_identification:_identify(log) by extension 'ignore'
[0.470s] Level 1:colcon.colcon_core.package_identification:_identify(log) ignored
[0.471s] Level 1:colcon.colcon_core.package_identification:_identify(src) by extensions ['ignore', 'ignore_ament_install']
[0.471s] Level 1:colcon.colcon_core.package_identification:_identify(src) by extension 'ignore'
[0.471s] Level 1:colcon.colcon_core.package_identification:_identify(src) by extension 'ignore_ament_install'
[0.471s] Level 1:colcon.colcon_core.package_identification:_identify(src) by extensions ['colcon_pkg']
[0.471s] Level 1:colcon.colcon_core.package_identification:_identify(src) by extension 'colcon_pkg'
[0.471s] Level 1:colcon.colcon_core.package_identification:_identify(src) by extensions ['colcon_meta']
[0.471s] Level 1:colcon.colcon_core.package_identification:_identify(src) by extension 'colcon_meta'
[0.471s] Level 1:colcon.colcon_core.package_identification:_identify(src) by extensions ['ros']
[0.471s] Level 1:colcon.colcon_core.package_identification:_identify(src) by extension 'ros'
[0.471s] Level 1:colcon.colcon_core.package_identification:_identify(src) by extensions ['cmake', 'python']
[0.471s] Level 1:colcon.colcon_core.package_identification:_identify(src) by extension 'cmake'
[0.471s] Level 1:colcon.colcon_core.package_identification:_identify(src) by extension 'python'
[0.471s] Level 1:colcon.colcon_core.package_identification:_identify(src) by extensions ['python_setup_py']
[0.471s] Level 1:colcon.colcon_core.package_identification:_identify(src) by extension 'python_setup_py'
[0.471s] Level 1:colcon.colcon_core.package_identification:_identify(src/Year2-Lidar_Cam_Calibration) by extensions ['ignore', 'ignore_ament_install']
[0.471s] Level 1:colcon.colcon_core.package_identification:_identify(src/Year2-Lidar_Cam_Calibration) by extension 'ignore'
[0.471s] Level 1:colcon.colcon_core.package_identification:_identify(src/Year2-Lidar_Cam_Calibration) by extension 'ignore_ament_install'
[0.471s] Level 1:colcon.colcon_core.package_identification:_identify(src/Year2-Lidar_Cam_Calibration) by extensions ['colcon_pkg']
[0.471s] Level 1:colcon.colcon_core.package_identification:_identify(src/Year2-Lidar_Cam_Calibration) by extension 'colcon_pkg'
[0.471s] Level 1:colcon.colcon_core.package_identification:_identify(src/Year2-Lidar_Cam_Calibration) by extensions ['colcon_meta']
[0.471s] Level 1:colcon.colcon_core.package_identification:_identify(src/Year2-Lidar_Cam_Calibration) by extension 'colcon_meta'
[0.471s] Level 1:colcon.colcon_core.package_identification:_identify(src/Year2-Lidar_Cam_Calibration) by extensions ['ros']
[0.471s] Level 1:colcon.colcon_core.package_identification:_identify(src/Year2-Lidar_Cam_Calibration) by extension 'ros'
[0.471s] Level 1:colcon.colcon_core.package_identification:_identify(src/Year2-Lidar_Cam_Calibration) by extensions ['cmake', 'python']
[0.471s] Level 1:colcon.colcon_core.package_identification:_identify(src/Year2-Lidar_Cam_Calibration) by extension 'cmake'
[0.471s] Level 1:colcon.colcon_core.package_identification:_identify(src/Year2-Lidar_Cam_Calibration) by extension 'python'
[0.471s] Level 1:colcon.colcon_core.package_identification:_identify(src/Year2-Lidar_Cam_Calibration) by extensions ['python_setup_py']
[0.471s] Level 1:colcon.colcon_core.package_identification:_identify(src/Year2-Lidar_Cam_Calibration) by extension 'python_setup_py'
[0.471s] Level 1:colcon.colcon_core.package_identification:_identify(src/build) by extensions ['ignore', 'ignore_ament_install']
[0.471s] Level 1:colcon.colcon_core.package_identification:_identify(src/build) by extension 'ignore'
[0.471s] Level 1:colcon.colcon_core.package_identification:_identify(src/build) ignored
[0.471s] Level 1:colcon.colcon_core.package_identification:_identify(src/custom_interfaces) by extensions ['ignore', 'ignore_ament_install']
[0.472s] Level 1:colcon.colcon_core.package_identification:_identify(src/custom_interfaces) by extension 'ignore'
[0.472s] Level 1:colcon.colcon_core.package_identification:_identify(src/custom_interfaces) by extension 'ignore_ament_install'
[0.472s] Level 1:colcon.colcon_core.package_identification:_identify(src/custom_interfaces) by extensions ['colcon_pkg']
[0.472s] Level 1:colcon.colcon_core.package_identification:_identify(src/custom_interfaces) by extension 'colcon_pkg'
[0.472s] Level 1:colcon.colcon_core.package_identification:_identify(src/custom_interfaces) by extensions ['colcon_meta']
[0.472s] Level 1:colcon.colcon_core.package_identification:_identify(src/custom_interfaces) by extension 'colcon_meta'
[0.472s] Level 1:colcon.colcon_core.package_identification:_identify(src/custom_interfaces) by extensions ['ros']
[0.472s] Level 1:colcon.colcon_core.package_identification:_identify(src/custom_interfaces) by extension 'ros'
[0.473s] DEBUG:colcon.colcon_core.package_identification:Package 'src/custom_interfaces' with type 'ros.ament_cmake' and name 'custom_interfaces'
[0.473s] Level 1:colcon.colcon_core.package_identification:_identify(src/install) by extensions ['ignore', 'ignore_ament_install']
[0.473s] Level 1:colcon.colcon_core.package_identification:_identify(src/install) by extension 'ignore'
[0.473s] Level 1:colcon.colcon_core.package_identification:_identify(src/install) ignored
[0.474s] Level 1:colcon.colcon_core.package_identification:_identify(src/ip_parser) by extensions ['ignore', 'ignore_ament_install']
[0.474s] Level 1:colcon.colcon_core.package_identification:_identify(src/ip_parser) by extension 'ignore'
[0.474s] Level 1:colcon.colcon_core.package_identification:_identify(src/ip_parser) by extension 'ignore_ament_install'
[0.474s] Level 1:colcon.colcon_core.package_identification:_identify(src/ip_parser) by extensions ['colcon_pkg']
[0.474s] Level 1:colcon.colcon_core.package_identification:_identify(src/ip_parser) by extension 'colcon_pkg'
[0.474s] Level 1:colcon.colcon_core.package_identification:_identify(src/ip_parser) by extensions ['colcon_meta']
[0.474s] Level 1:colcon.colcon_core.package_identification:_identify(src/ip_parser) by extension 'colcon_meta'
[0.474s] Level 1:colcon.colcon_core.package_identification:_identify(src/ip_parser) by extensions ['ros']
[0.474s] Level 1:colcon.colcon_core.package_identification:_identify(src/ip_parser) by extension 'ros'
[0.474s] DEBUG:colcon.colcon_core.package_identification:Package 'src/ip_parser' with type 'ros.ament_python' and name 'ip_parser'
[0.474s] Level 1:colcon.colcon_core.package_identification:_identify(src/lid_cam_calib) by extensions ['ignore', 'ignore_ament_install']
[0.474s] Level 1:colcon.colcon_core.package_identification:_identify(src/lid_cam_calib) by extension 'ignore'
[0.474s] Level 1:colcon.colcon_core.package_identification:_identify(src/lid_cam_calib) by extension 'ignore_ament_install'
[0.474s] Level 1:colcon.colcon_core.package_identification:_identify(src/lid_cam_calib) by extensions ['colcon_pkg']
[0.475s] Level 1:colcon.colcon_core.package_identification:_identify(src/lid_cam_calib) by extension 'colcon_pkg'
[0.475s] Level 1:colcon.colcon_core.package_identification:_identify(src/lid_cam_calib) by extensions ['colcon_meta']
[0.475s] Level 1:colcon.colcon_core.package_identification:_identify(src/lid_cam_calib) by extension 'colcon_meta'
[0.475s] Level 1:colcon.colcon_core.package_identification:_identify(src/lid_cam_calib) by extensions ['ros']
[0.475s] Level 1:colcon.colcon_core.package_identification:_identify(src/lid_cam_calib) by extension 'ros'
[0.475s] DEBUG:colcon.colcon_core.package_identification:Package 'src/lid_cam_calib' with type 'ros.ament_python' and name 'lid_cam_calib'
[0.475s] Level 1:colcon.colcon_core.package_identification:_identify(src/log) by extensions ['ignore', 'ignore_ament_install']
[0.475s] Level 1:colcon.colcon_core.package_identification:_identify(src/log) by extension 'ignore'
[0.475s] Level 1:colcon.colcon_core.package_identification:_identify(src/log) ignored
[0.475s] Level 1:colcon.colcon_core.package_identification:_identify(src/rectify) by extensions ['ignore', 'ignore_ament_install']
[0.475s] Level 1:colcon.colcon_core.package_identification:_identify(src/rectify) by extension 'ignore'
[0.475s] Level 1:colcon.colcon_core.package_identification:_identify(src/rectify) by extension 'ignore_ament_install'
[0.475s] Level 1:colcon.colcon_core.package_identification:_identify(src/rectify) by extensions ['colcon_pkg']
[0.475s] Level 1:colcon.colcon_core.package_identification:_identify(src/rectify) by extension 'colcon_pkg'
[0.475s] Level 1:colcon.colcon_core.package_identification:_identify(src/rectify) by extensions ['colcon_meta']
[0.475s] Level 1:colcon.colcon_core.package_identification:_identify(src/rectify) by extension 'colcon_meta'
[0.476s] Level 1:colcon.colcon_core.package_identification:_identify(src/rectify) by extensions ['ros']
[0.476s] Level 1:colcon.colcon_core.package_identification:_identify(src/rectify) by extension 'ros'
[0.476s] DEBUG:colcon.colcon_core.package_identification:Package 'src/rectify' with type 'ros.ament_cmake' and name 'rectify'
[0.476s] Level 1:colcon.colcon_core.package_identification:_identify(src/rel_vel) by extensions ['ignore', 'ignore_ament_install']
[0.476s] Level 1:colcon.colcon_core.package_identification:_identify(src/rel_vel) by extension 'ignore'
[0.476s] Level 1:colcon.colcon_core.package_identification:_identify(src/rel_vel) by extension 'ignore_ament_install'
[0.476s] Level 1:colcon.colcon_core.package_identification:_identify(src/rel_vel) by extensions ['colcon_pkg']
[0.476s] Level 1:colcon.colcon_core.package_identification:_identify(src/rel_vel) by extension 'colcon_pkg'
[0.476s] Level 1:colcon.colcon_core.package_identification:_identify(src/rel_vel) by extensions ['colcon_meta']
[0.476s] Level 1:colcon.colcon_core.package_identification:_identify(src/rel_vel) by extension 'colcon_meta'
[0.476s] Level 1:colcon.colcon_core.package_identification:_identify(src/rel_vel) by extensions ['ros']
[0.476s] Level 1:colcon.colcon_core.package_identification:_identify(src/rel_vel) by extension 'ros'
[0.476s] DEBUG:colcon.colcon_core.package_identification:Package 'src/rel_vel' with type 'ros.ament_python' and name 'rel_vel'
[0.476s] Level 1:colcon.colcon_core.package_discovery:discover_packages(recursive) using defaults
[0.476s] Level 1:colcon.colcon_core.package_discovery:discover_packages(ignore) discover
[0.476s] Level 1:colcon.colcon_core.package_discovery:discover_packages(ignore) using defaults
[0.477s] Level 1:colcon.colcon_core.package_discovery:discover_packages(path) discover
[0.477s] Level 1:colcon.colcon_core.package_discovery:discover_packages(path) using defaults
[0.490s] Level 1:colcon.colcon_core.package_discovery:discover_packages(prefix_path) check parameters
[0.490s] Level 1:colcon.colcon_core.package_discovery:discover_packages(prefix_path) discover
[0.491s] WARNING:colcon.colcon_ros.prefix_path.ament:The path '/home/anthony/lidar_camera_overlay/lid_cam_ws/install/rel_vel' in the environment variable AMENT_PREFIX_PATH doesn't exist
[0.491s] WARNING:colcon.colcon_ros.prefix_path.ament:The path '/home/anthony/lidar_camera_overlay/lid_cam_ws/install/lid_cam_calib' in the environment variable AMENT_PREFIX_PATH doesn't exist
[0.491s] WARNING:colcon.colcon_ros.prefix_path.ament:The path '/home/anthony/lidar_camera_overlay/lid_cam_ws/install/ip_parser' in the environment variable AMENT_PREFIX_PATH doesn't exist
[0.491s] WARNING:colcon.colcon_ros.prefix_path.catkin:The path '/home/anthony/lidar_camera_overlay/lid_cam_ws/install/rectify' in the environment variable CMAKE_PREFIX_PATH doesn't exist
[0.491s] WARNING:colcon.colcon_ros.prefix_path.catkin:The path '/home/anthony/lidar_camera_overlay/lid_cam_ws/install/perception_frame' in the environment variable CMAKE_PREFIX_PATH doesn't exist
[0.491s] WARNING:colcon.colcon_ros.prefix_path.catkin:The path '/home/anthony/lidar_camera_overlay/lid_cam_ws/install/custom_interfaces' in the environment variable CMAKE_PREFIX_PATH doesn't exist
[0.493s] DEBUG:colcon.colcon_installed_package_information.package_discovery:Found 0 installed packages in /home/anthony/lidar_camera_overlay/lid_cam_ws/install
[0.494s] DEBUG:colcon.colcon_installed_package_information.package_discovery:Found 302 installed packages in /opt/ros/foxy
[0.495s] Level 1:colcon.colcon_core.package_discovery:discover_packages(prefix_path) using defaults
[0.542s] Level 5:colcon.colcon_core.verb:set package 'custom_interfaces' build argument 'cmake_args' from command line to 'None'
[0.542s] Level 5:colcon.colcon_core.verb:set package 'custom_interfaces' build argument 'cmake_target' from command line to 'None'
[0.542s] Level 5:colcon.colcon_core.verb:set package 'custom_interfaces' build argument 'cmake_target_skip_unavailable' from command line to 'False'
[0.542s] Level 5:colcon.colcon_core.verb:set package 'custom_interfaces' build argument 'cmake_clean_cache' from command line to 'False'
[0.542s] Level 5:colcon.colcon_core.verb:set package 'custom_interfaces' build argument 'cmake_clean_first' from command line to 'False'
[0.542s] Level 5:colcon.colcon_core.verb:set package 'custom_interfaces' build argument 'cmake_force_configure' from command line to 'False'
[0.542s] Level 5:colcon.colcon_core.verb:set package 'custom_interfaces' build argument 'ament_cmake_args' from command line to 'None'
[0.542s] Level 5:colcon.colcon_core.verb:set package 'custom_interfaces' build argument 'catkin_cmake_args' from command line to 'None'
[0.542s] Level 5:colcon.colcon_core.verb:set package 'custom_interfaces' build argument 'catkin_skip_building_tests' from command line to 'False'
[0.542s] DEBUG:colcon.colcon_core.verb:Building package 'custom_interfaces' with the following arguments: {'ament_cmake_args': None, 'build_base': '/home/anthony/lidar_camera_overlay/lid_cam_ws/build/custom_interfaces', 'catkin_cmake_args': None, 'catkin_skip_building_tests': False, 'cmake_args': None, 'cmake_clean_cache': False, 'cmake_clean_first': False, 'cmake_force_configure': False, 'cmake_target': None, 'cmake_target_skip_unavailable': False, 'install_base': '/home/anthony/lidar_camera_overlay/lid_cam_ws/install/custom_interfaces', 'merge_install': False, 'path': '/home/anthony/lidar_camera_overlay/lid_cam_ws/src/custom_interfaces', 'symlink_install': False, 'test_result_base': None}
[0.543s] Level 5:colcon.colcon_core.verb:set package 'ip_parser' build argument 'cmake_args' from command line to 'None'
[0.543s] Level 5:colcon.colcon_core.verb:set package 'ip_parser' build argument 'cmake_target' from command line to 'None'
[0.543s] Level 5:colcon.colcon_core.verb:set package 'ip_parser' build argument 'cmake_target_skip_unavailable' from command line to 'False'
[0.543s] Level 5:colcon.colcon_core.verb:set package 'ip_parser' build argument 'cmake_clean_cache' from command line to 'False'
[0.543s] Level 5:colcon.colcon_core.verb:set package 'ip_parser' build argument 'cmake_clean_first' from command line to 'False'
[0.543s] Level 5:colcon.colcon_core.verb:set package 'ip_parser' build argument 'cmake_force_configure' from command line to 'False'
[0.543s] Level 5:colcon.colcon_core.verb:set package 'ip_parser' build argument 'ament_cmake_args' from command line to 'None'
[0.543s] Level 5:colcon.colcon_core.verb:set package 'ip_parser' build argument 'catkin_cmake_args' from command line to 'None'
[0.543s] Level 5:colcon.colcon_core.verb:set package 'ip_parser' build argument 'catkin_skip_building_tests' from command line to 'False'
[0.543s] DEBUG:colcon.colcon_core.verb:Building package 'ip_parser' with the following arguments: {'ament_cmake_args': None, 'build_base': '/home/anthony/lidar_camera_overlay/lid_cam_ws/build/ip_parser', 'catkin_cmake_args': None, 'catkin_skip_building_tests': False, 'cmake_args': None, 'cmake_clean_cache': False, 'cmake_clean_first': False, 'cmake_force_configure': False, 'cmake_target': None, 'cmake_target_skip_unavailable': False, 'install_base': '/home/anthony/lidar_camera_overlay/lid_cam_ws/install/ip_parser', 'merge_install': False, 'path': '/home/anthony/lidar_camera_overlay/lid_cam_ws/src/ip_parser', 'symlink_install': False, 'test_result_base': None}
[0.544s] Level 5:colcon.colcon_core.verb:set package 'lid_cam_calib' build argument 'cmake_args' from command line to 'None'
[0.544s] Level 5:colcon.colcon_core.verb:set package 'lid_cam_calib' build argument 'cmake_target' from command line to 'None'
[0.544s] Level 5:colcon.colcon_core.verb:set package 'lid_cam_calib' build argument 'cmake_target_skip_unavailable' from command line to 'False'
[0.544s] Level 5:colcon.colcon_core.verb:set package 'lid_cam_calib' build argument 'cmake_clean_cache' from command line to 'False'
[0.544s] Level 5:colcon.colcon_core.verb:set package 'lid_cam_calib' build argument 'cmake_clean_first' from command line to 'False'
[0.544s] Level 5:colcon.colcon_core.verb:set package 'lid_cam_calib' build argument 'cmake_force_configure' from command line to 'False'
[0.544s] Level 5:colcon.colcon_core.verb:set package 'lid_cam_calib' build argument 'ament_cmake_args' from command line to 'None'
[0.544s] Level 5:colcon.colcon_core.verb:set package 'lid_cam_calib' build argument 'catkin_cmake_args' from command line to 'None'
[0.544s] Level 5:colcon.colcon_core.verb:set package 'lid_cam_calib' build argument 'catkin_skip_building_tests' from command line to 'False'
[0.544s] DEBUG:colcon.colcon_core.verb:Building package 'lid_cam_calib' with the following arguments: {'ament_cmake_args': None, 'build_base': '/home/anthony/lidar_camera_overlay/lid_cam_ws/build/lid_cam_calib', 'catkin_cmake_args': None, 'catkin_skip_building_tests': False, 'cmake_args': None, 'cmake_clean_cache': False, 'cmake_clean_first': False, 'cmake_force_configure': False, 'cmake_target': None, 'cmake_target_skip_unavailable': False, 'install_base': '/home/anthony/lidar_camera_overlay/lid_cam_ws/install/lid_cam_calib', 'merge_install': False, 'path': '/home/anthony/lidar_camera_overlay/lid_cam_ws/src/lid_cam_calib', 'symlink_install': False, 'test_result_base': None}
[0.544s] Level 5:colcon.colcon_core.verb:set package 'rectify' build argument 'cmake_args' from command line to 'None'
[0.544s] Level 5:colcon.colcon_core.verb:set package 'rectify' build argument 'cmake_target' from command line to 'None'
[0.544s] Level 5:colcon.colcon_core.verb:set package 'rectify' build argument 'cmake_target_skip_unavailable' from command line to 'False'
[0.544s] Level 5:colcon.colcon_core.verb:set package 'rectify' build argument 'cmake_clean_cache' from command line to 'False'
[0.544s] Level 5:colcon.colcon_core.verb:set package 'rectify' build argument 'cmake_clean_first' from command line to 'False'
[0.544s] Level 5:colcon.colcon_core.verb:set package 'rectify' build argument 'cmake_force_configure' from command line to 'False'
[0.544s] Level 5:colcon.colcon_core.verb:set package 'rectify' build argument 'ament_cmake_args' from command line to 'None'
[0.544s] Level 5:colcon.colcon_core.verb:set package 'rectify' build argument 'catkin_cmake_args' from command line to 'None'
[0.544s] Level 5:colcon.colcon_core.verb:set package 'rectify' build argument 'catkin_skip_building_tests' from command line to 'False'
[0.544s] DEBUG:colcon.colcon_core.verb:Building package 'rectify' with the following arguments: {'ament_cmake_args': None, 'build_base': '/home/anthony/lidar_camera_overlay/lid_cam_ws/build/rectify', 'catkin_cmake_args': None, 'catkin_skip_building_tests': False, 'cmake_args': None, 'cmake_clean_cache': False, 'cmake_clean_first': False, 'cmake_force_configure': False, 'cmake_target': None, 'cmake_target_skip_unavailable': False, 'install_base': '/home/anthony/lidar_camera_overlay/lid_cam_ws/install/rectify', 'merge_install': False, 'path': '/home/anthony/lidar_camera_overlay/lid_cam_ws/src/rectify', 'symlink_install': False, 'test_result_base': None}
[0.545s] Level 5:colcon.colcon_core.verb:set package 'rel_vel' build argument 'cmake_args' from command line to 'None'
[0.545s] Level 5:colcon.colcon_core.verb:set package 'rel_vel' build argument 'cmake_target' from command line to 'None'
[0.545s] Level 5:colcon.colcon_core.verb:set package 'rel_vel' build argument 'cmake_target_skip_unavailable' from command line to 'False'
[0.545s] Level 5:colcon.colcon_core.verb:set package 'rel_vel' build argument 'cmake_clean_cache' from command line to 'False'
[0.545s] Level 5:colcon.colcon_core.verb:set package 'rel_vel' build argument 'cmake_clean_first' from command line to 'False'
[0.545s] Level 5:colcon.colcon_core.verb:set package 'rel_vel' build argument 'cmake_force_configure' from command line to 'False'
[0.545s] Level 5:colcon.colcon_core.verb:set package 'rel_vel' build argument 'ament_cmake_args' from command line to 'None'
[0.545s] Level 5:colcon.colcon_core.verb:set package 'rel_vel' build argument 'catkin_cmake_args' from command line to 'None'
[0.545s] Level 5:colcon.colcon_core.verb:set package 'rel_vel' build argument 'catkin_skip_building_tests' from command line to 'False'
[0.545s] DEBUG:colcon.colcon_core.verb:Building package 'rel_vel' with the following arguments: {'ament_cmake_args': None, 'build_base': '/home/anthony/lidar_camera_overlay/lid_cam_ws/build/rel_vel', 'catkin_cmake_args': None, 'catkin_skip_building_tests': False, 'cmake_args': None, 'cmake_clean_cache': False, 'cmake_clean_first': False, 'cmake_force_configure': False, 'cmake_target': None, 'cmake_target_skip_unavailable': False, 'install_base': '/home/anthony/lidar_camera_overlay/lid_cam_ws/install/rel_vel', 'merge_install': False, 'path': '/home/anthony/lidar_camera_overlay/lid_cam_ws/src/rel_vel', 'symlink_install': False, 'test_result_base': None}
[0.546s] INFO:colcon.colcon_core.executor:Executing jobs using 'parallel' executor
[0.550s] DEBUG:colcon.colcon_parallel_executor.executor.parallel:run_until_complete
[0.550s] INFO:colcon.colcon_ros.task.ament_cmake.build:Building ROS package in '/home/anthony/lidar_camera_overlay/lid_cam_ws/src/custom_interfaces' with build type 'ament_cmake'
[0.550s] INFO:colcon.colcon_cmake.task.cmake.build:Building CMake package in '/home/anthony/lidar_camera_overlay/lid_cam_ws/src/custom_interfaces'
[0.554s] INFO:colcon.colcon_core.plugin_system:Skipping extension 'colcon_core.shell.bat': Not used on non-Windows systems
[0.554s] INFO:colcon.colcon_core.shell:Skip shell extension 'powershell' for command environment: Not usable outside of PowerShell
[0.554s] DEBUG:colcon.colcon_core.shell:Skip shell extension 'dsv' for command environment
[0.559s] INFO:colcon.colcon_ros.task.ament_python.build:Building ROS package in '/home/anthony/lidar_camera_overlay/lid_cam_ws/src/ip_parser' with build type 'ament_python'
[0.559s] Level 1:colcon.colcon_core.shell:create_environment_hook('ip_parser', 'ament_prefix_path')
[0.560s] INFO:colcon.colcon_core.shell:Creating environment hook '/home/anthony/lidar_camera_overlay/lid_cam_ws/install/ip_parser/share/ip_parser/hook/ament_prefix_path.ps1'
[0.562s] INFO:colcon.colcon_core.shell:Creating environment descriptor '/home/anthony/lidar_camera_overlay/lid_cam_ws/install/ip_parser/share/ip_parser/hook/ament_prefix_path.dsv'
[0.562s] INFO:colcon.colcon_core.shell:Creating environment hook '/home/anthony/lidar_camera_overlay/lid_cam_ws/install/ip_parser/share/ip_parser/hook/ament_prefix_path.sh'
[0.564s] INFO:colcon.colcon_core.shell:Skip shell extension 'powershell' for command environment: Not usable outside of PowerShell
[0.564s] DEBUG:colcon.colcon_core.shell:Skip shell extension 'dsv' for command environment
[0.571s] INFO:colcon.colcon_ros.task.ament_python.build:Building ROS package in '/home/anthony/lidar_camera_overlay/lid_cam_ws/src/lid_cam_calib' with build type 'ament_python'
[0.571s] Level 1:colcon.colcon_core.shell:create_environment_hook('lid_cam_calib', 'ament_prefix_path')
[0.572s] INFO:colcon.colcon_core.shell:Creating environment hook '/home/anthony/lidar_camera_overlay/lid_cam_ws/install/lid_cam_calib/share/lid_cam_calib/hook/ament_prefix_path.ps1'
[0.573s] INFO:colcon.colcon_core.shell:Creating environment descriptor '/home/anthony/lidar_camera_overlay/lid_cam_ws/install/lid_cam_calib/share/lid_cam_calib/hook/ament_prefix_path.dsv'
[0.574s] INFO:colcon.colcon_core.shell:Creating environment hook '/home/anthony/lidar_camera_overlay/lid_cam_ws/install/lid_cam_calib/share/lid_cam_calib/hook/ament_prefix_path.sh'
[0.575s] INFO:colcon.colcon_core.shell:Skip shell extension 'powershell' for command environment: Not usable outside of PowerShell
[0.575s] DEBUG:colcon.colcon_core.shell:Skip shell extension 'dsv' for command environment
[0.582s] INFO:colcon.colcon_ros.task.ament_cmake.build:Building ROS package in '/home/anthony/lidar_camera_overlay/lid_cam_ws/src/rectify' with build type 'ament_cmake'
[0.582s] INFO:colcon.colcon_cmake.task.cmake.build:Building CMake package in '/home/anthony/lidar_camera_overlay/lid_cam_ws/src/rectify'
[0.584s] INFO:colcon.colcon_core.shell:Skip shell extension 'powershell' for command environment: Not usable outside of PowerShell
[0.584s] DEBUG:colcon.colcon_core.shell:Skip shell extension 'dsv' for command environment
[0.591s] INFO:colcon.colcon_ros.task.ament_python.build:Building ROS package in '/home/anthony/lidar_camera_overlay/lid_cam_ws/src/rel_vel' with build type 'ament_python'
[0.591s] Level 1:colcon.colcon_core.shell:create_environment_hook('rel_vel', 'ament_prefix_path')
[0.593s] INFO:colcon.colcon_core.shell:Creating environment hook '/home/anthony/lidar_camera_overlay/lid_cam_ws/install/rel_vel/share/rel_vel/hook/ament_prefix_path.ps1'
[0.594s] INFO:colcon.colcon_core.shell:Creating environment descriptor '/home/anthony/lidar_camera_overlay/lid_cam_ws/install/rel_vel/share/rel_vel/hook/ament_prefix_path.dsv'
[0.595s] INFO:colcon.colcon_core.shell:Creating environment hook '/home/anthony/lidar_camera_overlay/lid_cam_ws/install/rel_vel/share/rel_vel/hook/ament_prefix_path.sh'
[0.597s] INFO:colcon.colcon_core.shell:Skip shell extension 'powershell' for command environment: Not usable outside of PowerShell
[0.597s] DEBUG:colcon.colcon_core.shell:Skip shell extension 'dsv' for command environment
[0.611s] DEBUG:colcon.colcon_core.event_handler.log_command:Invoking command in '/home/anthony/lidar_camera_overlay/lid_cam_ws/build/custom_interfaces': CMAKE_PREFIX_PATH=${CMAKE_PREFIX_PATH}:/home/anthony/lidar_camera_overlay/lid_cam_ws/install/rel_vel:/home/anthony/lidar_camera_overlay/lid_cam_ws/install/lid_cam_calib:/home/anthony/lidar_camera_overlay/lid_cam_ws/install/ip_parser:/opt/ros/foxy CONDA_PROMPT_MODIFIER=(base) /usr/bin/cmake /home/anthony/lidar_camera_overlay/lid_cam_ws/src/custom_interfaces -DCMAKE_INSTALL_PREFIX=/home/anthony/lidar_camera_overlay/lid_cam_ws/install/custom_interfaces
[0.785s] INFO:colcon.colcon_core.task.python.build:Building Python package in '/home/anthony/lidar_camera_overlay/lid_cam_ws/src/ip_parser'
[0.787s] INFO:colcon.colcon_core.shell:Skip shell extension 'powershell' for command environment: Not usable outside of PowerShell
[0.787s] DEBUG:colcon.colcon_core.shell:Skip shell extension 'dsv' for command environment
[0.987s] INFO:colcon.colcon_core.task.python.build:Building Python package in '/home/anthony/lidar_camera_overlay/lid_cam_ws/src/lid_cam_calib'
[0.989s] INFO:colcon.colcon_core.shell:Skip shell extension 'powershell' for command environment: Not usable outside of PowerShell
[0.990s] DEBUG:colcon.colcon_core.shell:Skip shell extension 'dsv' for command environment
[1.004s] DEBUG:colcon.colcon_core.event_handler.log_command:Invoking command in '/home/anthony/lidar_camera_overlay/lid_cam_ws/build/rectify': CMAKE_PREFIX_PATH=${CMAKE_PREFIX_PATH}:/home/anthony/lidar_camera_overlay/lid_cam_ws/install/rel_vel:/home/anthony/lidar_camera_overlay/lid_cam_ws/install/lid_cam_calib:/home/anthony/lidar_camera_overlay/lid_cam_ws/install/ip_parser:/opt/ros/foxy CONDA_PROMPT_MODIFIER=(base) /usr/bin/cmake /home/anthony/lidar_camera_overlay/lid_cam_ws/src/rectify -DCMAKE_INSTALL_PREFIX=/home/anthony/lidar_camera_overlay/lid_cam_ws/install/rectify
[1.209s] INFO:colcon.colcon_core.task.python.build:Building Python package in '/home/anthony/lidar_camera_overlay/lid_cam_ws/src/rel_vel'
[1.211s] INFO:colcon.colcon_core.shell:Skip shell extension 'powershell' for command environment: Not usable outside of PowerShell
[1.212s] DEBUG:colcon.colcon_core.shell:Skip shell extension 'dsv' for command environment
[1.660s] DEBUG:colcon.colcon_core.event_handler.log_command:Invoking command in '/home/anthony/lidar_camera_overlay/lid_cam_ws/src/ip_parser': CONDA_PROMPT_MODIFIER=(base) PYTHONPATH=/home/anthony/lidar_camera_overlay/lid_cam_ws/build/ip_parser/prefix_override:/home/anthony/lidar_camera_overlay/lid_cam_ws/install/ip_parser/lib/python3.8/site-packages:${PYTHONPATH} /usr/bin/python3 setup.py egg_info --egg-base ../../build/ip_parser build --build-base /home/anthony/lidar_camera_overlay/lid_cam_ws/build/ip_parser/build install --record /home/anthony/lidar_camera_overlay/lid_cam_ws/build/ip_parser/install.log --install-scripts $base/lib/ip_parser --single-version-externally-managed
[1.767s] DEBUG:colcon.colcon_core.event_handler.log_command:Invoking command in '/home/anthony/lidar_camera_overlay/lid_cam_ws/src/lid_cam_calib': CONDA_PROMPT_MODIFIER=(base) PYTHONPATH=/home/anthony/lidar_camera_overlay/lid_cam_ws/build/lid_cam_calib/prefix_override:/home/anthony/lidar_camera_overlay/lid_cam_ws/install/lid_cam_calib/lib/python3.8/site-packages:${PYTHONPATH} /usr/bin/python3 setup.py egg_info --egg-base ../../build/lid_cam_calib build --build-base /home/anthony/lidar_camera_overlay/lid_cam_ws/build/lid_cam_calib/build install --record /home/anthony/lidar_camera_overlay/lid_cam_ws/build/lid_cam_calib/install.log --install-scripts $base/lib/lid_cam_calib --single-version-externally-managed
[1.787s] DEBUG:colcon.colcon_core.event_handler.log_command:Invoking command in '/home/anthony/lidar_camera_overlay/lid_cam_ws/src/rel_vel': CONDA_PROMPT_MODIFIER=(base) PYTHONPATH=/home/anthony/lidar_camera_overlay/lid_cam_ws/build/rel_vel/prefix_override:/home/anthony/lidar_camera_overlay/lid_cam_ws/install/rel_vel/lib/python3.8/site-packages:${PYTHONPATH} /usr/bin/python3 setup.py egg_info --egg-base ../../build/rel_vel build --build-base /home/anthony/lidar_camera_overlay/lid_cam_ws/build/rel_vel/build install --record /home/anthony/lidar_camera_overlay/lid_cam_ws/build/rel_vel/install.log --install-scripts $base/lib/rel_vel --single-version-externally-managed
[1.973s] DEBUG:colcon.colcon_core.event_handler.log_command:Invoked command in '/home/anthony/lidar_camera_overlay/lid_cam_ws/src/ip_parser' returned '0': CONDA_PROMPT_MODIFIER=(base) PYTHONPATH=/home/anthony/lidar_camera_overlay/lid_cam_ws/build/ip_parser/prefix_override:/home/anthony/lidar_camera_overlay/lid_cam_ws/install/ip_parser/lib/python3.8/site-packages:${PYTHONPATH} /usr/bin/python3 setup.py egg_info --egg-base ../../build/ip_parser build --build-base /home/anthony/lidar_camera_overlay/lid_cam_ws/build/ip_parser/build install --record /home/anthony/lidar_camera_overlay/lid_cam_ws/build/ip_parser/install.log --install-scripts $base/lib/ip_parser --single-version-externally-managed
[1.978s] Level 1:colcon.colcon_core.environment:checking '/home/anthony/lidar_camera_overlay/lid_cam_ws/install/ip_parser' for CMake module files
[1.979s] Level 1:colcon.colcon_core.environment:checking '/home/anthony/lidar_camera_overlay/lid_cam_ws/install/ip_parser' for CMake config files
[1.980s] Level 1:colcon.colcon_core.environment:checking '/home/anthony/lidar_camera_overlay/lid_cam_ws/install/ip_parser/lib'
[1.980s] Level 1:colcon.colcon_core.environment:checking '/home/anthony/lidar_camera_overlay/lid_cam_ws/install/ip_parser/bin'
[1.980s] Level 1:colcon.colcon_core.environment:checking '/home/anthony/lidar_camera_overlay/lid_cam_ws/install/ip_parser/lib/pkgconfig/ip_parser.pc'
[1.980s] Level 1:colcon.colcon_core.environment:checking '/home/anthony/lidar_camera_overlay/lid_cam_ws/install/ip_parser/lib/python3.8/site-packages'
[1.980s] Level 1:colcon.colcon_core.shell:create_environment_hook('ip_parser', 'pythonpath')
[1.981s] INFO:colcon.colcon_core.shell:Creating environment hook '/home/anthony/lidar_camera_overlay/lid_cam_ws/install/ip_parser/share/ip_parser/hook/pythonpath.ps1'
[1.982s] INFO:colcon.colcon_core.shell:Creating environment descriptor '/home/anthony/lidar_camera_overlay/lid_cam_ws/install/ip_parser/share/ip_parser/hook/pythonpath.dsv'
[1.982s] INFO:colcon.colcon_core.shell:Creating environment hook '/home/anthony/lidar_camera_overlay/lid_cam_ws/install/ip_parser/share/ip_parser/hook/pythonpath.sh'
[1.983s] Level 1:colcon.colcon_core.environment:checking '/home/anthony/lidar_camera_overlay/lid_cam_ws/install/ip_parser/bin'
[1.983s] Level 1:colcon.colcon_core.environment:create_environment_scripts_only(ip_parser)
[1.984s] INFO:colcon.colcon_core.shell:Creating package script '/home/anthony/lidar_camera_overlay/lid_cam_ws/install/ip_parser/share/ip_parser/package.ps1'
[1.986s] INFO:colcon.colcon_core.shell:Creating package descriptor '/home/anthony/lidar_camera_overlay/lid_cam_ws/install/ip_parser/share/ip_parser/package.dsv'
[1.987s] INFO:colcon.colcon_core.shell:Creating package script '/home/anthony/lidar_camera_overlay/lid_cam_ws/install/ip_parser/share/ip_parser/package.sh'
[1.988s] INFO:colcon.colcon_core.shell:Creating package script '/home/anthony/lidar_camera_overlay/lid_cam_ws/install/ip_parser/share/ip_parser/package.bash'
[1.989s] INFO:colcon.colcon_core.shell:Creating package script '/home/anthony/lidar_camera_overlay/lid_cam_ws/install/ip_parser/share/ip_parser/package.zsh'
[1.990s] Level 1:colcon.colcon_core.environment:create_file_with_runtime_dependencies(/home/anthony/lidar_camera_overlay/lid_cam_ws/install/ip_parser/share/colcon-core/packages/ip_parser)
[2.107s] Level 1:colcon.colcon_core.environment:checking '/home/anthony/lidar_camera_overlay/lid_cam_ws/install/lid_cam_calib' for CMake module files
[2.108s] DEBUG:colcon.colcon_core.event_handler.log_command:Invoked command in '/home/anthony/lidar_camera_overlay/lid_cam_ws/src/lid_cam_calib' returned '0': CONDA_PROMPT_MODIFIER=(base) PYTHONPATH=/home/anthony/lidar_camera_overlay/lid_cam_ws/build/lid_cam_calib/prefix_override:/home/anthony/lidar_camera_overlay/lid_cam_ws/install/lid_cam_calib/lib/python3.8/site-packages:${PYTHONPATH} /usr/bin/python3 setup.py egg_info --egg-base ../../build/lid_cam_calib build --build-base /home/anthony/lidar_camera_overlay/lid_cam_ws/build/lid_cam_calib/build install --record /home/anthony/lidar_camera_overlay/lid_cam_ws/build/lid_cam_calib/install.log --install-scripts $base/lib/lid_cam_calib --single-version-externally-managed
[2.109s] Level 1:colcon.colcon_core.environment:checking '/home/anthony/lidar_camera_overlay/lid_cam_ws/install/lid_cam_calib' for CMake config files
[2.109s] Level 1:colcon.colcon_core.environment:checking '/home/anthony/lidar_camera_overlay/lid_cam_ws/install/lid_cam_calib/lib'
[2.109s] Level 1:colcon.colcon_core.environment:checking '/home/anthony/lidar_camera_overlay/lid_cam_ws/install/lid_cam_calib/bin'
[2.109s] Level 1:colcon.colcon_core.environment:checking '/home/anthony/lidar_camera_overlay/lid_cam_ws/install/lid_cam_calib/lib/pkgconfig/lid_cam_calib.pc'
[2.110s] Level 1:colcon.colcon_core.environment:checking '/home/anthony/lidar_camera_overlay/lid_cam_ws/install/lid_cam_calib/lib/python3.8/site-packages'
[2.110s] Level 1:colcon.colcon_core.shell:create_environment_hook('lid_cam_calib', 'pythonpath')
[2.111s] INFO:colcon.colcon_core.shell:Creating environment hook '/home/anthony/lidar_camera_overlay/lid_cam_ws/install/lid_cam_calib/share/lid_cam_calib/hook/pythonpath.ps1'
[2.111s] INFO:colcon.colcon_core.shell:Creating environment descriptor '/home/anthony/lidar_camera_overlay/lid_cam_ws/install/lid_cam_calib/share/lid_cam_calib/hook/pythonpath.dsv'
[2.111s] INFO:colcon.colcon_core.shell:Creating environment hook '/home/anthony/lidar_camera_overlay/lid_cam_ws/install/lid_cam_calib/share/lid_cam_calib/hook/pythonpath.sh'
[2.112s] Level 1:colcon.colcon_core.environment:checking '/home/anthony/lidar_camera_overlay/lid_cam_ws/install/lid_cam_calib/bin'
[2.112s] Level 1:colcon.colcon_core.environment:create_environment_scripts_only(lid_cam_calib)
[2.113s] INFO:colcon.colcon_core.shell:Creating package script '/home/anthony/lidar_camera_overlay/lid_cam_ws/install/lid_cam_calib/share/lid_cam_calib/package.ps1'
[2.114s] INFO:colcon.colcon_core.shell:Creating package descriptor '/home/anthony/lidar_camera_overlay/lid_cam_ws/install/lid_cam_calib/share/lid_cam_calib/package.dsv'
[2.117s] INFO:colcon.colcon_core.shell:Creating package script '/home/anthony/lidar_camera_overlay/lid_cam_ws/install/lid_cam_calib/share/lid_cam_calib/package.sh'
[2.117s] INFO:colcon.colcon_core.shell:Creating package script '/home/anthony/lidar_camera_overlay/lid_cam_ws/install/lid_cam_calib/share/lid_cam_calib/package.bash'
[2.117s] INFO:colcon.colcon_core.shell:Creating package script '/home/anthony/lidar_camera_overlay/lid_cam_ws/install/lid_cam_calib/share/lid_cam_calib/package.zsh'
[2.118s] Level 1:colcon.colcon_core.environment:create_file_with_runtime_dependencies(/home/anthony/lidar_camera_overlay/lid_cam_ws/install/lid_cam_calib/share/colcon-core/packages/lid_cam_calib)
[2.134s] Level 1:colcon.colcon_core.environment:checking '/home/anthony/lidar_camera_overlay/lid_cam_ws/install/rel_vel' for CMake module files
[2.136s] Level 1:colcon.colcon_core.environment:checking '/home/anthony/lidar_camera_overlay/lid_cam_ws/install/rel_vel' for CMake config files
[2.137s] Level 1:colcon.colcon_core.environment:checking '/home/anthony/lidar_camera_overlay/lid_cam_ws/install/rel_vel/lib'
[2.137s] Level 1:colcon.colcon_core.environment:checking '/home/anthony/lidar_camera_overlay/lid_cam_ws/install/rel_vel/bin'
[2.137s] Level 1:colcon.colcon_core.environment:checking '/home/anthony/lidar_camera_overlay/lid_cam_ws/install/rel_vel/lib/pkgconfig/rel_vel.pc'
[2.137s] Level 1:colcon.colcon_core.environment:checking '/home/anthony/lidar_camera_overlay/lid_cam_ws/install/rel_vel/lib/python3.8/site-packages'
[2.137s] Level 1:colcon.colcon_core.shell:create_environment_hook('rel_vel', 'pythonpath')
[2.139s] INFO:colcon.colcon_core.shell:Creating environment hook '/home/anthony/lidar_camera_overlay/lid_cam_ws/install/rel_vel/share/rel_vel/hook/pythonpath.ps1'
[2.139s] INFO:colcon.colcon_core.shell:Creating environment descriptor '/home/anthony/lidar_camera_overlay/lid_cam_ws/install/rel_vel/share/rel_vel/hook/pythonpath.dsv'
[2.140s] INFO:colcon.colcon_core.shell:Creating environment hook '/home/anthony/lidar_camera_overlay/lid_cam_ws/install/rel_vel/share/rel_vel/hook/pythonpath.sh'
[2.140s] DEBUG:colcon.colcon_core.event_handler.log_command:Invoked command in '/home/anthony/lidar_camera_overlay/lid_cam_ws/src/rel_vel' returned '0': CONDA_PROMPT_MODIFIER=(base) PYTHONPATH=/home/anthony/lidar_camera_overlay/lid_cam_ws/build/rel_vel/prefix_override:/home/anthony/lidar_camera_overlay/lid_cam_ws/install/rel_vel/lib/python3.8/site-packages:${PYTHONPATH} /usr/bin/python3 setup.py egg_info --egg-base ../../build/rel_vel build --build-base /home/anthony/lidar_camera_overlay/lid_cam_ws/build/rel_vel/build install --record /home/anthony/lidar_camera_overlay/lid_cam_ws/build/rel_vel/install.log --install-scripts $base/lib/rel_vel --single-version-externally-managed
[2.141s] Level 1:colcon.colcon_core.environment:checking '/home/anthony/lidar_camera_overlay/lid_cam_ws/install/rel_vel/bin'
[2.141s] Level 1:colcon.colcon_core.environment:create_environment_scripts_only(rel_vel)
[2.143s] INFO:colcon.colcon_core.shell:Creating package script '/home/anthony/lidar_camera_overlay/lid_cam_ws/install/rel_vel/share/rel_vel/package.ps1'
[2.143s] INFO:colcon.colcon_core.shell:Creating package descriptor '/home/anthony/lidar_camera_overlay/lid_cam_ws/install/rel_vel/share/rel_vel/package.dsv'
[2.144s] INFO:colcon.colcon_core.shell:Creating package script '/home/anthony/lidar_camera_overlay/lid_cam_ws/install/rel_vel/share/rel_vel/package.sh'
[2.144s] INFO:colcon.colcon_core.shell:Creating package script '/home/anthony/lidar_camera_overlay/lid_cam_ws/install/rel_vel/share/rel_vel/package.bash'
[2.145s] INFO:colcon.colcon_core.shell:Creating package script '/home/anthony/lidar_camera_overlay/lid_cam_ws/install/rel_vel/share/rel_vel/package.zsh'
[2.145s] Level 1:colcon.colcon_core.environment:create_file_with_runtime_dependencies(/home/anthony/lidar_camera_overlay/lid_cam_ws/install/rel_vel/share/colcon-core/packages/rel_vel)
[4.296s] DEBUG:colcon.colcon_core.event_handler.log_command:Invoked command in '/home/anthony/lidar_camera_overlay/lid_cam_ws/build/custom_interfaces' returned '0': CMAKE_PREFIX_PATH=${CMAKE_PREFIX_PATH}:/home/anthony/lidar_camera_overlay/lid_cam_ws/install/rel_vel:/home/anthony/lidar_camera_overlay/lid_cam_ws/install/lid_cam_calib:/home/anthony/lidar_camera_overlay/lid_cam_ws/install/ip_parser:/opt/ros/foxy CONDA_PROMPT_MODIFIER=(base) /usr/bin/cmake /home/anthony/lidar_camera_overlay/lid_cam_ws/src/custom_interfaces -DCMAKE_INSTALL_PREFIX=/home/anthony/lidar_camera_overlay/lid_cam_ws/install/custom_interfaces
[4.301s] DEBUG:colcon.colcon_core.event_handler.log_command:Invoking command in '/home/anthony/lidar_camera_overlay/lid_cam_ws/build/custom_interfaces': CMAKE_PREFIX_PATH=${CMAKE_PREFIX_PATH}:/home/anthony/lidar_camera_overlay/lid_cam_ws/install/rel_vel:/home/anthony/lidar_camera_overlay/lid_cam_ws/install/lid_cam_calib:/home/anthony/lidar_camera_overlay/lid_cam_ws/install/ip_parser:/opt/ros/foxy CONDA_PROMPT_MODIFIER=(base) /usr/bin/cmake --build /home/anthony/lidar_camera_overlay/lid_cam_ws/build/custom_interfaces -- -j16 -l16
[4.895s] DEBUG:colcon.colcon_core.event_handler.log_command:Invoked command in '/home/anthony/lidar_camera_overlay/lid_cam_ws/build/custom_interfaces' returned '0': CMAKE_PREFIX_PATH=${CMAKE_PREFIX_PATH}:/home/anthony/lidar_camera_overlay/lid_cam_ws/install/rel_vel:/home/anthony/lidar_camera_overlay/lid_cam_ws/install/lid_cam_calib:/home/anthony/lidar_camera_overlay/lid_cam_ws/install/ip_parser:/opt/ros/foxy CONDA_PROMPT_MODIFIER=(base) /usr/bin/cmake --build /home/anthony/lidar_camera_overlay/lid_cam_ws/build/custom_interfaces -- -j16 -l16
[4.963s] DEBUG:colcon.colcon_core.event_handler.log_command:Invoking command in '/home/anthony/lidar_camera_overlay/lid_cam_ws/build/custom_interfaces': CMAKE_PREFIX_PATH=${CMAKE_PREFIX_PATH}:/home/anthony/lidar_camera_overlay/lid_cam_ws/install/rel_vel:/home/anthony/lidar_camera_overlay/lid_cam_ws/install/lid_cam_calib:/home/anthony/lidar_camera_overlay/lid_cam_ws/install/ip_parser:/opt/ros/foxy CONDA_PROMPT_MODIFIER=(base) /usr/bin/cmake --install /home/anthony/lidar_camera_overlay/lid_cam_ws/build/custom_interfaces
[4.983s] Level 1:colcon.colcon_core.environment:create_environment_scripts_only(custom_interfaces)
[4.986s] Level 1:colcon.colcon_core.environment:checking '/home/anthony/lidar_camera_overlay/lid_cam_ws/install/custom_interfaces' for CMake module files
[4.987s] DEBUG:colcon.colcon_core.event_handler.log_command:Invoked command in '/home/anthony/lidar_camera_overlay/lid_cam_ws/build/custom_interfaces' returned '0': CMAKE_PREFIX_PATH=${CMAKE_PREFIX_PATH}:/home/anthony/lidar_camera_overlay/lid_cam_ws/install/rel_vel:/home/anthony/lidar_camera_overlay/lid_cam_ws/install/lid_cam_calib:/home/anthony/lidar_camera_overlay/lid_cam_ws/install/ip_parser:/opt/ros/foxy CONDA_PROMPT_MODIFIER=(base) /usr/bin/cmake --install /home/anthony/lidar_camera_overlay/lid_cam_ws/build/custom_interfaces
[4.988s] Level 1:colcon.colcon_core.environment:checking '/home/anthony/lidar_camera_overlay/lid_cam_ws/install/custom_interfaces' for CMake config files
[4.988s] Level 1:colcon.colcon_core.shell:create_environment_hook('custom_interfaces', 'cmake_prefix_path')
[4.990s] INFO:colcon.colcon_core.shell:Creating environment hook '/home/anthony/lidar_camera_overlay/lid_cam_ws/install/custom_interfaces/share/custom_interfaces/hook/cmake_prefix_path.ps1'
[4.992s] INFO:colcon.colcon_core.shell:Creating environment descriptor '/home/anthony/lidar_camera_overlay/lid_cam_ws/install/custom_interfaces/share/custom_interfaces/hook/cmake_prefix_path.dsv'
[4.993s] INFO:colcon.colcon_core.shell:Creating environment hook '/home/anthony/lidar_camera_overlay/lid_cam_ws/install/custom_interfaces/share/custom_interfaces/hook/cmake_prefix_path.sh'
[4.993s] Level 1:colcon.colcon_core.environment:checking '/home/anthony/lidar_camera_overlay/lid_cam_ws/install/custom_interfaces/lib'
[4.994s] Level 1:colcon.colcon_core.environment:checking '/home/anthony/lidar_camera_overlay/lid_cam_ws/install/custom_interfaces/bin'
[4.994s] Level 1:colcon.colcon_core.environment:checking '/home/anthony/lidar_camera_overlay/lid_cam_ws/install/custom_interfaces/lib/pkgconfig/custom_interfaces.pc'
[4.994s] Level 1:colcon.colcon_core.environment:checking '/home/anthony/lidar_camera_overlay/lid_cam_ws/install/custom_interfaces/lib/python3.8/site-packages'
[4.994s] Level 1:colcon.colcon_core.environment:checking '/home/anthony/lidar_camera_overlay/lid_cam_ws/install/custom_interfaces/bin'
[4.996s] INFO:colcon.colcon_core.shell:Creating package script '/home/anthony/lidar_camera_overlay/lid_cam_ws/install/custom_interfaces/share/custom_interfaces/package.ps1'
[4.996s] INFO:colcon.colcon_core.shell:Creating package descriptor '/home/anthony/lidar_camera_overlay/lid_cam_ws/install/custom_interfaces/share/custom_interfaces/package.dsv'
[4.997s] INFO:colcon.colcon_core.shell:Creating package script '/home/anthony/lidar_camera_overlay/lid_cam_ws/install/custom_interfaces/share/custom_interfaces/package.sh'
[4.997s] INFO:colcon.colcon_core.shell:Creating package script '/home/anthony/lidar_camera_overlay/lid_cam_ws/install/custom_interfaces/share/custom_interfaces/package.bash'
[4.997s] INFO:colcon.colcon_core.shell:Creating package script '/home/anthony/lidar_camera_overlay/lid_cam_ws/install/custom_interfaces/share/custom_interfaces/package.zsh'
[4.998s] Level 1:colcon.colcon_core.environment:create_file_with_runtime_dependencies(/home/anthony/lidar_camera_overlay/lid_cam_ws/install/custom_interfaces/share/colcon-core/packages/custom_interfaces)
[5.033s] Level 1:colcon.colcon_core.environment:create_environment_scripts_only(custom_interfaces)
[5.035s] Level 1:colcon.colcon_core.environment:checking '/home/anthony/lidar_camera_overlay/lid_cam_ws/install/custom_interfaces' for CMake module files
[5.036s] Level 1:colcon.colcon_core.environment:checking '/home/anthony/lidar_camera_overlay/lid_cam_ws/install/custom_interfaces' for CMake config files
[5.036s] Level 1:colcon.colcon_core.shell:create_environment_hook('custom_interfaces', 'cmake_prefix_path')
[5.038s] INFO:colcon.colcon_core.shell:Creating environment hook '/home/anthony/lidar_camera_overlay/lid_cam_ws/install/custom_interfaces/share/custom_interfaces/hook/cmake_prefix_path.ps1'
[5.040s] INFO:colcon.colcon_core.shell:Creating environment descriptor '/home/anthony/lidar_camera_overlay/lid_cam_ws/install/custom_interfaces/share/custom_interfaces/hook/cmake_prefix_path.dsv'
[5.040s] INFO:colcon.colcon_core.shell:Creating environment hook '/home/anthony/lidar_camera_overlay/lid_cam_ws/install/custom_interfaces/share/custom_interfaces/hook/cmake_prefix_path.sh'
[5.041s] Level 1:colcon.colcon_core.environment:checking '/home/anthony/lidar_camera_overlay/lid_cam_ws/install/custom_interfaces/lib'
[5.041s] Level 1:colcon.colcon_core.environment:checking '/home/anthony/lidar_camera_overlay/lid_cam_ws/install/custom_interfaces/bin'
[5.041s] Level 1:colcon.colcon_core.environment:checking '/home/anthony/lidar_camera_overlay/lid_cam_ws/install/custom_interfaces/lib/pkgconfig/custom_interfaces.pc'
[5.042s] Level 1:colcon.colcon_core.environment:checking '/home/anthony/lidar_camera_overlay/lid_cam_ws/install/custom_interfaces/lib/python3.8/site-packages'
[5.042s] Level 1:colcon.colcon_core.environment:checking '/home/anthony/lidar_camera_overlay/lid_cam_ws/install/custom_interfaces/bin'
[5.043s] INFO:colcon.colcon_core.shell:Creating package script '/home/anthony/lidar_camera_overlay/lid_cam_ws/install/custom_interfaces/share/custom_interfaces/package.ps1'
[5.044s] INFO:colcon.colcon_core.shell:Creating package descriptor '/home/anthony/lidar_camera_overlay/lid_cam_ws/install/custom_interfaces/share/custom_interfaces/package.dsv'
[5.045s] INFO:colcon.colcon_core.shell:Creating package script '/home/anthony/lidar_camera_overlay/lid_cam_ws/install/custom_interfaces/share/custom_interfaces/package.sh'
[5.045s] INFO:colcon.colcon_core.shell:Creating package script '/home/anthony/lidar_camera_overlay/lid_cam_ws/install/custom_interfaces/share/custom_interfaces/package.bash'
[5.046s] INFO:colcon.colcon_core.shell:Creating package script '/home/anthony/lidar_camera_overlay/lid_cam_ws/install/custom_interfaces/share/custom_interfaces/package.zsh'
[5.047s] Level 1:colcon.colcon_core.environment:create_file_with_runtime_dependencies(/home/anthony/lidar_camera_overlay/lid_cam_ws/install/custom_interfaces/share/colcon-core/packages/custom_interfaces)
[18.348s] DEBUG:colcon.colcon_core.event_handler.log_command:Invoked command in '/home/anthony/lidar_camera_overlay/lid_cam_ws/build/rectify' returned '0': CMAKE_PREFIX_PATH=${CMAKE_PREFIX_PATH}:/home/anthony/lidar_camera_overlay/lid_cam_ws/install/rel_vel:/home/anthony/lidar_camera_overlay/lid_cam_ws/install/lid_cam_calib:/home/anthony/lidar_camera_overlay/lid_cam_ws/install/ip_parser:/opt/ros/foxy CONDA_PROMPT_MODIFIER=(base) /usr/bin/cmake /home/anthony/lidar_camera_overlay/lid_cam_ws/src/rectify -DCMAKE_INSTALL_PREFIX=/home/anthony/lidar_camera_overlay/lid_cam_ws/install/rectify
[18.349s] DEBUG:colcon.colcon_core.event_handler.log_command:Invoking command in '/home/anthony/lidar_camera_overlay/lid_cam_ws/build/rectify': CMAKE_PREFIX_PATH=${CMAKE_PREFIX_PATH}:/home/anthony/lidar_camera_overlay/lid_cam_ws/install/rel_vel:/home/anthony/lidar_camera_overlay/lid_cam_ws/install/lid_cam_calib:/home/anthony/lidar_camera_overlay/lid_cam_ws/install/ip_parser:/opt/ros/foxy CONDA_PROMPT_MODIFIER=(base) /usr/bin/cmake --build /home/anthony/lidar_camera_overlay/lid_cam_ws/build/rectify -- -j16 -l16
[26.010s] DEBUG:colcon.colcon_core.event_handler.log_command:Invoked command in '/home/anthony/lidar_camera_overlay/lid_cam_ws/build/rectify' returned '0': CMAKE_PREFIX_PATH=${CMAKE_PREFIX_PATH}:/home/anthony/lidar_camera_overlay/lid_cam_ws/install/rel_vel:/home/anthony/lidar_camera_overlay/lid_cam_ws/install/lid_cam_calib:/home/anthony/lidar_camera_overlay/lid_cam_ws/install/ip_parser:/opt/ros/foxy CONDA_PROMPT_MODIFIER=(base) /usr/bin/cmake --build /home/anthony/lidar_camera_overlay/lid_cam_ws/build/rectify -- -j16 -l16
[26.040s] DEBUG:colcon.colcon_core.event_handler.log_command:Invoking command in '/home/anthony/lidar_camera_overlay/lid_cam_ws/build/rectify': CMAKE_PREFIX_PATH=${CMAKE_PREFIX_PATH}:/home/anthony/lidar_camera_overlay/lid_cam_ws/install/rel_vel:/home/anthony/lidar_camera_overlay/lid_cam_ws/install/lid_cam_calib:/home/anthony/lidar_camera_overlay/lid_cam_ws/install/ip_parser:/opt/ros/foxy CONDA_PROMPT_MODIFIER=(base) /usr/bin/cmake --install /home/anthony/lidar_camera_overlay/lid_cam_ws/build/rectify
[26.066s] Level 1:colcon.colcon_core.environment:create_environment_scripts_only(rectify)
[26.069s] Level 1:colcon.colcon_core.environment:checking '/home/anthony/lidar_camera_overlay/lid_cam_ws/install/rectify' for CMake module files
[26.071s] DEBUG:colcon.colcon_core.event_handler.log_command:Invoked command in '/home/anthony/lidar_camera_overlay/lid_cam_ws/build/rectify' returned '0': CMAKE_PREFIX_PATH=${CMAKE_PREFIX_PATH}:/home/anthony/lidar_camera_overlay/lid_cam_ws/install/rel_vel:/home/anthony/lidar_camera_overlay/lid_cam_ws/install/lid_cam_calib:/home/anthony/lidar_camera_overlay/lid_cam_ws/install/ip_parser:/opt/ros/foxy CONDA_PROMPT_MODIFIER=(base) /usr/bin/cmake --install /home/anthony/lidar_camera_overlay/lid_cam_ws/build/rectify
[26.071s] Level 1:colcon.colcon_core.environment:checking '/home/anthony/lidar_camera_overlay/lid_cam_ws/install/rectify' for CMake config files
[26.072s] Level 1:colcon.colcon_core.shell:create_environment_hook('rectify', 'cmake_prefix_path')
[26.074s] INFO:colcon.colcon_core.shell:Creating environment hook '/home/anthony/lidar_camera_overlay/lid_cam_ws/install/rectify/share/rectify/hook/cmake_prefix_path.ps1'
[26.076s] INFO:colcon.colcon_core.shell:Creating environment descriptor '/home/anthony/lidar_camera_overlay/lid_cam_ws/install/rectify/share/rectify/hook/cmake_prefix_path.dsv'
[26.076s] INFO:colcon.colcon_core.shell:Creating environment hook '/home/anthony/lidar_camera_overlay/lid_cam_ws/install/rectify/share/rectify/hook/cmake_prefix_path.sh'
[26.077s] Level 1:colcon.colcon_core.environment:checking '/home/anthony/lidar_camera_overlay/lid_cam_ws/install/rectify/lib'
[26.077s] Level 1:colcon.colcon_core.environment:checking '/home/anthony/lidar_camera_overlay/lid_cam_ws/install/rectify/bin'
[26.077s] Level 1:colcon.colcon_core.environment:checking '/home/anthony/lidar_camera_overlay/lid_cam_ws/install/rectify/lib/pkgconfig/rectify.pc'
[26.078s] Level 1:colcon.colcon_core.environment:checking '/home/anthony/lidar_camera_overlay/lid_cam_ws/install/rectify/lib/python3.8/site-packages'
[26.078s] Level 1:colcon.colcon_core.environment:checking '/home/anthony/lidar_camera_overlay/lid_cam_ws/install/rectify/bin'
[26.080s] INFO:colcon.colcon_core.shell:Creating package script '/home/anthony/lidar_camera_overlay/lid_cam_ws/install/rectify/share/rectify/package.ps1'
[26.081s] INFO:colcon.colcon_core.shell:Creating package descriptor '/home/anthony/lidar_camera_overlay/lid_cam_ws/install/rectify/share/rectify/package.dsv'
[26.081s] INFO:colcon.colcon_core.shell:Creating package script '/home/anthony/lidar_camera_overlay/lid_cam_ws/install/rectify/share/rectify/package.sh'
[26.082s] INFO:colcon.colcon_core.shell:Creating package script '/home/anthony/lidar_camera_overlay/lid_cam_ws/install/rectify/share/rectify/package.bash'
[26.082s] INFO:colcon.colcon_core.shell:Creating package script '/home/anthony/lidar_camera_overlay/lid_cam_ws/install/rectify/share/rectify/package.zsh'
[26.083s] Level 1:colcon.colcon_core.environment:create_file_with_runtime_dependencies(/home/anthony/lidar_camera_overlay/lid_cam_ws/install/rectify/share/colcon-core/packages/rectify)
[26.132s] Level 1:colcon.colcon_core.environment:create_environment_scripts_only(rectify)
[26.136s] Level 1:colcon.colcon_core.environment:checking '/home/anthony/lidar_camera_overlay/lid_cam_ws/install/rectify' for CMake module files
[26.136s] Level 1:colcon.colcon_core.environment:checking '/home/anthony/lidar_camera_overlay/lid_cam_ws/install/rectify' for CMake config files
[26.137s] Level 1:colcon.colcon_core.shell:create_environment_hook('rectify', 'cmake_prefix_path')
[26.138s] INFO:colcon.colcon_core.shell:Creating environment hook '/home/anthony/lidar_camera_overlay/lid_cam_ws/install/rectify/share/rectify/hook/cmake_prefix_path.ps1'
[26.139s] INFO:colcon.colcon_core.shell:Creating environment descriptor '/home/anthony/lidar_camera_overlay/lid_cam_ws/install/rectify/share/rectify/hook/cmake_prefix_path.dsv'
[26.139s] INFO:colcon.colcon_core.shell:Creating environment hook '/home/anthony/lidar_camera_overlay/lid_cam_ws/install/rectify/share/rectify/hook/cmake_prefix_path.sh'
[26.140s] Level 1:colcon.colcon_core.environment:checking '/home/anthony/lidar_camera_overlay/lid_cam_ws/install/rectify/lib'
[26.140s] Level 1:colcon.colcon_core.environment:checking '/home/anthony/lidar_camera_overlay/lid_cam_ws/install/rectify/bin'
[26.140s] Level 1:colcon.colcon_core.environment:checking '/home/anthony/lidar_camera_overlay/lid_cam_ws/install/rectify/lib/pkgconfig/rectify.pc'
[26.141s] Level 1:colcon.colcon_core.environment:checking '/home/anthony/lidar_camera_overlay/lid_cam_ws/install/rectify/lib/python3.8/site-packages'
[26.141s] Level 1:colcon.colcon_core.environment:checking '/home/anthony/lidar_camera_overlay/lid_cam_ws/install/rectify/bin'
[26.143s] INFO:colcon.colcon_core.shell:Creating package script '/home/anthony/lidar_camera_overlay/lid_cam_ws/install/rectify/share/rectify/package.ps1'
[26.143s] INFO:colcon.colcon_core.shell:Creating package descriptor '/home/anthony/lidar_camera_overlay/lid_cam_ws/install/rectify/share/rectify/package.dsv'
[26.144s] INFO:colcon.colcon_core.shell:Creating package script '/home/anthony/lidar_camera_overlay/lid_cam_ws/install/rectify/share/rectify/package.sh'
[26.144s] INFO:colcon.colcon_core.shell:Creating package script '/home/anthony/lidar_camera_overlay/lid_cam_ws/install/rectify/share/rectify/package.bash'
[26.144s] INFO:colcon.colcon_core.shell:Creating package script '/home/anthony/lidar_camera_overlay/lid_cam_ws/install/rectify/share/rectify/package.zsh'
[26.145s] Level 1:colcon.colcon_core.environment:create_file_with_runtime_dependencies(/home/anthony/lidar_camera_overlay/lid_cam_ws/install/rectify/share/colcon-core/packages/rectify)
[26.145s] DEBUG:colcon.colcon_parallel_executor.executor.parallel:closing loop
[26.145s] DEBUG:colcon.colcon_parallel_executor.executor.parallel:loop closed
[26.145s] DEBUG:colcon.colcon_parallel_executor.executor.parallel:run_until_complete finished with '0'
[26.146s] DEBUG:colcon.colcon_core.event_reactor:joining thread
[26.281s] INFO:colcon.colcon_core.plugin_system:Skipping extension 'colcon_notification.desktop_notification.notify_send': Could not find 'notify-send'
[26.281s] INFO:colcon.colcon_core.plugin_system:Skipping extension 'colcon_notification.desktop_notification.terminal_notifier': Not used on non-Darwin systems
[26.281s] INFO:colcon.colcon_core.plugin_system:Skipping extension 'colcon_notification.desktop_notification.win32': Not used on non-Windows systems
[26.281s] INFO:colcon.colcon_notification.desktop_notification:Sending desktop notification using 'notify2'
[26.289s] DEBUG:colcon.colcon_notification.desktop_notification.notify2:Failed to initialize notify2: org.freedesktop.DBus.Error.ServiceUnknown: The name org.freedesktop.Notifications was not provided by any .service files
[26.290s] DEBUG:colcon.colcon_core.event_reactor:joined thread
[26.292s] INFO:colcon.colcon_core.shell:Creating prefix script '/home/anthony/lidar_camera_overlay/lid_cam_ws/install/local_setup.ps1'
[26.294s] INFO:colcon.colcon_core.shell:Creating prefix util module '/home/anthony/lidar_camera_overlay/lid_cam_ws/install/_local_setup_util_ps1.py'
[26.295s] INFO:colcon.colcon_core.shell:Creating prefix chain script '/home/anthony/lidar_camera_overlay/lid_cam_ws/install/setup.ps1'
[26.297s] INFO:colcon.colcon_core.shell:Creating prefix script '/home/anthony/lidar_camera_overlay/lid_cam_ws/install/local_setup.sh'
[26.298s] INFO:colcon.colcon_core.shell:Creating prefix util module '/home/anthony/lidar_camera_overlay/lid_cam_ws/install/_local_setup_util_sh.py'
[26.298s] INFO:colcon.colcon_core.shell:Creating prefix chain script '/home/anthony/lidar_camera_overlay/lid_cam_ws/install/setup.sh'
[26.301s] INFO:colcon.colcon_core.shell:Creating prefix script '/home/anthony/lidar_camera_overlay/lid_cam_ws/install/local_setup.bash'
[26.301s] INFO:colcon.colcon_core.shell:Creating prefix chain script '/home/anthony/lidar_camera_overlay/lid_cam_ws/install/setup.bash'
[26.303s] INFO:colcon.colcon_core.shell:Creating prefix script '/home/anthony/lidar_camera_overlay/lid_cam_ws/install/local_setup.zsh'
[26.303s] INFO:colcon.colcon_core.shell:Creating prefix chain script '/home/anthony/lidar_camera_overlay/lid_cam_ws/install/setup.zsh'
