[0.625s] Invoking command in '/home/anthony/lidar_camera_overlay/lid_cam_ws/build/rectify': CMAKE_PREFIX_PATH=${CMAKE_PREFIX_PATH}:/home/anthony/lidar_camera_overlay/lid_cam_ws/install/rel_vel:/home/anthony/lidar_camera_overlay/lid_cam_ws/install/lid_cam_calib:/home/anthony/lidar_camera_overlay/lid_cam_ws/install/ip_parser:/opt/ros/foxy CONDA_PROMPT_MODIFIER=(base) /usr/bin/cmake --build /home/anthony/lidar_camera_overlay/lid_cam_ws/build/rectify -- -j16 -l16
[0.890s] [100%] Built target image_rectifier
[0.893s] Invoked command in '/home/anthony/lidar_camera_overlay/lid_cam_ws/build/rectify' returned '0': CMAKE_PREFIX_PATH=${CMAKE_PREFIX_PATH}:/home/anthony/lidar_camera_overlay/lid_cam_ws/install/rel_vel:/home/anthony/lidar_camera_overlay/lid_cam_ws/install/lid_cam_calib:/home/anthony/lidar_camera_overlay/lid_cam_ws/install/ip_parser:/opt/ros/foxy CONDA_PROMPT_MODIFIER=(base) /usr/bin/cmake --build /home/anthony/lidar_camera_overlay/lid_cam_ws/build/rectify -- -j16 -l16
[0.956s] Invoking command in '/home/anthony/lidar_camera_overlay/lid_cam_ws/build/rectify': CMAKE_PREFIX_PATH=${CMAKE_PREFIX_PATH}:/home/anthony/lidar_camera_overlay/lid_cam_ws/install/rel_vel:/home/anthony/lidar_camera_overlay/lid_cam_ws/install/lid_cam_calib:/home/anthony/lidar_camera_overlay/lid_cam_ws/install/ip_parser:/opt/ros/foxy CONDA_PROMPT_MODIFIER=(base) /usr/bin/cmake --install /home/anthony/lidar_camera_overlay/lid_cam_ws/build/rectify
[0.980s] -- Install configuration: ""
[0.982s] -- Up-to-date: /home/anthony/lidar_camera_overlay/lid_cam_ws/install/rectify/lib/rectify/image_rectifier
[0.983s] -- Up-to-date: /home/anthony/lidar_camera_overlay/lid_cam_ws/install/rectify/share/ament_index/resource_index/package_run_dependencies/rectify
[0.984s] -- Up-to-date: /home/anthony/lidar_camera_overlay/lid_cam_ws/install/rectify/share/ament_index/resource_index/parent_prefix_path/rectify
[0.984s] -- Up-to-date: /home/anthony/lidar_camera_overlay/lid_cam_ws/install/rectify/share/rectify/environment/ament_prefix_path.sh
[0.984s] -- Up-to-date: /home/anthony/lidar_camera_overlay/lid_cam_ws/install/rectify/share/rectify/environment/ament_prefix_path.dsv
[0.984s] -- Up-to-date: /home/anthony/lidar_camera_overlay/lid_cam_ws/install/rectify/share/rectify/environment/path.sh
[0.984s] -- Up-to-date: /home/anthony/lidar_camera_overlay/lid_cam_ws/install/rectify/share/rectify/environment/path.dsv
[0.985s] -- Up-to-date: /home/anthony/lidar_camera_overlay/lid_cam_ws/install/rectify/share/rectify/local_setup.bash
[0.985s] -- Up-to-date: /home/anthony/lidar_camera_overlay/lid_cam_ws/install/rectify/share/rectify/local_setup.sh
[0.985s] -- Up-to-date: /home/anthony/lidar_camera_overlay/lid_cam_ws/install/rectify/share/rectify/local_setup.zsh
[0.985s] -- Up-to-date: /home/anthony/lidar_camera_overlay/lid_cam_ws/install/rectify/share/rectify/local_setup.dsv
[0.985s] -- Installing: /home/anthony/lidar_camera_overlay/lid_cam_ws/install/rectify/share/rectify/package.dsv
[0.985s] -- Up-to-date: /home/anthony/lidar_camera_overlay/lid_cam_ws/install/rectify/share/ament_index/resource_index/packages/rectify
[0.985s] -- Up-to-date: /home/anthony/lidar_camera_overlay/lid_cam_ws/install/rectify/share/rectify/cmake/rectifyConfig.cmake
[0.985s] -- Up-to-date: /home/anthony/lidar_camera_overlay/lid_cam_ws/install/rectify/share/rectify/cmake/rectifyConfig-version.cmake
[0.985s] -- Up-to-date: /home/anthony/lidar_camera_overlay/lid_cam_ws/install/rectify/share/rectify/package.xml
[1.053s] Invoked command in '/home/anthony/lidar_camera_overlay/lid_cam_ws/build/rectify' returned '0': CMAKE_PREFIX_PATH=${CMAKE_PREFIX_PATH}:/home/anthony/lidar_camera_overlay/lid_cam_ws/install/rel_vel:/home/anthony/lidar_camera_overlay/lid_cam_ws/install/lid_cam_calib:/home/anthony/lidar_camera_overlay/lid_cam_ws/install/ip_parser:/opt/ros/foxy CONDA_PROMPT_MODIFIER=(base) /usr/bin/cmake --install /home/anthony/lidar_camera_overlay/lid_cam_ws/build/rectify
