[0.772s] Invoking command in '/home/anthony/lidar_camera_overlay/lid_cam_ws/build/lid_cam_calib': CONDA_PROMPT_MODIFIER=(base) PYTHONPATH=/home/anthony/lidar_camera_overlay/lid_cam_ws/build/lid_cam_calib/prefix_override:/home/anthony/lidar_camera_overlay/lid_cam_ws/install/lid_cam_calib/lib/python3.8/site-packages:${PYTHONPATH} /usr/bin/python3 setup.py develop --editable --build-directory /home/anthony/lidar_camera_overlay/lid_cam_ws/build/lid_cam_calib/build --no-deps install_data
[0.972s] running develop
[1.078s] running egg_info
[1.078s] writing lid_cam_calib.egg-info/PKG-INFO
[1.079s] writing dependency_links to lid_cam_calib.egg-info/dependency_links.txt
[1.079s] writing entry points to lid_cam_calib.egg-info/entry_points.txt
[1.079s] writing requirements to lid_cam_calib.egg-info/requires.txt
[1.079s] writing top-level names to lid_cam_calib.egg-info/top_level.txt
[1.104s] reading manifest file 'lid_cam_calib.egg-info/SOURCES.txt'
[1.105s] writing manifest file 'lid_cam_calib.egg-info/SOURCES.txt'
[1.135s] running build_ext
[1.138s] Creating /home/anthony/lidar_camera_overlay/lid_cam_ws/install/lid_cam_calib/lib/python3.8/site-packages/site.py
[1.140s] Creating /home/anthony/lidar_camera_overlay/lid_cam_ws/install/lid_cam_calib/lib/python3.8/site-packages/lid-cam-calib.egg-link (link to .)
[1.141s] Installing cepTime script to /home/anthony/lidar_camera_overlay/lid_cam_ws/install/lid_cam_calib/lib/lid_cam_calib
[1.142s] Installing frame_save script to /home/anthony/lidar_camera_overlay/lid_cam_ws/install/lid_cam_calib/lib/lid_cam_calib
[1.142s] Installing lidar_lidar script to /home/anthony/lidar_camera_overlay/lid_cam_ws/install/lid_cam_calib/lib/lid_cam_calib
[1.143s] Installing rectify script to /home/anthony/lidar_camera_overlay/lid_cam_ws/install/lid_cam_calib/lib/lid_cam_calib
[1.143s] Installing timer script to /home/anthony/lidar_camera_overlay/lid_cam_ws/install/lid_cam_calib/lib/lid_cam_calib
[1.143s] 
[1.143s] Installed /home/anthony/lidar_camera_overlay/lid_cam_ws/build/lid_cam_calib
[1.143s] running install_data
[1.168s] Invoked command in '/home/anthony/lidar_camera_overlay/lid_cam_ws/build/lid_cam_calib' returned '0': CONDA_PROMPT_MODIFIER=(base) PYTHONPATH=/home/anthony/lidar_camera_overlay/lid_cam_ws/build/lid_cam_calib/prefix_override:/home/anthony/lidar_camera_overlay/lid_cam_ws/install/lid_cam_calib/lib/python3.8/site-packages:${PYTHONPATH} /usr/bin/python3 setup.py develop --editable --build-directory /home/anthony/lidar_camera_overlay/lid_cam_ws/build/lid_cam_calib/build --no-deps install_data
