-- The C compiler identification is GNU 9.4.0
-- The CXX compiler identification is GNU 9.4.0
-- Check for working C compiler: /usr/bin/cc
-- Check for working C compiler: /usr/bin/cc -- works
-- Detecting C compiler ABI info
-- Detecting C compiler ABI info - done
-- Detecting C compile features
-- Detecting C compile features - done
-- Check for working CXX compiler: /usr/bin/c++
-- Check for working CXX compiler: /usr/bin/c++ -- works
-- Detecting CXX compiler ABI info
-- Detecting CXX compiler ABI info - done
-- Detecting CXX compile features
-- Detecting CXX compile features - done
-- Found ament_cmake: 0.9.12 (/opt/ros/foxy/share/ament_cmake/cmake)
-- Found PythonInterp: /home/anthony/miniconda3/bin/python3 (found suitable version "3.10.8", minimum required is "3") 
-- Using PYTHON_EXECUTABLE: /home/anthony/miniconda3/bin/python3
-- Found ament_lint_auto: 0.9.8 (/opt/ros/foxy/share/ament_lint_auto/cmake)
-- Added test 'copyright' to check source files copyright and LICENSE
-- Added test 'cppcheck' to perform static code analysis on C / C++ code
-- Configured cppcheck include dirs: $<BUILD_INTERFACE:/home/anthony/lidar_camera_overlay/lid_cam_ws/src/custom_interfaces/include>
-- Configured cppcheck exclude dirs and/or files: 
-- Added test 'cpplint' to check C / C++ code against the Google style
-- Configured cpplint exclude dirs and/or files: 
-- Added test 'lint_cmake' to check CMake code style
-- Added test 'uncrustify' to check C / C++ code style
-- Configured uncrustify additional arguments: 
-- Added test 'xmllint' to check XML markup files
-- Configuring done
-- Generating done
-- Build files have been written to: /home/anthony/lidar_camera_overlay/lid_cam_ws/build/custom_interfaces
[35m[1mScanning dependencies of target custom_interfaces[0m
[ 50%] [32mBuilding CXX object CMakeFiles/custom_interfaces.dir/src/custom_interfaces.cpp.o[0m
[100%] [32m[1mLinking CXX executable custom_interfaces[0m
[100%] Built target custom_interfaces
-- Install configuration: ""
-- Installing: /home/anthony/lidar_camera_overlay/lid_cam_ws/install/custom_interfaces/lib/custom_interfaces/custom_interfaces
-- Installing: /home/anthony/lidar_camera_overlay/lid_cam_ws/install/custom_interfaces/share/ament_index/resource_index/package_run_dependencies/custom_interfaces
-- Installing: /home/anthony/lidar_camera_overlay/lid_cam_ws/install/custom_interfaces/share/ament_index/resource_index/parent_prefix_path/custom_interfaces
-- Installing: /home/anthony/lidar_camera_overlay/lid_cam_ws/install/custom_interfaces/share/custom_interfaces/environment/ament_prefix_path.sh
-- Installing: /home/anthony/lidar_camera_overlay/lid_cam_ws/install/custom_interfaces/share/custom_interfaces/environment/ament_prefix_path.dsv
-- Installing: /home/anthony/lidar_camera_overlay/lid_cam_ws/install/custom_interfaces/share/custom_interfaces/environment/path.sh
-- Installing: /home/anthony/lidar_camera_overlay/lid_cam_ws/install/custom_interfaces/share/custom_interfaces/environment/path.dsv
-- Installing: /home/anthony/lidar_camera_overlay/lid_cam_ws/install/custom_interfaces/share/custom_interfaces/local_setup.bash
-- Installing: /home/anthony/lidar_camera_overlay/lid_cam_ws/install/custom_interfaces/share/custom_interfaces/local_setup.sh
-- Installing: /home/anthony/lidar_camera_overlay/lid_cam_ws/install/custom_interfaces/share/custom_interfaces/local_setup.zsh
-- Installing: /home/anthony/lidar_camera_overlay/lid_cam_ws/install/custom_interfaces/share/custom_interfaces/local_setup.dsv
-- Installing: /home/anthony/lidar_camera_overlay/lid_cam_ws/install/custom_interfaces/share/custom_interfaces/package.dsv
-- Installing: /home/anthony/lidar_camera_overlay/lid_cam_ws/install/custom_interfaces/share/ament_index/resource_index/packages/custom_interfaces
-- Installing: /home/anthony/lidar_camera_overlay/lid_cam_ws/install/custom_interfaces/share/custom_interfaces/cmake/custom_interfacesConfig.cmake
-- Installing: /home/anthony/lidar_camera_overlay/lid_cam_ws/install/custom_interfaces/share/custom_interfaces/cmake/custom_interfacesConfig-version.cmake
-- Installing: /home/anthony/lidar_camera_overlay/lid_cam_ws/install/custom_interfaces/share/custom_interfaces/package.xml
