[0.316s] DEBUG:colcon:Command line arguments: ['/usr/bin/colcon', 'build']
[0.316s] DEBUG:colcon:Parsed command line arguments: Namespace(allow_overriding=[], ament_cmake_args=None, base_paths=['.'], build_base='build', catkin_cmake_args=None, catkin_skip_building_tests=False, cmake_args=None, cmake_clean_cache=False, cmake_clean_first=False, cmake_force_configure=False, cmake_target=None, cmake_target_skip_unavailable=False, continue_on_error=False, event_handlers=None, executor='parallel', ignore_user_meta=False, install_base='install', log_base=None, log_level=None, main=<bound method BuildVerb.main of <colcon_core.verb.build.BuildVerb object at 0x7ff70b8ca760>>, merge_install=False, metas=['./colcon.meta'], packages_above=None, packages_above_and_dependencies=None, packages_above_depth=None, packages_end=None, packages_ignore=None, packages_ignore_regex=None, packages_select=None, packages_select_build_failed=False, packages_select_by_dep=None, packages_select_regex=None, packages_select_test_failures=False, packages_skip=None, packages_skip_build_finished=False, packages_skip_by_dep=None, packages_skip_regex=None, packages_skip_test_passed=False, packages_skip_up_to=None, packages_start=None, packages_up_to=None, packages_up_to_regex=None, parallel_workers=16, paths=None, symlink_install=False, test_result_base=None, verb_extension=<colcon_core.verb.build.BuildVerb object at 0x7ff70b8ca760>, verb_name='build', verb_parser=<colcon_defaults.argument_parser.defaults.DefaultArgumentsDecorator object at 0x7ff70b8cacd0>)
[0.334s] Level 1:colcon.colcon_core.package_discovery:discover_packages(colcon_meta) check parameters
[0.334s] Level 1:colcon.colcon_core.package_discovery:discover_packages(recursive) check parameters
[0.334s] Level 1:colcon.colcon_core.package_discovery:discover_packages(ignore) check parameters
[0.334s] Level 1:colcon.colcon_core.package_discovery:discover_packages(path) check parameters
[0.334s] Level 1:colcon.colcon_core.package_discovery:discover_packages(colcon_meta) discover
[0.334s] Level 1:colcon.colcon_core.package_discovery:discover_packages(recursive) discover
[0.334s] INFO:colcon.colcon_core.package_discovery:Crawling recursively for packages in '/home/anthony/workspaces/lid_cam_ws/src/rectify'
[0.334s] Level 1:colcon.colcon_core.package_identification:_identify(.) by extensions ['ignore', 'ignore_ament_install']
[0.334s] Level 1:colcon.colcon_core.package_identification:_identify(.) by extension 'ignore'
[0.334s] Level 1:colcon.colcon_core.package_identification:_identify(.) by extension 'ignore_ament_install'
[0.334s] Level 1:colcon.colcon_core.package_identification:_identify(.) by extensions ['colcon_pkg']
[0.334s] Level 1:colcon.colcon_core.package_identification:_identify(.) by extension 'colcon_pkg'
[0.334s] Level 1:colcon.colcon_core.package_identification:_identify(.) by extensions ['colcon_meta']
[0.334s] Level 1:colcon.colcon_core.package_identification:_identify(.) by extension 'colcon_meta'
[0.334s] Level 1:colcon.colcon_core.package_identification:_identify(.) by extensions ['ros']
[0.334s] Level 1:colcon.colcon_core.package_identification:_identify(.) by extension 'ros'
[0.349s] DEBUG:colcon.colcon_core.package_identification:Package '.' with type 'ros.ament_cmake' and name 'rectify'
[0.349s] Level 1:colcon.colcon_core.package_discovery:discover_packages(recursive) using defaults
[0.349s] Level 1:colcon.colcon_core.package_discovery:discover_packages(ignore) discover
[0.349s] Level 1:colcon.colcon_core.package_discovery:discover_packages(ignore) using defaults
[0.349s] Level 1:colcon.colcon_core.package_discovery:discover_packages(path) discover
[0.349s] Level 1:colcon.colcon_core.package_discovery:discover_packages(path) using defaults
[0.362s] Level 1:colcon.colcon_core.package_discovery:discover_packages(prefix_path) check parameters
[0.362s] Level 1:colcon.colcon_core.package_discovery:discover_packages(prefix_path) discover
[0.364s] DEBUG:colcon.colcon_installed_package_information.package_discovery:Found 6 installed packages in /home/anthony/workspaces/lid_cam_ws/install
[0.365s] DEBUG:colcon.colcon_installed_package_information.package_discovery:Found 302 installed packages in /opt/ros/foxy
[0.366s] Level 1:colcon.colcon_core.package_discovery:discover_packages(prefix_path) using defaults
[0.410s] Level 5:colcon.colcon_core.verb:set package 'rectify' build argument 'cmake_args' from command line to 'None'
[0.410s] Level 5:colcon.colcon_core.verb:set package 'rectify' build argument 'cmake_target' from command line to 'None'
[0.410s] Level 5:colcon.colcon_core.verb:set package 'rectify' build argument 'cmake_target_skip_unavailable' from command line to 'False'
[0.410s] Level 5:colcon.colcon_core.verb:set package 'rectify' build argument 'cmake_clean_cache' from command line to 'False'
[0.410s] Level 5:colcon.colcon_core.verb:set package 'rectify' build argument 'cmake_clean_first' from command line to 'False'
[0.410s] Level 5:colcon.colcon_core.verb:set package 'rectify' build argument 'cmake_force_configure' from command line to 'False'
[0.410s] Level 5:colcon.colcon_core.verb:set package 'rectify' build argument 'ament_cmake_args' from command line to 'None'
[0.410s] Level 5:colcon.colcon_core.verb:set package 'rectify' build argument 'catkin_cmake_args' from command line to 'None'
[0.410s] Level 5:colcon.colcon_core.verb:set package 'rectify' build argument 'catkin_skip_building_tests' from command line to 'False'
[0.410s] DEBUG:colcon.colcon_core.verb:Building package 'rectify' with the following arguments: {'ament_cmake_args': None, 'build_base': '/home/anthony/workspaces/lid_cam_ws/src/rectify/build/rectify', 'catkin_cmake_args': None, 'catkin_skip_building_tests': False, 'cmake_args': None, 'cmake_clean_cache': False, 'cmake_clean_first': False, 'cmake_force_configure': False, 'cmake_target': None, 'cmake_target_skip_unavailable': False, 'install_base': '/home/anthony/workspaces/lid_cam_ws/src/rectify/install/rectify', 'merge_install': False, 'path': '/home/anthony/workspaces/lid_cam_ws/src/rectify', 'symlink_install': False, 'test_result_base': None}
[0.411s] INFO:colcon.colcon_core.executor:Executing jobs using 'parallel' executor
[0.413s] DEBUG:colcon.colcon_parallel_executor.executor.parallel:run_until_complete
[0.413s] INFO:colcon.colcon_ros.task.ament_cmake.build:Building ROS package in '/home/anthony/workspaces/lid_cam_ws/src/rectify' with build type 'ament_cmake'
[0.413s] INFO:colcon.colcon_cmake.task.cmake.build:Building CMake package in '/home/anthony/workspaces/lid_cam_ws/src/rectify'
[0.417s] INFO:colcon.colcon_core.plugin_system:Skipping extension 'colcon_core.shell.bat': Not used on non-Windows systems
[0.417s] INFO:colcon.colcon_core.shell:Skip shell extension 'powershell' for command environment: Not usable outside of PowerShell
[0.417s] DEBUG:colcon.colcon_core.shell:Skip shell extension 'dsv' for command environment
[0.425s] DEBUG:colcon.colcon_core.event_handler.log_command:Invoking command in '/home/anthony/workspaces/lid_cam_ws/src/rectify/build/rectify': CMAKE_PREFIX_PATH=${CMAKE_PREFIX_PATH}:/home/anthony/workspaces/lid_cam_ws/install/rel_vel:/home/anthony/workspaces/lid_cam_ws/install/lid_cam_calib:/home/anthony/workspaces/lid_cam_ws/install/ip_parser:/opt/ros/foxy CONDA_PROMPT_MODIFIER=(base) /usr/bin/cmake /home/anthony/workspaces/lid_cam_ws/src/rectify -DCMAKE_INSTALL_PREFIX=/home/anthony/workspaces/lid_cam_ws/src/rectify/install/rectify
[7.685s] DEBUG:colcon.colcon_core.event_handler.log_command:Invoked command in '/home/anthony/workspaces/lid_cam_ws/src/rectify/build/rectify' returned '1': CMAKE_PREFIX_PATH=${CMAKE_PREFIX_PATH}:/home/anthony/workspaces/lid_cam_ws/install/rel_vel:/home/anthony/workspaces/lid_cam_ws/install/lid_cam_calib:/home/anthony/workspaces/lid_cam_ws/install/ip_parser:/opt/ros/foxy CONDA_PROMPT_MODIFIER=(base) /usr/bin/cmake /home/anthony/workspaces/lid_cam_ws/src/rectify -DCMAKE_INSTALL_PREFIX=/home/anthony/workspaces/lid_cam_ws/src/rectify/install/rectify
[7.695s] Level 1:colcon.colcon_core.environment:create_environment_scripts_only(rectify)
[7.699s] Level 1:colcon.colcon_core.environment:checking '/home/anthony/workspaces/lid_cam_ws/src/rectify/install/rectify' for CMake module files
[7.699s] Level 1:colcon.colcon_core.environment:checking '/home/anthony/workspaces/lid_cam_ws/src/rectify/install/rectify' for CMake config files
[7.699s] Level 1:colcon.colcon_core.environment:checking '/home/anthony/workspaces/lid_cam_ws/src/rectify/install/rectify/bin'
[7.700s] Level 1:colcon.colcon_core.environment:checking '/home/anthony/workspaces/lid_cam_ws/src/rectify/install/rectify/lib/pkgconfig/rectify.pc'
[7.700s] Level 1:colcon.colcon_core.environment:checking '/home/anthony/workspaces/lid_cam_ws/src/rectify/install/rectify/lib/python3.8/site-packages'
[7.700s] Level 1:colcon.colcon_core.environment:checking '/home/anthony/workspaces/lid_cam_ws/src/rectify/install/rectify/bin'
[7.701s] INFO:colcon.colcon_core.shell:Creating package script '/home/anthony/workspaces/lid_cam_ws/src/rectify/install/rectify/share/rectify/package.ps1'
[7.701s] INFO:colcon.colcon_core.shell:Creating package descriptor '/home/anthony/workspaces/lid_cam_ws/src/rectify/install/rectify/share/rectify/package.dsv'
[7.701s] INFO:colcon.colcon_core.shell:Creating package script '/home/anthony/workspaces/lid_cam_ws/src/rectify/install/rectify/share/rectify/package.sh'
[7.702s] INFO:colcon.colcon_core.shell:Creating package script '/home/anthony/workspaces/lid_cam_ws/src/rectify/install/rectify/share/rectify/package.bash'
[7.702s] INFO:colcon.colcon_core.shell:Creating package script '/home/anthony/workspaces/lid_cam_ws/src/rectify/install/rectify/share/rectify/package.zsh'
[7.703s] Level 1:colcon.colcon_core.environment:create_file_with_runtime_dependencies(/home/anthony/workspaces/lid_cam_ws/src/rectify/install/rectify/share/colcon-core/packages/rectify)
[7.716s] DEBUG:colcon.colcon_parallel_executor.executor.parallel:closing loop
[7.716s] DEBUG:colcon.colcon_parallel_executor.executor.parallel:loop closed
[7.716s] DEBUG:colcon.colcon_parallel_executor.executor.parallel:run_until_complete finished with '1'
[7.716s] DEBUG:colcon.colcon_core.event_reactor:joining thread
[7.788s] INFO:colcon.colcon_core.plugin_system:Skipping extension 'colcon_notification.desktop_notification.notify_send': Could not find 'notify-send'
[7.788s] INFO:colcon.colcon_core.plugin_system:Skipping extension 'colcon_notification.desktop_notification.terminal_notifier': Not used on non-Darwin systems
[7.788s] INFO:colcon.colcon_core.plugin_system:Skipping extension 'colcon_notification.desktop_notification.win32': Not used on non-Windows systems
[7.788s] INFO:colcon.colcon_notification.desktop_notification:Sending desktop notification using 'notify2'
[7.793s] DEBUG:colcon.colcon_notification.desktop_notification.notify2:Failed to initialize notify2: org.freedesktop.DBus.Error.ServiceUnknown: The name org.freedesktop.Notifications was not provided by any .service files
[7.794s] DEBUG:colcon.colcon_core.event_reactor:joined thread
[7.795s] INFO:colcon.colcon_core.shell:Creating prefix script '/home/anthony/workspaces/lid_cam_ws/src/rectify/install/local_setup.ps1'
[7.796s] INFO:colcon.colcon_core.shell:Creating prefix util module '/home/anthony/workspaces/lid_cam_ws/src/rectify/install/_local_setup_util_ps1.py'
[7.797s] INFO:colcon.colcon_core.shell:Creating prefix chain script '/home/anthony/workspaces/lid_cam_ws/src/rectify/install/setup.ps1'
[7.798s] INFO:colcon.colcon_core.shell:Creating prefix script '/home/anthony/workspaces/lid_cam_ws/src/rectify/install/local_setup.sh'
[7.798s] INFO:colcon.colcon_core.shell:Creating prefix util module '/home/anthony/workspaces/lid_cam_ws/src/rectify/install/_local_setup_util_sh.py'
[7.798s] INFO:colcon.colcon_core.shell:Creating prefix chain script '/home/anthony/workspaces/lid_cam_ws/src/rectify/install/setup.sh'
[7.799s] INFO:colcon.colcon_core.shell:Creating prefix script '/home/anthony/workspaces/lid_cam_ws/src/rectify/install/local_setup.bash'
[7.800s] INFO:colcon.colcon_core.shell:Creating prefix chain script '/home/anthony/workspaces/lid_cam_ws/src/rectify/install/setup.bash'
[7.801s] INFO:colcon.colcon_core.shell:Creating prefix script '/home/anthony/workspaces/lid_cam_ws/src/rectify/install/local_setup.zsh'
[7.801s] INFO:colcon.colcon_core.shell:Creating prefix chain script '/home/anthony/workspaces/lid_cam_ws/src/rectify/install/setup.zsh'
