[0.931s] Invoking command in '/home/anthony/lidar_camera_overlay/lid_cam_ws/src/ip_parser': CONDA_PROMPT_MODIFIER=(base) PYTHONPATH=/home/anthony/lidar_camera_overlay/lid_cam_ws/build/ip_parser/prefix_override:/home/anthony/lidar_camera_overlay/lid_cam_ws/install/ip_parser/lib/python3.8/site-packages:${PYTHONPATH} /usr/bin/python3 setup.py egg_info --egg-base ../../build/ip_parser build --build-base /home/anthony/lidar_camera_overlay/lid_cam_ws/build/ip_parser/build install --record /home/anthony/lidar_camera_overlay/lid_cam_ws/build/ip_parser/install.log --install-scripts $base/lib/ip_parser --single-version-externally-managed
[1.108s] running egg_info
[1.108s] writing ../../build/ip_parser/ip_parser.egg-info/PKG-INFO
[1.109s] writing dependency_links to ../../build/ip_parser/ip_parser.egg-info/dependency_links.txt
[1.110s] writing entry points to ../../build/ip_parser/ip_parser.egg-info/entry_points.txt
[1.110s] writing requirements to ../../build/ip_parser/ip_parser.egg-info/requires.txt
[1.110s] writing top-level names to ../../build/ip_parser/ip_parser.egg-info/top_level.txt
[1.138s] reading manifest file '../../build/ip_parser/ip_parser.egg-info/SOURCES.txt'
[1.139s] writing manifest file '../../build/ip_parser/ip_parser.egg-info/SOURCES.txt'
[1.139s] running build
[1.140s] running build_py
[1.140s] running install
[1.140s] running install_lib
[1.142s] running install_data
[1.142s] running install_egg_info
[1.144s] removing '/home/anthony/lidar_camera_overlay/lid_cam_ws/install/ip_parser/lib/python3.8/site-packages/ip_parser-0.0.0-py3.8.egg-info' (and everything under it)
[1.144s] Copying ../../build/ip_parser/ip_parser.egg-info to /home/anthony/lidar_camera_overlay/lid_cam_ws/install/ip_parser/lib/python3.8/site-packages/ip_parser-0.0.0-py3.8.egg-info
[1.145s] running install_scripts
[1.157s] Installing ip_parser script to /home/anthony/lidar_camera_overlay/lid_cam_ws/install/ip_parser/lib/ip_parser
[1.157s] writing list of installed files to '/home/anthony/lidar_camera_overlay/lid_cam_ws/build/ip_parser/install.log'
[1.181s] Invoked command in '/home/anthony/lidar_camera_overlay/lid_cam_ws/src/ip_parser' returned '0': CONDA_PROMPT_MODIFIER=(base) PYTHONPATH=/home/anthony/lidar_camera_overlay/lid_cam_ws/build/ip_parser/prefix_override:/home/anthony/lidar_camera_overlay/lid_cam_ws/install/ip_parser/lib/python3.8/site-packages:${PYTHONPATH} /usr/bin/python3 setup.py egg_info --egg-base ../../build/ip_parser build --build-base /home/anthony/lidar_camera_overlay/lid_cam_ws/build/ip_parser/build install --record /home/anthony/lidar_camera_overlay/lid_cam_ws/build/ip_parser/install.log --install-scripts $base/lib/ip_parser --single-version-externally-managed
