[0.452s] DEBUG:colcon:Command line arguments: ['/usr/bin/colcon', 'build']
[0.452s] DEBUG:colcon:Parsed command line arguments: Namespace(allow_overriding=[], ament_cmake_args=None, base_paths=['.'], build_base='build', catkin_cmake_args=None, catkin_skip_building_tests=False, cmake_args=None, cmake_clean_cache=False, cmake_clean_first=False, cmake_force_configure=False, cmake_target=None, cmake_target_skip_unavailable=False, continue_on_error=False, event_handlers=None, executor='parallel', ignore_user_meta=False, install_base='install', log_base=None, log_level=None, main=<bound method BuildVerb.main of <colcon_core.verb.build.BuildVerb object at 0x7f95b8fb3220>>, merge_install=False, metas=['./colcon.meta'], packages_above=None, packages_above_and_dependencies=None, packages_above_depth=None, packages_end=None, packages_ignore=None, packages_ignore_regex=None, packages_select=None, packages_select_build_failed=False, packages_select_by_dep=None, packages_select_regex=None, packages_select_test_failures=False, packages_skip=None, packages_skip_build_finished=False, packages_skip_by_dep=None, packages_skip_regex=None, packages_skip_test_passed=False, packages_skip_up_to=None, packages_start=None, packages_up_to=None, packages_up_to_regex=None, parallel_workers=16, paths=None, symlink_install=False, test_result_base=None, verb_extension=<colcon_core.verb.build.BuildVerb object at 0x7f95b8fb3220>, verb_name='build', verb_parser=<colcon_defaults.argument_parser.defaults.DefaultArgumentsDecorator object at 0x7f95b8fb3760>)
[0.472s] Level 1:colcon.colcon_core.package_discovery:discover_packages(colcon_meta) check parameters
[0.472s] Level 1:colcon.colcon_core.package_discovery:discover_packages(recursive) check parameters
[0.473s] Level 1:colcon.colcon_core.package_discovery:discover_packages(ignore) check parameters
[0.473s] Level 1:colcon.colcon_core.package_discovery:discover_packages(path) check parameters
[0.473s] Level 1:colcon.colcon_core.package_discovery:discover_packages(colcon_meta) discover
[0.473s] Level 1:colcon.colcon_core.package_discovery:discover_packages(recursive) discover
[0.473s] INFO:colcon.colcon_core.package_discovery:Crawling recursively for packages in '/home/anthony/lidar_camera_overlay/lid_cam_ws'
[0.473s] Level 1:colcon.colcon_core.package_identification:_identify(.) by extensions ['ignore', 'ignore_ament_install']
[0.473s] Level 1:colcon.colcon_core.package_identification:_identify(.) by extension 'ignore'
[0.473s] Level 1:colcon.colcon_core.package_identification:_identify(.) by extension 'ignore_ament_install'
[0.473s] Level 1:colcon.colcon_core.package_identification:_identify(.) by extensions ['colcon_pkg']
[0.473s] Level 1:colcon.colcon_core.package_identification:_identify(.) by extension 'colcon_pkg'
[0.473s] Level 1:colcon.colcon_core.package_identification:_identify(.) by extensions ['colcon_meta']
[0.473s] Level 1:colcon.colcon_core.package_identification:_identify(.) by extension 'colcon_meta'
[0.473s] Level 1:colcon.colcon_core.package_identification:_identify(.) by extensions ['ros']
[0.473s] Level 1:colcon.colcon_core.package_identification:_identify(.) by extension 'ros'
[0.486s] Level 1:colcon.colcon_core.package_identification:_identify(.) by extensions ['cmake', 'python']
[0.486s] Level 1:colcon.colcon_core.package_identification:_identify(.) by extension 'cmake'
[0.486s] Level 1:colcon.colcon_core.package_identification:_identify(.) by extension 'python'
[0.486s] Level 1:colcon.colcon_core.package_identification:_identify(.) by extensions ['python_setup_py']
[0.486s] Level 1:colcon.colcon_core.package_identification:_identify(.) by extension 'python_setup_py'
[0.487s] Level 1:colcon.colcon_core.package_identification:_identify(build) by extensions ['ignore', 'ignore_ament_install']
[0.487s] Level 1:colcon.colcon_core.package_identification:_identify(build) by extension 'ignore'
[0.487s] Level 1:colcon.colcon_core.package_identification:_identify(build) ignored
[0.487s] Level 1:colcon.colcon_core.package_identification:_identify(install) by extensions ['ignore', 'ignore_ament_install']
[0.487s] Level 1:colcon.colcon_core.package_identification:_identify(install) by extension 'ignore'
[0.487s] Level 1:colcon.colcon_core.package_identification:_identify(install) ignored
[0.487s] Level 1:colcon.colcon_core.package_identification:_identify(log) by extensions ['ignore', 'ignore_ament_install']
[0.487s] Level 1:colcon.colcon_core.package_identification:_identify(log) by extension 'ignore'
[0.487s] Level 1:colcon.colcon_core.package_identification:_identify(log) ignored
[0.487s] Level 1:colcon.colcon_core.package_identification:_identify(src) by extensions ['ignore', 'ignore_ament_install']
[0.487s] Level 1:colcon.colcon_core.package_identification:_identify(src) by extension 'ignore'
[0.487s] Level 1:colcon.colcon_core.package_identification:_identify(src) by extension 'ignore_ament_install'
[0.487s] Level 1:colcon.colcon_core.package_identification:_identify(src) by extensions ['colcon_pkg']
[0.487s] Level 1:colcon.colcon_core.package_identification:_identify(src) by extension 'colcon_pkg'
[0.487s] Level 1:colcon.colcon_core.package_identification:_identify(src) by extensions ['colcon_meta']
[0.487s] Level 1:colcon.colcon_core.package_identification:_identify(src) by extension 'colcon_meta'
[0.487s] Level 1:colcon.colcon_core.package_identification:_identify(src) by extensions ['ros']
[0.487s] Level 1:colcon.colcon_core.package_identification:_identify(src) by extension 'ros'
[0.487s] Level 1:colcon.colcon_core.package_identification:_identify(src) by extensions ['cmake', 'python']
[0.487s] Level 1:colcon.colcon_core.package_identification:_identify(src) by extension 'cmake'
[0.487s] Level 1:colcon.colcon_core.package_identification:_identify(src) by extension 'python'
[0.487s] Level 1:colcon.colcon_core.package_identification:_identify(src) by extensions ['python_setup_py']
[0.487s] Level 1:colcon.colcon_core.package_identification:_identify(src) by extension 'python_setup_py'
[0.487s] Level 1:colcon.colcon_core.package_identification:_identify(src/Year2-Lidar_Cam_Calibration) by extensions ['ignore', 'ignore_ament_install']
[0.487s] Level 1:colcon.colcon_core.package_identification:_identify(src/Year2-Lidar_Cam_Calibration) by extension 'ignore'
[0.488s] Level 1:colcon.colcon_core.package_identification:_identify(src/Year2-Lidar_Cam_Calibration) by extension 'ignore_ament_install'
[0.488s] Level 1:colcon.colcon_core.package_identification:_identify(src/Year2-Lidar_Cam_Calibration) by extensions ['colcon_pkg']
[0.488s] Level 1:colcon.colcon_core.package_identification:_identify(src/Year2-Lidar_Cam_Calibration) by extension 'colcon_pkg'
[0.488s] Level 1:colcon.colcon_core.package_identification:_identify(src/Year2-Lidar_Cam_Calibration) by extensions ['colcon_meta']
[0.488s] Level 1:colcon.colcon_core.package_identification:_identify(src/Year2-Lidar_Cam_Calibration) by extension 'colcon_meta'
[0.488s] Level 1:colcon.colcon_core.package_identification:_identify(src/Year2-Lidar_Cam_Calibration) by extensions ['ros']
[0.488s] Level 1:colcon.colcon_core.package_identification:_identify(src/Year2-Lidar_Cam_Calibration) by extension 'ros'
[0.488s] Level 1:colcon.colcon_core.package_identification:_identify(src/Year2-Lidar_Cam_Calibration) by extensions ['cmake', 'python']
[0.488s] Level 1:colcon.colcon_core.package_identification:_identify(src/Year2-Lidar_Cam_Calibration) by extension 'cmake'
[0.488s] Level 1:colcon.colcon_core.package_identification:_identify(src/Year2-Lidar_Cam_Calibration) by extension 'python'
[0.488s] Level 1:colcon.colcon_core.package_identification:_identify(src/Year2-Lidar_Cam_Calibration) by extensions ['python_setup_py']
[0.488s] Level 1:colcon.colcon_core.package_identification:_identify(src/Year2-Lidar_Cam_Calibration) by extension 'python_setup_py'
[0.488s] Level 1:colcon.colcon_core.package_identification:_identify(src/build) by extensions ['ignore', 'ignore_ament_install']
[0.488s] Level 1:colcon.colcon_core.package_identification:_identify(src/build) by extension 'ignore'
[0.488s] Level 1:colcon.colcon_core.package_identification:_identify(src/build) ignored
[0.488s] Level 1:colcon.colcon_core.package_identification:_identify(src/custom_interfaces) by extensions ['ignore', 'ignore_ament_install']
[0.488s] Level 1:colcon.colcon_core.package_identification:_identify(src/custom_interfaces) by extension 'ignore'
[0.488s] Level 1:colcon.colcon_core.package_identification:_identify(src/custom_interfaces) by extension 'ignore_ament_install'
[0.488s] Level 1:colcon.colcon_core.package_identification:_identify(src/custom_interfaces) by extensions ['colcon_pkg']
[0.488s] Level 1:colcon.colcon_core.package_identification:_identify(src/custom_interfaces) by extension 'colcon_pkg'
[0.488s] Level 1:colcon.colcon_core.package_identification:_identify(src/custom_interfaces) by extensions ['colcon_meta']
[0.488s] Level 1:colcon.colcon_core.package_identification:_identify(src/custom_interfaces) by extension 'colcon_meta'
[0.488s] Level 1:colcon.colcon_core.package_identification:_identify(src/custom_interfaces) by extensions ['ros']
[0.488s] Level 1:colcon.colcon_core.package_identification:_identify(src/custom_interfaces) by extension 'ros'
[0.490s] DEBUG:colcon.colcon_core.package_identification:Package 'src/custom_interfaces' with type 'ros.ament_cmake' and name 'custom_interfaces'
[0.490s] Level 1:colcon.colcon_core.package_identification:_identify(src/install) by extensions ['ignore', 'ignore_ament_install']
[0.490s] Level 1:colcon.colcon_core.package_identification:_identify(src/install) by extension 'ignore'
[0.490s] Level 1:colcon.colcon_core.package_identification:_identify(src/install) ignored
[0.490s] Level 1:colcon.colcon_core.package_identification:_identify(src/ip_parser) by extensions ['ignore', 'ignore_ament_install']
[0.490s] Level 1:colcon.colcon_core.package_identification:_identify(src/ip_parser) by extension 'ignore'
[0.490s] Level 1:colcon.colcon_core.package_identification:_identify(src/ip_parser) by extension 'ignore_ament_install'
[0.490s] Level 1:colcon.colcon_core.package_identification:_identify(src/ip_parser) by extensions ['colcon_pkg']
[0.490s] Level 1:colcon.colcon_core.package_identification:_identify(src/ip_parser) by extension 'colcon_pkg'
[0.491s] Level 1:colcon.colcon_core.package_identification:_identify(src/ip_parser) by extensions ['colcon_meta']
[0.491s] Level 1:colcon.colcon_core.package_identification:_identify(src/ip_parser) by extension 'colcon_meta'
[0.491s] Level 1:colcon.colcon_core.package_identification:_identify(src/ip_parser) by extensions ['ros']
[0.491s] Level 1:colcon.colcon_core.package_identification:_identify(src/ip_parser) by extension 'ros'
[0.491s] DEBUG:colcon.colcon_core.package_identification:Package 'src/ip_parser' with type 'ros.ament_python' and name 'ip_parser'
[0.491s] Level 1:colcon.colcon_core.package_identification:_identify(src/lid_cam_calib) by extensions ['ignore', 'ignore_ament_install']
[0.491s] Level 1:colcon.colcon_core.package_identification:_identify(src/lid_cam_calib) by extension 'ignore'
[0.491s] Level 1:colcon.colcon_core.package_identification:_identify(src/lid_cam_calib) by extension 'ignore_ament_install'
[0.491s] Level 1:colcon.colcon_core.package_identification:_identify(src/lid_cam_calib) by extensions ['colcon_pkg']
[0.491s] Level 1:colcon.colcon_core.package_identification:_identify(src/lid_cam_calib) by extension 'colcon_pkg'
[0.491s] Level 1:colcon.colcon_core.package_identification:_identify(src/lid_cam_calib) by extensions ['colcon_meta']
[0.491s] Level 1:colcon.colcon_core.package_identification:_identify(src/lid_cam_calib) by extension 'colcon_meta'
[0.491s] Level 1:colcon.colcon_core.package_identification:_identify(src/lid_cam_calib) by extensions ['ros']
[0.491s] Level 1:colcon.colcon_core.package_identification:_identify(src/lid_cam_calib) by extension 'ros'
[0.492s] DEBUG:colcon.colcon_core.package_identification:Package 'src/lid_cam_calib' with type 'ros.ament_python' and name 'lid_cam_calib'
[0.492s] Level 1:colcon.colcon_core.package_identification:_identify(src/log) by extensions ['ignore', 'ignore_ament_install']
[0.492s] Level 1:colcon.colcon_core.package_identification:_identify(src/log) by extension 'ignore'
[0.492s] Level 1:colcon.colcon_core.package_identification:_identify(src/log) ignored
[0.492s] Level 1:colcon.colcon_core.package_identification:_identify(src/rectify) by extensions ['ignore', 'ignore_ament_install']
[0.492s] Level 1:colcon.colcon_core.package_identification:_identify(src/rectify) by extension 'ignore'
[0.492s] Level 1:colcon.colcon_core.package_identification:_identify(src/rectify) by extension 'ignore_ament_install'
[0.492s] Level 1:colcon.colcon_core.package_identification:_identify(src/rectify) by extensions ['colcon_pkg']
[0.492s] Level 1:colcon.colcon_core.package_identification:_identify(src/rectify) by extension 'colcon_pkg'
[0.492s] Level 1:colcon.colcon_core.package_identification:_identify(src/rectify) by extensions ['colcon_meta']
[0.492s] Level 1:colcon.colcon_core.package_identification:_identify(src/rectify) by extension 'colcon_meta'
[0.492s] Level 1:colcon.colcon_core.package_identification:_identify(src/rectify) by extensions ['ros']
[0.492s] Level 1:colcon.colcon_core.package_identification:_identify(src/rectify) by extension 'ros'
[0.492s] DEBUG:colcon.colcon_core.package_identification:Package 'src/rectify' with type 'ros.ament_cmake' and name 'rectify'
[0.493s] Level 1:colcon.colcon_core.package_identification:_identify(src/rel_vel) by extensions ['ignore', 'ignore_ament_install']
[0.493s] Level 1:colcon.colcon_core.package_identification:_identify(src/rel_vel) by extension 'ignore'
[0.493s] Level 1:colcon.colcon_core.package_identification:_identify(src/rel_vel) by extension 'ignore_ament_install'
[0.493s] Level 1:colcon.colcon_core.package_identification:_identify(src/rel_vel) by extensions ['colcon_pkg']
[0.493s] Level 1:colcon.colcon_core.package_identification:_identify(src/rel_vel) by extension 'colcon_pkg'
[0.493s] Level 1:colcon.colcon_core.package_identification:_identify(src/rel_vel) by extensions ['colcon_meta']
[0.493s] Level 1:colcon.colcon_core.package_identification:_identify(src/rel_vel) by extension 'colcon_meta'
[0.493s] Level 1:colcon.colcon_core.package_identification:_identify(src/rel_vel) by extensions ['ros']
[0.493s] Level 1:colcon.colcon_core.package_identification:_identify(src/rel_vel) by extension 'ros'
[0.493s] DEBUG:colcon.colcon_core.package_identification:Package 'src/rel_vel' with type 'ros.ament_python' and name 'rel_vel'
[0.493s] Level 1:colcon.colcon_core.package_discovery:discover_packages(recursive) using defaults
[0.493s] Level 1:colcon.colcon_core.package_discovery:discover_packages(ignore) discover
[0.493s] Level 1:colcon.colcon_core.package_discovery:discover_packages(ignore) using defaults
[0.493s] Level 1:colcon.colcon_core.package_discovery:discover_packages(path) discover
[0.493s] Level 1:colcon.colcon_core.package_discovery:discover_packages(path) using defaults
[0.509s] Level 1:colcon.colcon_core.package_discovery:discover_packages(prefix_path) check parameters
[0.509s] Level 1:colcon.colcon_core.package_discovery:discover_packages(prefix_path) discover
[0.511s] WARNING:colcon.colcon_ros.prefix_path.catkin:The path '/home/anthony/lidar_camera_overlay/lid_cam_ws/install/perception_frame' in the environment variable CMAKE_PREFIX_PATH doesn't exist
[0.512s] DEBUG:colcon.colcon_installed_package_information.package_discovery:Found 5 installed packages in /home/anthony/lidar_camera_overlay/lid_cam_ws/install
[0.513s] DEBUG:colcon.colcon_installed_package_information.package_discovery:Found 302 installed packages in /opt/ros/foxy
[0.514s] Level 1:colcon.colcon_core.package_discovery:discover_packages(prefix_path) using defaults
[0.562s] Level 5:colcon.colcon_core.verb:set package 'custom_interfaces' build argument 'cmake_args' from command line to 'None'
[0.562s] Level 5:colcon.colcon_core.verb:set package 'custom_interfaces' build argument 'cmake_target' from command line to 'None'
[0.562s] Level 5:colcon.colcon_core.verb:set package 'custom_interfaces' build argument 'cmake_target_skip_unavailable' from command line to 'False'
[0.562s] Level 5:colcon.colcon_core.verb:set package 'custom_interfaces' build argument 'cmake_clean_cache' from command line to 'False'
[0.562s] Level 5:colcon.colcon_core.verb:set package 'custom_interfaces' build argument 'cmake_clean_first' from command line to 'False'
[0.562s] Level 5:colcon.colcon_core.verb:set package 'custom_interfaces' build argument 'cmake_force_configure' from command line to 'False'
[0.562s] Level 5:colcon.colcon_core.verb:set package 'custom_interfaces' build argument 'ament_cmake_args' from command line to 'None'
[0.562s] Level 5:colcon.colcon_core.verb:set package 'custom_interfaces' build argument 'catkin_cmake_args' from command line to 'None'
[0.562s] Level 5:colcon.colcon_core.verb:set package 'custom_interfaces' build argument 'catkin_skip_building_tests' from command line to 'False'
[0.562s] DEBUG:colcon.colcon_core.verb:Building package 'custom_interfaces' with the following arguments: {'ament_cmake_args': None, 'build_base': '/home/anthony/lidar_camera_overlay/lid_cam_ws/build/custom_interfaces', 'catkin_cmake_args': None, 'catkin_skip_building_tests': False, 'cmake_args': None, 'cmake_clean_cache': False, 'cmake_clean_first': False, 'cmake_force_configure': False, 'cmake_target': None, 'cmake_target_skip_unavailable': False, 'install_base': '/home/anthony/lidar_camera_overlay/lid_cam_ws/install/custom_interfaces', 'merge_install': False, 'path': '/home/anthony/lidar_camera_overlay/lid_cam_ws/src/custom_interfaces', 'symlink_install': False, 'test_result_base': None}
[0.563s] Level 5:colcon.colcon_core.verb:set package 'ip_parser' build argument 'cmake_args' from command line to 'None'
[0.563s] Level 5:colcon.colcon_core.verb:set package 'ip_parser' build argument 'cmake_target' from command line to 'None'
[0.563s] Level 5:colcon.colcon_core.verb:set package 'ip_parser' build argument 'cmake_target_skip_unavailable' from command line to 'False'
[0.563s] Level 5:colcon.colcon_core.verb:set package 'ip_parser' build argument 'cmake_clean_cache' from command line to 'False'
[0.563s] Level 5:colcon.colcon_core.verb:set package 'ip_parser' build argument 'cmake_clean_first' from command line to 'False'
[0.563s] Level 5:colcon.colcon_core.verb:set package 'ip_parser' build argument 'cmake_force_configure' from command line to 'False'
[0.563s] Level 5:colcon.colcon_core.verb:set package 'ip_parser' build argument 'ament_cmake_args' from command line to 'None'
[0.563s] Level 5:colcon.colcon_core.verb:set package 'ip_parser' build argument 'catkin_cmake_args' from command line to 'None'
[0.563s] Level 5:colcon.colcon_core.verb:set package 'ip_parser' build argument 'catkin_skip_building_tests' from command line to 'False'
[0.563s] DEBUG:colcon.colcon_core.verb:Building package 'ip_parser' with the following arguments: {'ament_cmake_args': None, 'build_base': '/home/anthony/lidar_camera_overlay/lid_cam_ws/build/ip_parser', 'catkin_cmake_args': None, 'catkin_skip_building_tests': False, 'cmake_args': None, 'cmake_clean_cache': False, 'cmake_clean_first': False, 'cmake_force_configure': False, 'cmake_target': None, 'cmake_target_skip_unavailable': False, 'install_base': '/home/anthony/lidar_camera_overlay/lid_cam_ws/install/ip_parser', 'merge_install': False, 'path': '/home/anthony/lidar_camera_overlay/lid_cam_ws/src/ip_parser', 'symlink_install': False, 'test_result_base': None}
[0.564s] Level 5:colcon.colcon_core.verb:set package 'lid_cam_calib' build argument 'cmake_args' from command line to 'None'
[0.564s] Level 5:colcon.colcon_core.verb:set package 'lid_cam_calib' build argument 'cmake_target' from command line to 'None'
[0.564s] Level 5:colcon.colcon_core.verb:set package 'lid_cam_calib' build argument 'cmake_target_skip_unavailable' from command line to 'False'
[0.564s] Level 5:colcon.colcon_core.verb:set package 'lid_cam_calib' build argument 'cmake_clean_cache' from command line to 'False'
[0.564s] Level 5:colcon.colcon_core.verb:set package 'lid_cam_calib' build argument 'cmake_clean_first' from command line to 'False'
[0.564s] Level 5:colcon.colcon_core.verb:set package 'lid_cam_calib' build argument 'cmake_force_configure' from command line to 'False'
[0.564s] Level 5:colcon.colcon_core.verb:set package 'lid_cam_calib' build argument 'ament_cmake_args' from command line to 'None'
[0.564s] Level 5:colcon.colcon_core.verb:set package 'lid_cam_calib' build argument 'catkin_cmake_args' from command line to 'None'
[0.564s] Level 5:colcon.colcon_core.verb:set package 'lid_cam_calib' build argument 'catkin_skip_building_tests' from command line to 'False'
[0.564s] DEBUG:colcon.colcon_core.verb:Building package 'lid_cam_calib' with the following arguments: {'ament_cmake_args': None, 'build_base': '/home/anthony/lidar_camera_overlay/lid_cam_ws/build/lid_cam_calib', 'catkin_cmake_args': None, 'catkin_skip_building_tests': False, 'cmake_args': None, 'cmake_clean_cache': False, 'cmake_clean_first': False, 'cmake_force_configure': False, 'cmake_target': None, 'cmake_target_skip_unavailable': False, 'install_base': '/home/anthony/lidar_camera_overlay/lid_cam_ws/install/lid_cam_calib', 'merge_install': False, 'path': '/home/anthony/lidar_camera_overlay/lid_cam_ws/src/lid_cam_calib', 'symlink_install': False, 'test_result_base': None}
[0.564s] Level 5:colcon.colcon_core.verb:set package 'rectify' build argument 'cmake_args' from command line to 'None'
[0.564s] Level 5:colcon.colcon_core.verb:set package 'rectify' build argument 'cmake_target' from command line to 'None'
[0.564s] Level 5:colcon.colcon_core.verb:set package 'rectify' build argument 'cmake_target_skip_unavailable' from command line to 'False'
[0.564s] Level 5:colcon.colcon_core.verb:set package 'rectify' build argument 'cmake_clean_cache' from command line to 'False'
[0.564s] Level 5:colcon.colcon_core.verb:set package 'rectify' build argument 'cmake_clean_first' from command line to 'False'
[0.564s] Level 5:colcon.colcon_core.verb:set package 'rectify' build argument 'cmake_force_configure' from command line to 'False'
[0.564s] Level 5:colcon.colcon_core.verb:set package 'rectify' build argument 'ament_cmake_args' from command line to 'None'
[0.564s] Level 5:colcon.colcon_core.verb:set package 'rectify' build argument 'catkin_cmake_args' from command line to 'None'
[0.564s] Level 5:colcon.colcon_core.verb:set package 'rectify' build argument 'catkin_skip_building_tests' from command line to 'False'
[0.564s] DEBUG:colcon.colcon_core.verb:Building package 'rectify' with the following arguments: {'ament_cmake_args': None, 'build_base': '/home/anthony/lidar_camera_overlay/lid_cam_ws/build/rectify', 'catkin_cmake_args': None, 'catkin_skip_building_tests': False, 'cmake_args': None, 'cmake_clean_cache': False, 'cmake_clean_first': False, 'cmake_force_configure': False, 'cmake_target': None, 'cmake_target_skip_unavailable': False, 'install_base': '/home/anthony/lidar_camera_overlay/lid_cam_ws/install/rectify', 'merge_install': False, 'path': '/home/anthony/lidar_camera_overlay/lid_cam_ws/src/rectify', 'symlink_install': False, 'test_result_base': None}
[0.565s] Level 5:colcon.colcon_core.verb:set package 'rel_vel' build argument 'cmake_args' from command line to 'None'
[0.565s] Level 5:colcon.colcon_core.verb:set package 'rel_vel' build argument 'cmake_target' from command line to 'None'
[0.565s] Level 5:colcon.colcon_core.verb:set package 'rel_vel' build argument 'cmake_target_skip_unavailable' from command line to 'False'
[0.565s] Level 5:colcon.colcon_core.verb:set package 'rel_vel' build argument 'cmake_clean_cache' from command line to 'False'
[0.565s] Level 5:colcon.colcon_core.verb:set package 'rel_vel' build argument 'cmake_clean_first' from command line to 'False'
[0.565s] Level 5:colcon.colcon_core.verb:set package 'rel_vel' build argument 'cmake_force_configure' from command line to 'False'
[0.565s] Level 5:colcon.colcon_core.verb:set package 'rel_vel' build argument 'ament_cmake_args' from command line to 'None'
[0.565s] Level 5:colcon.colcon_core.verb:set package 'rel_vel' build argument 'catkin_cmake_args' from command line to 'None'
[0.565s] Level 5:colcon.colcon_core.verb:set package 'rel_vel' build argument 'catkin_skip_building_tests' from command line to 'False'
[0.565s] DEBUG:colcon.colcon_core.verb:Building package 'rel_vel' with the following arguments: {'ament_cmake_args': None, 'build_base': '/home/anthony/lidar_camera_overlay/lid_cam_ws/build/rel_vel', 'catkin_cmake_args': None, 'catkin_skip_building_tests': False, 'cmake_args': None, 'cmake_clean_cache': False, 'cmake_clean_first': False, 'cmake_force_configure': False, 'cmake_target': None, 'cmake_target_skip_unavailable': False, 'install_base': '/home/anthony/lidar_camera_overlay/lid_cam_ws/install/rel_vel', 'merge_install': False, 'path': '/home/anthony/lidar_camera_overlay/lid_cam_ws/src/rel_vel', 'symlink_install': False, 'test_result_base': None}
[0.566s] INFO:colcon.colcon_core.executor:Executing jobs using 'parallel' executor
[0.568s] DEBUG:colcon.colcon_parallel_executor.executor.parallel:run_until_complete
[0.568s] INFO:colcon.colcon_ros.task.ament_cmake.build:Building ROS package in '/home/anthony/lidar_camera_overlay/lid_cam_ws/src/custom_interfaces' with build type 'ament_cmake'
[0.569s] INFO:colcon.colcon_cmake.task.cmake.build:Building CMake package in '/home/anthony/lidar_camera_overlay/lid_cam_ws/src/custom_interfaces'
[0.573s] INFO:colcon.colcon_core.plugin_system:Skipping extension 'colcon_core.shell.bat': Not used on non-Windows systems
[0.573s] INFO:colcon.colcon_core.shell:Skip shell extension 'powershell' for command environment: Not usable outside of PowerShell
[0.573s] DEBUG:colcon.colcon_core.shell:Skip shell extension 'dsv' for command environment
[0.579s] INFO:colcon.colcon_ros.task.ament_python.build:Building ROS package in '/home/anthony/lidar_camera_overlay/lid_cam_ws/src/ip_parser' with build type 'ament_python'
[0.579s] Level 1:colcon.colcon_core.shell:create_environment_hook('ip_parser', 'ament_prefix_path')
[0.580s] INFO:colcon.colcon_core.shell:Creating environment hook '/home/anthony/lidar_camera_overlay/lid_cam_ws/install/ip_parser/share/ip_parser/hook/ament_prefix_path.ps1'
[0.582s] INFO:colcon.colcon_core.shell:Creating environment descriptor '/home/anthony/lidar_camera_overlay/lid_cam_ws/install/ip_parser/share/ip_parser/hook/ament_prefix_path.dsv'
[0.582s] INFO:colcon.colcon_core.shell:Creating environment hook '/home/anthony/lidar_camera_overlay/lid_cam_ws/install/ip_parser/share/ip_parser/hook/ament_prefix_path.sh'
[0.584s] INFO:colcon.colcon_core.shell:Skip shell extension 'powershell' for command environment: Not usable outside of PowerShell
[0.584s] DEBUG:colcon.colcon_core.shell:Skip shell extension 'dsv' for command environment
[0.589s] INFO:colcon.colcon_ros.task.ament_python.build:Building ROS package in '/home/anthony/lidar_camera_overlay/lid_cam_ws/src/lid_cam_calib' with build type 'ament_python'
[0.589s] Level 1:colcon.colcon_core.shell:create_environment_hook('lid_cam_calib', 'ament_prefix_path')
[0.591s] INFO:colcon.colcon_core.shell:Creating environment hook '/home/anthony/lidar_camera_overlay/lid_cam_ws/install/lid_cam_calib/share/lid_cam_calib/hook/ament_prefix_path.ps1'
[0.593s] INFO:colcon.colcon_core.shell:Creating environment descriptor '/home/anthony/lidar_camera_overlay/lid_cam_ws/install/lid_cam_calib/share/lid_cam_calib/hook/ament_prefix_path.dsv'
[0.595s] INFO:colcon.colcon_core.shell:Creating environment hook '/home/anthony/lidar_camera_overlay/lid_cam_ws/install/lid_cam_calib/share/lid_cam_calib/hook/ament_prefix_path.sh'
[0.597s] INFO:colcon.colcon_core.shell:Skip shell extension 'powershell' for command environment: Not usable outside of PowerShell
[0.597s] DEBUG:colcon.colcon_core.shell:Skip shell extension 'dsv' for command environment
[0.603s] INFO:colcon.colcon_ros.task.ament_cmake.build:Building ROS package in '/home/anthony/lidar_camera_overlay/lid_cam_ws/src/rectify' with build type 'ament_cmake'
[0.603s] INFO:colcon.colcon_cmake.task.cmake.build:Building CMake package in '/home/anthony/lidar_camera_overlay/lid_cam_ws/src/rectify'
[0.604s] INFO:colcon.colcon_core.shell:Skip shell extension 'powershell' for command environment: Not usable outside of PowerShell
[0.604s] DEBUG:colcon.colcon_core.shell:Skip shell extension 'dsv' for command environment
[0.612s] INFO:colcon.colcon_ros.task.ament_python.build:Building ROS package in '/home/anthony/lidar_camera_overlay/lid_cam_ws/src/rel_vel' with build type 'ament_python'
[0.612s] Level 1:colcon.colcon_core.shell:create_environment_hook('rel_vel', 'ament_prefix_path')
[0.614s] INFO:colcon.colcon_core.shell:Creating environment hook '/home/anthony/lidar_camera_overlay/lid_cam_ws/install/rel_vel/share/rel_vel/hook/ament_prefix_path.ps1'
[0.615s] INFO:colcon.colcon_core.shell:Creating environment descriptor '/home/anthony/lidar_camera_overlay/lid_cam_ws/install/rel_vel/share/rel_vel/hook/ament_prefix_path.dsv'
[0.616s] INFO:colcon.colcon_core.shell:Creating environment hook '/home/anthony/lidar_camera_overlay/lid_cam_ws/install/rel_vel/share/rel_vel/hook/ament_prefix_path.sh'
[0.618s] INFO:colcon.colcon_core.shell:Skip shell extension 'powershell' for command environment: Not usable outside of PowerShell
[0.618s] DEBUG:colcon.colcon_core.shell:Skip shell extension 'dsv' for command environment
[0.633s] DEBUG:colcon.colcon_core.event_handler.log_command:Invoking command in '/home/anthony/lidar_camera_overlay/lid_cam_ws/build/custom_interfaces': CMAKE_PREFIX_PATH=${CMAKE_PREFIX_PATH}:/home/anthony/lidar_camera_overlay/lid_cam_ws/install/rel_vel:/home/anthony/lidar_camera_overlay/lid_cam_ws/install/lid_cam_calib:/home/anthony/lidar_camera_overlay/lid_cam_ws/install/ip_parser:/opt/ros/foxy CONDA_PROMPT_MODIFIER=(base) /usr/bin/cmake --build /home/anthony/lidar_camera_overlay/lid_cam_ws/build/custom_interfaces -- -j16 -l16
[0.788s] INFO:colcon.colcon_core.task.python.build:Building Python package in '/home/anthony/lidar_camera_overlay/lid_cam_ws/src/ip_parser'
[0.790s] INFO:colcon.colcon_core.shell:Skip shell extension 'powershell' for command environment: Not usable outside of PowerShell
[0.790s] DEBUG:colcon.colcon_core.shell:Skip shell extension 'dsv' for command environment
[0.939s] INFO:colcon.colcon_core.task.python.build:Building Python package in '/home/anthony/lidar_camera_overlay/lid_cam_ws/src/lid_cam_calib'
[0.941s] INFO:colcon.colcon_core.shell:Skip shell extension 'powershell' for command environment: Not usable outside of PowerShell
[0.941s] DEBUG:colcon.colcon_core.shell:Skip shell extension 'dsv' for command environment
[0.959s] DEBUG:colcon.colcon_core.event_handler.log_command:Invoking command in '/home/anthony/lidar_camera_overlay/lid_cam_ws/build/rectify': CMAKE_PREFIX_PATH=${CMAKE_PREFIX_PATH}:/home/anthony/lidar_camera_overlay/lid_cam_ws/install/rel_vel:/home/anthony/lidar_camera_overlay/lid_cam_ws/install/lid_cam_calib:/home/anthony/lidar_camera_overlay/lid_cam_ws/install/ip_parser:/opt/ros/foxy CONDA_PROMPT_MODIFIER=(base) /usr/bin/cmake --build /home/anthony/lidar_camera_overlay/lid_cam_ws/build/rectify -- -j16 -l16
[1.111s] INFO:colcon.colcon_core.task.python.build:Building Python package in '/home/anthony/lidar_camera_overlay/lid_cam_ws/src/rel_vel'
[1.113s] INFO:colcon.colcon_core.shell:Skip shell extension 'powershell' for command environment: Not usable outside of PowerShell
[1.113s] DEBUG:colcon.colcon_core.shell:Skip shell extension 'dsv' for command environment
[1.124s] DEBUG:colcon.colcon_core.event_handler.log_command:Invoked command in '/home/anthony/lidar_camera_overlay/lid_cam_ws/build/custom_interfaces' returned '0': CMAKE_PREFIX_PATH=${CMAKE_PREFIX_PATH}:/home/anthony/lidar_camera_overlay/lid_cam_ws/install/rel_vel:/home/anthony/lidar_camera_overlay/lid_cam_ws/install/lid_cam_calib:/home/anthony/lidar_camera_overlay/lid_cam_ws/install/ip_parser:/opt/ros/foxy CONDA_PROMPT_MODIFIER=(base) /usr/bin/cmake --build /home/anthony/lidar_camera_overlay/lid_cam_ws/build/custom_interfaces -- -j16 -l16
[1.136s] DEBUG:colcon.colcon_core.event_handler.log_command:Invoked command in '/home/anthony/lidar_camera_overlay/lid_cam_ws/build/rectify' returned '0': CMAKE_PREFIX_PATH=${CMAKE_PREFIX_PATH}:/home/anthony/lidar_camera_overlay/lid_cam_ws/install/rel_vel:/home/anthony/lidar_camera_overlay/lid_cam_ws/install/lid_cam_calib:/home/anthony/lidar_camera_overlay/lid_cam_ws/install/ip_parser:/opt/ros/foxy CONDA_PROMPT_MODIFIER=(base) /usr/bin/cmake --build /home/anthony/lidar_camera_overlay/lid_cam_ws/build/rectify -- -j16 -l16
[1.165s] DEBUG:colcon.colcon_core.event_handler.log_command:Invoking command in '/home/anthony/lidar_camera_overlay/lid_cam_ws/build/custom_interfaces': CMAKE_PREFIX_PATH=${CMAKE_PREFIX_PATH}:/home/anthony/lidar_camera_overlay/lid_cam_ws/install/rel_vel:/home/anthony/lidar_camera_overlay/lid_cam_ws/install/lid_cam_calib:/home/anthony/lidar_camera_overlay/lid_cam_ws/install/ip_parser:/opt/ros/foxy CONDA_PROMPT_MODIFIER=(base) /usr/bin/cmake --install /home/anthony/lidar_camera_overlay/lid_cam_ws/build/custom_interfaces
[1.172s] DEBUG:colcon.colcon_core.event_handler.log_command:Invoking command in '/home/anthony/lidar_camera_overlay/lid_cam_ws/build/rectify': CMAKE_PREFIX_PATH=${CMAKE_PREFIX_PATH}:/home/anthony/lidar_camera_overlay/lid_cam_ws/install/rel_vel:/home/anthony/lidar_camera_overlay/lid_cam_ws/install/lid_cam_calib:/home/anthony/lidar_camera_overlay/lid_cam_ws/install/ip_parser:/opt/ros/foxy CONDA_PROMPT_MODIFIER=(base) /usr/bin/cmake --install /home/anthony/lidar_camera_overlay/lid_cam_ws/build/rectify
[1.184s] Level 1:colcon.colcon_core.environment:create_environment_scripts_only(custom_interfaces)
[1.190s] DEBUG:colcon.colcon_core.event_handler.log_command:Invoked command in '/home/anthony/lidar_camera_overlay/lid_cam_ws/build/custom_interfaces' returned '0': CMAKE_PREFIX_PATH=${CMAKE_PREFIX_PATH}:/home/anthony/lidar_camera_overlay/lid_cam_ws/install/rel_vel:/home/anthony/lidar_camera_overlay/lid_cam_ws/install/lid_cam_calib:/home/anthony/lidar_camera_overlay/lid_cam_ws/install/ip_parser:/opt/ros/foxy CONDA_PROMPT_MODIFIER=(base) /usr/bin/cmake --install /home/anthony/lidar_camera_overlay/lid_cam_ws/build/custom_interfaces
[1.196s] Level 1:colcon.colcon_core.environment:checking '/home/anthony/lidar_camera_overlay/lid_cam_ws/install/custom_interfaces' for CMake module files
[1.196s] Level 1:colcon.colcon_core.environment:checking '/home/anthony/lidar_camera_overlay/lid_cam_ws/install/custom_interfaces' for CMake config files
[1.196s] Level 1:colcon.colcon_core.shell:create_environment_hook('custom_interfaces', 'cmake_prefix_path')
[1.198s] INFO:colcon.colcon_core.shell:Creating environment hook '/home/anthony/lidar_camera_overlay/lid_cam_ws/install/custom_interfaces/share/custom_interfaces/hook/cmake_prefix_path.ps1'
[1.199s] INFO:colcon.colcon_core.shell:Creating environment descriptor '/home/anthony/lidar_camera_overlay/lid_cam_ws/install/custom_interfaces/share/custom_interfaces/hook/cmake_prefix_path.dsv'
[1.199s] INFO:colcon.colcon_core.shell:Creating environment hook '/home/anthony/lidar_camera_overlay/lid_cam_ws/install/custom_interfaces/share/custom_interfaces/hook/cmake_prefix_path.sh'
[1.200s] Level 1:colcon.colcon_core.environment:checking '/home/anthony/lidar_camera_overlay/lid_cam_ws/install/custom_interfaces/lib'
[1.201s] Level 1:colcon.colcon_core.environment:checking '/home/anthony/lidar_camera_overlay/lid_cam_ws/install/custom_interfaces/bin'
[1.201s] Level 1:colcon.colcon_core.environment:checking '/home/anthony/lidar_camera_overlay/lid_cam_ws/install/custom_interfaces/lib/pkgconfig/custom_interfaces.pc'
[1.201s] Level 1:colcon.colcon_core.environment:checking '/home/anthony/lidar_camera_overlay/lid_cam_ws/install/custom_interfaces/lib/python3.8/site-packages'
[1.201s] Level 1:colcon.colcon_core.environment:checking '/home/anthony/lidar_camera_overlay/lid_cam_ws/install/custom_interfaces/bin'
[1.203s] INFO:colcon.colcon_core.shell:Creating package script '/home/anthony/lidar_camera_overlay/lid_cam_ws/install/custom_interfaces/share/custom_interfaces/package.ps1'
[1.204s] INFO:colcon.colcon_core.shell:Creating package descriptor '/home/anthony/lidar_camera_overlay/lid_cam_ws/install/custom_interfaces/share/custom_interfaces/package.dsv'
[1.204s] INFO:colcon.colcon_core.shell:Creating package script '/home/anthony/lidar_camera_overlay/lid_cam_ws/install/custom_interfaces/share/custom_interfaces/package.sh'
[1.205s] INFO:colcon.colcon_core.shell:Creating package script '/home/anthony/lidar_camera_overlay/lid_cam_ws/install/custom_interfaces/share/custom_interfaces/package.bash'
[1.206s] INFO:colcon.colcon_core.shell:Creating package script '/home/anthony/lidar_camera_overlay/lid_cam_ws/install/custom_interfaces/share/custom_interfaces/package.zsh'
[1.207s] Level 1:colcon.colcon_core.environment:create_file_with_runtime_dependencies(/home/anthony/lidar_camera_overlay/lid_cam_ws/install/custom_interfaces/share/colcon-core/packages/custom_interfaces)
[1.213s] Level 1:colcon.colcon_core.environment:create_environment_scripts_only(rectify)
[1.215s] Level 1:colcon.colcon_core.environment:checking '/home/anthony/lidar_camera_overlay/lid_cam_ws/install/rectify' for CMake module files
[1.217s] DEBUG:colcon.colcon_core.event_handler.log_command:Invoked command in '/home/anthony/lidar_camera_overlay/lid_cam_ws/build/rectify' returned '0': CMAKE_PREFIX_PATH=${CMAKE_PREFIX_PATH}:/home/anthony/lidar_camera_overlay/lid_cam_ws/install/rel_vel:/home/anthony/lidar_camera_overlay/lid_cam_ws/install/lid_cam_calib:/home/anthony/lidar_camera_overlay/lid_cam_ws/install/ip_parser:/opt/ros/foxy CONDA_PROMPT_MODIFIER=(base) /usr/bin/cmake --install /home/anthony/lidar_camera_overlay/lid_cam_ws/build/rectify
[1.218s] Level 1:colcon.colcon_core.environment:checking '/home/anthony/lidar_camera_overlay/lid_cam_ws/install/rectify' for CMake config files
[1.218s] Level 1:colcon.colcon_core.shell:create_environment_hook('rectify', 'cmake_prefix_path')
[1.219s] INFO:colcon.colcon_core.shell:Creating environment hook '/home/anthony/lidar_camera_overlay/lid_cam_ws/install/rectify/share/rectify/hook/cmake_prefix_path.ps1'
[1.220s] INFO:colcon.colcon_core.shell:Creating environment descriptor '/home/anthony/lidar_camera_overlay/lid_cam_ws/install/rectify/share/rectify/hook/cmake_prefix_path.dsv'
[1.220s] INFO:colcon.colcon_core.shell:Creating environment hook '/home/anthony/lidar_camera_overlay/lid_cam_ws/install/rectify/share/rectify/hook/cmake_prefix_path.sh'
[1.220s] Level 1:colcon.colcon_core.environment:checking '/home/anthony/lidar_camera_overlay/lid_cam_ws/install/rectify/lib'
[1.220s] Level 1:colcon.colcon_core.environment:checking '/home/anthony/lidar_camera_overlay/lid_cam_ws/install/rectify/bin'
[1.220s] Level 1:colcon.colcon_core.environment:checking '/home/anthony/lidar_camera_overlay/lid_cam_ws/install/rectify/lib/pkgconfig/rectify.pc'
[1.221s] Level 1:colcon.colcon_core.environment:checking '/home/anthony/lidar_camera_overlay/lid_cam_ws/install/rectify/lib/python3.8/site-packages'
[1.221s] Level 1:colcon.colcon_core.environment:checking '/home/anthony/lidar_camera_overlay/lid_cam_ws/install/rectify/bin'
[1.222s] INFO:colcon.colcon_core.shell:Creating package script '/home/anthony/lidar_camera_overlay/lid_cam_ws/install/rectify/share/rectify/package.ps1'
[1.222s] INFO:colcon.colcon_core.shell:Creating package descriptor '/home/anthony/lidar_camera_overlay/lid_cam_ws/install/rectify/share/rectify/package.dsv'
[1.223s] INFO:colcon.colcon_core.shell:Creating package script '/home/anthony/lidar_camera_overlay/lid_cam_ws/install/rectify/share/rectify/package.sh'
[1.223s] INFO:colcon.colcon_core.shell:Creating package script '/home/anthony/lidar_camera_overlay/lid_cam_ws/install/rectify/share/rectify/package.bash'
[1.223s] INFO:colcon.colcon_core.shell:Creating package script '/home/anthony/lidar_camera_overlay/lid_cam_ws/install/rectify/share/rectify/package.zsh'
[1.224s] Level 1:colcon.colcon_core.environment:create_file_with_runtime_dependencies(/home/anthony/lidar_camera_overlay/lid_cam_ws/install/rectify/share/colcon-core/packages/rectify)
[1.249s] Level 1:colcon.colcon_core.environment:create_environment_scripts_only(custom_interfaces)
[1.251s] Level 1:colcon.colcon_core.environment:checking '/home/anthony/lidar_camera_overlay/lid_cam_ws/install/custom_interfaces' for CMake module files
[1.251s] Level 1:colcon.colcon_core.environment:checking '/home/anthony/lidar_camera_overlay/lid_cam_ws/install/custom_interfaces' for CMake config files
[1.252s] Level 1:colcon.colcon_core.shell:create_environment_hook('custom_interfaces', 'cmake_prefix_path')
[1.254s] INFO:colcon.colcon_core.shell:Creating environment hook '/home/anthony/lidar_camera_overlay/lid_cam_ws/install/custom_interfaces/share/custom_interfaces/hook/cmake_prefix_path.ps1'
[1.254s] INFO:colcon.colcon_core.shell:Creating environment descriptor '/home/anthony/lidar_camera_overlay/lid_cam_ws/install/custom_interfaces/share/custom_interfaces/hook/cmake_prefix_path.dsv'
[1.255s] INFO:colcon.colcon_core.shell:Creating environment hook '/home/anthony/lidar_camera_overlay/lid_cam_ws/install/custom_interfaces/share/custom_interfaces/hook/cmake_prefix_path.sh'
[1.255s] Level 1:colcon.colcon_core.environment:checking '/home/anthony/lidar_camera_overlay/lid_cam_ws/install/custom_interfaces/lib'
[1.256s] Level 1:colcon.colcon_core.environment:checking '/home/anthony/lidar_camera_overlay/lid_cam_ws/install/custom_interfaces/bin'
[1.256s] Level 1:colcon.colcon_core.environment:checking '/home/anthony/lidar_camera_overlay/lid_cam_ws/install/custom_interfaces/lib/pkgconfig/custom_interfaces.pc'
[1.256s] Level 1:colcon.colcon_core.environment:checking '/home/anthony/lidar_camera_overlay/lid_cam_ws/install/custom_interfaces/lib/python3.8/site-packages'
[1.256s] Level 1:colcon.colcon_core.environment:checking '/home/anthony/lidar_camera_overlay/lid_cam_ws/install/custom_interfaces/bin'
[1.257s] INFO:colcon.colcon_core.shell:Creating package script '/home/anthony/lidar_camera_overlay/lid_cam_ws/install/custom_interfaces/share/custom_interfaces/package.ps1'
[1.258s] INFO:colcon.colcon_core.shell:Creating package descriptor '/home/anthony/lidar_camera_overlay/lid_cam_ws/install/custom_interfaces/share/custom_interfaces/package.dsv'
[1.259s] INFO:colcon.colcon_core.shell:Creating package script '/home/anthony/lidar_camera_overlay/lid_cam_ws/install/custom_interfaces/share/custom_interfaces/package.sh'
[1.259s] INFO:colcon.colcon_core.shell:Creating package script '/home/anthony/lidar_camera_overlay/lid_cam_ws/install/custom_interfaces/share/custom_interfaces/package.bash'
[1.260s] INFO:colcon.colcon_core.shell:Creating package script '/home/anthony/lidar_camera_overlay/lid_cam_ws/install/custom_interfaces/share/custom_interfaces/package.zsh'
[1.260s] Level 1:colcon.colcon_core.environment:create_file_with_runtime_dependencies(/home/anthony/lidar_camera_overlay/lid_cam_ws/install/custom_interfaces/share/colcon-core/packages/custom_interfaces)
[1.262s] Level 1:colcon.colcon_core.environment:create_environment_scripts_only(rectify)
[1.264s] Level 1:colcon.colcon_core.environment:checking '/home/anthony/lidar_camera_overlay/lid_cam_ws/install/rectify' for CMake module files
[1.267s] Level 1:colcon.colcon_core.environment:checking '/home/anthony/lidar_camera_overlay/lid_cam_ws/install/rectify' for CMake config files
[1.267s] Level 1:colcon.colcon_core.shell:create_environment_hook('rectify', 'cmake_prefix_path')
[1.268s] INFO:colcon.colcon_core.shell:Creating environment hook '/home/anthony/lidar_camera_overlay/lid_cam_ws/install/rectify/share/rectify/hook/cmake_prefix_path.ps1'
[1.268s] INFO:colcon.colcon_core.shell:Creating environment descriptor '/home/anthony/lidar_camera_overlay/lid_cam_ws/install/rectify/share/rectify/hook/cmake_prefix_path.dsv'
[1.268s] INFO:colcon.colcon_core.shell:Creating environment hook '/home/anthony/lidar_camera_overlay/lid_cam_ws/install/rectify/share/rectify/hook/cmake_prefix_path.sh'
[1.268s] Level 1:colcon.colcon_core.environment:checking '/home/anthony/lidar_camera_overlay/lid_cam_ws/install/rectify/lib'
[1.268s] Level 1:colcon.colcon_core.environment:checking '/home/anthony/lidar_camera_overlay/lid_cam_ws/install/rectify/bin'
[1.268s] Level 1:colcon.colcon_core.environment:checking '/home/anthony/lidar_camera_overlay/lid_cam_ws/install/rectify/lib/pkgconfig/rectify.pc'
[1.269s] Level 1:colcon.colcon_core.environment:checking '/home/anthony/lidar_camera_overlay/lid_cam_ws/install/rectify/lib/python3.8/site-packages'
[1.269s] Level 1:colcon.colcon_core.environment:checking '/home/anthony/lidar_camera_overlay/lid_cam_ws/install/rectify/bin'
[1.270s] INFO:colcon.colcon_core.shell:Creating package script '/home/anthony/lidar_camera_overlay/lid_cam_ws/install/rectify/share/rectify/package.ps1'
[1.270s] INFO:colcon.colcon_core.shell:Creating package descriptor '/home/anthony/lidar_camera_overlay/lid_cam_ws/install/rectify/share/rectify/package.dsv'
[1.270s] INFO:colcon.colcon_core.shell:Creating package script '/home/anthony/lidar_camera_overlay/lid_cam_ws/install/rectify/share/rectify/package.sh'
[1.271s] INFO:colcon.colcon_core.shell:Creating package script '/home/anthony/lidar_camera_overlay/lid_cam_ws/install/rectify/share/rectify/package.bash'
[1.271s] INFO:colcon.colcon_core.shell:Creating package script '/home/anthony/lidar_camera_overlay/lid_cam_ws/install/rectify/share/rectify/package.zsh'
[1.273s] Level 1:colcon.colcon_core.environment:create_file_with_runtime_dependencies(/home/anthony/lidar_camera_overlay/lid_cam_ws/install/rectify/share/colcon-core/packages/rectify)
[1.512s] DEBUG:colcon.colcon_core.event_handler.log_command:Invoking command in '/home/anthony/lidar_camera_overlay/lid_cam_ws/src/ip_parser': CONDA_PROMPT_MODIFIER=(base) PYTHONPATH=/home/anthony/lidar_camera_overlay/lid_cam_ws/build/ip_parser/prefix_override:/home/anthony/lidar_camera_overlay/lid_cam_ws/install/ip_parser/lib/python3.8/site-packages:${PYTHONPATH} /usr/bin/python3 setup.py egg_info --egg-base ../../build/ip_parser build --build-base /home/anthony/lidar_camera_overlay/lid_cam_ws/build/ip_parser/build install --record /home/anthony/lidar_camera_overlay/lid_cam_ws/build/ip_parser/install.log --install-scripts $base/lib/ip_parser --single-version-externally-managed
[1.527s] DEBUG:colcon.colcon_core.event_handler.log_command:Invoking command in '/home/anthony/lidar_camera_overlay/lid_cam_ws/src/rel_vel': CONDA_PROMPT_MODIFIER=(base) PYTHONPATH=/home/anthony/lidar_camera_overlay/lid_cam_ws/build/rel_vel/prefix_override:/home/anthony/lidar_camera_overlay/lid_cam_ws/install/rel_vel/lib/python3.8/site-packages:${PYTHONPATH} /usr/bin/python3 setup.py egg_info --egg-base ../../build/rel_vel build --build-base /home/anthony/lidar_camera_overlay/lid_cam_ws/build/rel_vel/build install --record /home/anthony/lidar_camera_overlay/lid_cam_ws/build/rel_vel/install.log --install-scripts $base/lib/rel_vel --single-version-externally-managed
[1.540s] DEBUG:colcon.colcon_core.event_handler.log_command:Invoking command in '/home/anthony/lidar_camera_overlay/lid_cam_ws/src/lid_cam_calib': CONDA_PROMPT_MODIFIER=(base) PYTHONPATH=/home/anthony/lidar_camera_overlay/lid_cam_ws/build/lid_cam_calib/prefix_override:/home/anthony/lidar_camera_overlay/lid_cam_ws/install/lid_cam_calib/lib/python3.8/site-packages:${PYTHONPATH} /usr/bin/python3 setup.py egg_info --egg-base ../../build/lid_cam_calib build --build-base /home/anthony/lidar_camera_overlay/lid_cam_ws/build/lid_cam_calib/build install --record /home/anthony/lidar_camera_overlay/lid_cam_ws/build/lid_cam_calib/install.log --install-scripts $base/lib/lid_cam_calib --single-version-externally-managed
[1.744s] Level 1:colcon.colcon_core.environment:checking '/home/anthony/lidar_camera_overlay/lid_cam_ws/install/rel_vel' for CMake module files
[1.745s] DEBUG:colcon.colcon_core.event_handler.log_command:Invoked command in '/home/anthony/lidar_camera_overlay/lid_cam_ws/src/rel_vel' returned '0': CONDA_PROMPT_MODIFIER=(base) PYTHONPATH=/home/anthony/lidar_camera_overlay/lid_cam_ws/build/rel_vel/prefix_override:/home/anthony/lidar_camera_overlay/lid_cam_ws/install/rel_vel/lib/python3.8/site-packages:${PYTHONPATH} /usr/bin/python3 setup.py egg_info --egg-base ../../build/rel_vel build --build-base /home/anthony/lidar_camera_overlay/lid_cam_ws/build/rel_vel/build install --record /home/anthony/lidar_camera_overlay/lid_cam_ws/build/rel_vel/install.log --install-scripts $base/lib/rel_vel --single-version-externally-managed
[1.745s] Level 1:colcon.colcon_core.environment:checking '/home/anthony/lidar_camera_overlay/lid_cam_ws/install/rel_vel' for CMake config files
[1.746s] Level 1:colcon.colcon_core.environment:checking '/home/anthony/lidar_camera_overlay/lid_cam_ws/install/rel_vel/lib'
[1.746s] Level 1:colcon.colcon_core.environment:checking '/home/anthony/lidar_camera_overlay/lid_cam_ws/install/rel_vel/bin'
[1.746s] Level 1:colcon.colcon_core.environment:checking '/home/anthony/lidar_camera_overlay/lid_cam_ws/install/rel_vel/lib/pkgconfig/rel_vel.pc'
[1.747s] Level 1:colcon.colcon_core.environment:checking '/home/anthony/lidar_camera_overlay/lid_cam_ws/install/rel_vel/lib/python3.8/site-packages'
[1.747s] Level 1:colcon.colcon_core.shell:create_environment_hook('rel_vel', 'pythonpath')
[1.748s] INFO:colcon.colcon_core.shell:Creating environment hook '/home/anthony/lidar_camera_overlay/lid_cam_ws/install/rel_vel/share/rel_vel/hook/pythonpath.ps1'
[1.749s] INFO:colcon.colcon_core.shell:Creating environment descriptor '/home/anthony/lidar_camera_overlay/lid_cam_ws/install/rel_vel/share/rel_vel/hook/pythonpath.dsv'
[1.752s] INFO:colcon.colcon_core.shell:Creating environment hook '/home/anthony/lidar_camera_overlay/lid_cam_ws/install/rel_vel/share/rel_vel/hook/pythonpath.sh'
[1.753s] Level 1:colcon.colcon_core.environment:checking '/home/anthony/lidar_camera_overlay/lid_cam_ws/install/rel_vel/bin'
[1.753s] Level 1:colcon.colcon_core.environment:create_environment_scripts_only(rel_vel)
[1.755s] INFO:colcon.colcon_core.shell:Creating package script '/home/anthony/lidar_camera_overlay/lid_cam_ws/install/rel_vel/share/rel_vel/package.ps1'
[1.756s] INFO:colcon.colcon_core.shell:Creating package descriptor '/home/anthony/lidar_camera_overlay/lid_cam_ws/install/rel_vel/share/rel_vel/package.dsv'
[1.756s] INFO:colcon.colcon_core.shell:Creating package script '/home/anthony/lidar_camera_overlay/lid_cam_ws/install/rel_vel/share/rel_vel/package.sh'
[1.757s] INFO:colcon.colcon_core.shell:Creating package script '/home/anthony/lidar_camera_overlay/lid_cam_ws/install/rel_vel/share/rel_vel/package.bash'
[1.757s] INFO:colcon.colcon_core.shell:Creating package script '/home/anthony/lidar_camera_overlay/lid_cam_ws/install/rel_vel/share/rel_vel/package.zsh'
[1.757s] Level 1:colcon.colcon_core.environment:create_file_with_runtime_dependencies(/home/anthony/lidar_camera_overlay/lid_cam_ws/install/rel_vel/share/colcon-core/packages/rel_vel)
[1.761s] Level 1:colcon.colcon_core.environment:checking '/home/anthony/lidar_camera_overlay/lid_cam_ws/install/ip_parser' for CMake module files
[1.762s] Level 1:colcon.colcon_core.environment:checking '/home/anthony/lidar_camera_overlay/lid_cam_ws/install/ip_parser' for CMake config files
[1.763s] DEBUG:colcon.colcon_core.event_handler.log_command:Invoked command in '/home/anthony/lidar_camera_overlay/lid_cam_ws/src/ip_parser' returned '0': CONDA_PROMPT_MODIFIER=(base) PYTHONPATH=/home/anthony/lidar_camera_overlay/lid_cam_ws/build/ip_parser/prefix_override:/home/anthony/lidar_camera_overlay/lid_cam_ws/install/ip_parser/lib/python3.8/site-packages:${PYTHONPATH} /usr/bin/python3 setup.py egg_info --egg-base ../../build/ip_parser build --build-base /home/anthony/lidar_camera_overlay/lid_cam_ws/build/ip_parser/build install --record /home/anthony/lidar_camera_overlay/lid_cam_ws/build/ip_parser/install.log --install-scripts $base/lib/ip_parser --single-version-externally-managed
[1.763s] Level 1:colcon.colcon_core.environment:checking '/home/anthony/lidar_camera_overlay/lid_cam_ws/install/ip_parser/lib'
[1.763s] Level 1:colcon.colcon_core.environment:checking '/home/anthony/lidar_camera_overlay/lid_cam_ws/install/ip_parser/bin'
[1.764s] Level 1:colcon.colcon_core.environment:checking '/home/anthony/lidar_camera_overlay/lid_cam_ws/install/ip_parser/lib/pkgconfig/ip_parser.pc'
[1.764s] Level 1:colcon.colcon_core.environment:checking '/home/anthony/lidar_camera_overlay/lid_cam_ws/install/ip_parser/lib/python3.8/site-packages'
[1.764s] Level 1:colcon.colcon_core.shell:create_environment_hook('ip_parser', 'pythonpath')
[1.765s] INFO:colcon.colcon_core.shell:Creating environment hook '/home/anthony/lidar_camera_overlay/lid_cam_ws/install/ip_parser/share/ip_parser/hook/pythonpath.ps1'
[1.766s] INFO:colcon.colcon_core.shell:Creating environment descriptor '/home/anthony/lidar_camera_overlay/lid_cam_ws/install/ip_parser/share/ip_parser/hook/pythonpath.dsv'
[1.766s] INFO:colcon.colcon_core.shell:Creating environment hook '/home/anthony/lidar_camera_overlay/lid_cam_ws/install/ip_parser/share/ip_parser/hook/pythonpath.sh'
[1.766s] Level 1:colcon.colcon_core.environment:checking '/home/anthony/lidar_camera_overlay/lid_cam_ws/install/ip_parser/bin'
[1.766s] Level 1:colcon.colcon_core.environment:create_environment_scripts_only(ip_parser)
[1.768s] INFO:colcon.colcon_core.shell:Creating package script '/home/anthony/lidar_camera_overlay/lid_cam_ws/install/ip_parser/share/ip_parser/package.ps1'
[1.768s] INFO:colcon.colcon_core.shell:Creating package descriptor '/home/anthony/lidar_camera_overlay/lid_cam_ws/install/ip_parser/share/ip_parser/package.dsv'
[1.768s] INFO:colcon.colcon_core.shell:Creating package script '/home/anthony/lidar_camera_overlay/lid_cam_ws/install/ip_parser/share/ip_parser/package.sh'
[1.769s] INFO:colcon.colcon_core.shell:Creating package script '/home/anthony/lidar_camera_overlay/lid_cam_ws/install/ip_parser/share/ip_parser/package.bash'
[1.769s] INFO:colcon.colcon_core.shell:Creating package script '/home/anthony/lidar_camera_overlay/lid_cam_ws/install/ip_parser/share/ip_parser/package.zsh'
[1.770s] Level 1:colcon.colcon_core.environment:create_file_with_runtime_dependencies(/home/anthony/lidar_camera_overlay/lid_cam_ws/install/ip_parser/share/colcon-core/packages/ip_parser)
[1.775s] Level 1:colcon.colcon_core.environment:checking '/home/anthony/lidar_camera_overlay/lid_cam_ws/install/lid_cam_calib' for CMake module files
[1.776s] DEBUG:colcon.colcon_core.event_handler.log_command:Invoked command in '/home/anthony/lidar_camera_overlay/lid_cam_ws/src/lid_cam_calib' returned '0': CONDA_PROMPT_MODIFIER=(base) PYTHONPATH=/home/anthony/lidar_camera_overlay/lid_cam_ws/build/lid_cam_calib/prefix_override:/home/anthony/lidar_camera_overlay/lid_cam_ws/install/lid_cam_calib/lib/python3.8/site-packages:${PYTHONPATH} /usr/bin/python3 setup.py egg_info --egg-base ../../build/lid_cam_calib build --build-base /home/anthony/lidar_camera_overlay/lid_cam_ws/build/lid_cam_calib/build install --record /home/anthony/lidar_camera_overlay/lid_cam_ws/build/lid_cam_calib/install.log --install-scripts $base/lib/lid_cam_calib --single-version-externally-managed
[1.777s] Level 1:colcon.colcon_core.environment:checking '/home/anthony/lidar_camera_overlay/lid_cam_ws/install/lid_cam_calib' for CMake config files
[1.777s] Level 1:colcon.colcon_core.environment:checking '/home/anthony/lidar_camera_overlay/lid_cam_ws/install/lid_cam_calib/lib'
[1.777s] Level 1:colcon.colcon_core.environment:checking '/home/anthony/lidar_camera_overlay/lid_cam_ws/install/lid_cam_calib/bin'
[1.777s] Level 1:colcon.colcon_core.environment:checking '/home/anthony/lidar_camera_overlay/lid_cam_ws/install/lid_cam_calib/lib/pkgconfig/lid_cam_calib.pc'
[1.778s] Level 1:colcon.colcon_core.environment:checking '/home/anthony/lidar_camera_overlay/lid_cam_ws/install/lid_cam_calib/lib/python3.8/site-packages'
[1.778s] Level 1:colcon.colcon_core.shell:create_environment_hook('lid_cam_calib', 'pythonpath')
[1.779s] INFO:colcon.colcon_core.shell:Creating environment hook '/home/anthony/lidar_camera_overlay/lid_cam_ws/install/lid_cam_calib/share/lid_cam_calib/hook/pythonpath.ps1'
[1.779s] INFO:colcon.colcon_core.shell:Creating environment descriptor '/home/anthony/lidar_camera_overlay/lid_cam_ws/install/lid_cam_calib/share/lid_cam_calib/hook/pythonpath.dsv'
[1.779s] INFO:colcon.colcon_core.shell:Creating environment hook '/home/anthony/lidar_camera_overlay/lid_cam_ws/install/lid_cam_calib/share/lid_cam_calib/hook/pythonpath.sh'
[1.779s] Level 1:colcon.colcon_core.environment:checking '/home/anthony/lidar_camera_overlay/lid_cam_ws/install/lid_cam_calib/bin'
[1.779s] Level 1:colcon.colcon_core.environment:create_environment_scripts_only(lid_cam_calib)
[1.781s] INFO:colcon.colcon_core.shell:Creating package script '/home/anthony/lidar_camera_overlay/lid_cam_ws/install/lid_cam_calib/share/lid_cam_calib/package.ps1'
[1.781s] INFO:colcon.colcon_core.shell:Creating package descriptor '/home/anthony/lidar_camera_overlay/lid_cam_ws/install/lid_cam_calib/share/lid_cam_calib/package.dsv'
[1.781s] INFO:colcon.colcon_core.shell:Creating package script '/home/anthony/lidar_camera_overlay/lid_cam_ws/install/lid_cam_calib/share/lid_cam_calib/package.sh'
[1.782s] INFO:colcon.colcon_core.shell:Creating package script '/home/anthony/lidar_camera_overlay/lid_cam_ws/install/lid_cam_calib/share/lid_cam_calib/package.bash'
[1.782s] INFO:colcon.colcon_core.shell:Creating package script '/home/anthony/lidar_camera_overlay/lid_cam_ws/install/lid_cam_calib/share/lid_cam_calib/package.zsh'
[1.782s] Level 1:colcon.colcon_core.environment:create_file_with_runtime_dependencies(/home/anthony/lidar_camera_overlay/lid_cam_ws/install/lid_cam_calib/share/colcon-core/packages/lid_cam_calib)
[1.782s] DEBUG:colcon.colcon_parallel_executor.executor.parallel:closing loop
[1.783s] DEBUG:colcon.colcon_parallel_executor.executor.parallel:loop closed
[1.783s] DEBUG:colcon.colcon_parallel_executor.executor.parallel:run_until_complete finished with '0'
[1.783s] DEBUG:colcon.colcon_core.event_reactor:joining thread
[1.857s] INFO:colcon.colcon_core.plugin_system:Skipping extension 'colcon_notification.desktop_notification.notify_send': Could not find 'notify-send'
[1.857s] INFO:colcon.colcon_core.plugin_system:Skipping extension 'colcon_notification.desktop_notification.terminal_notifier': Not used on non-Darwin systems
[1.858s] INFO:colcon.colcon_core.plugin_system:Skipping extension 'colcon_notification.desktop_notification.win32': Not used on non-Windows systems
[1.858s] INFO:colcon.colcon_notification.desktop_notification:Sending desktop notification using 'notify2'
[1.865s] DEBUG:colcon.colcon_notification.desktop_notification.notify2:Failed to initialize notify2: org.freedesktop.DBus.Error.ServiceUnknown: The name org.freedesktop.Notifications was not provided by any .service files
[1.865s] DEBUG:colcon.colcon_core.event_reactor:joined thread
[1.867s] INFO:colcon.colcon_core.shell:Creating prefix script '/home/anthony/lidar_camera_overlay/lid_cam_ws/install/local_setup.ps1'
[1.868s] INFO:colcon.colcon_core.shell:Creating prefix util module '/home/anthony/lidar_camera_overlay/lid_cam_ws/install/_local_setup_util_ps1.py'
[1.869s] INFO:colcon.colcon_core.shell:Creating prefix chain script '/home/anthony/lidar_camera_overlay/lid_cam_ws/install/setup.ps1'
[1.870s] INFO:colcon.colcon_core.shell:Creating prefix script '/home/anthony/lidar_camera_overlay/lid_cam_ws/install/local_setup.sh'
[1.872s] INFO:colcon.colcon_core.shell:Creating prefix util module '/home/anthony/lidar_camera_overlay/lid_cam_ws/install/_local_setup_util_sh.py'
[1.872s] INFO:colcon.colcon_core.shell:Creating prefix chain script '/home/anthony/lidar_camera_overlay/lid_cam_ws/install/setup.sh'
[1.874s] INFO:colcon.colcon_core.shell:Creating prefix script '/home/anthony/lidar_camera_overlay/lid_cam_ws/install/local_setup.bash'
[1.874s] INFO:colcon.colcon_core.shell:Creating prefix chain script '/home/anthony/lidar_camera_overlay/lid_cam_ws/install/setup.bash'
[1.875s] INFO:colcon.colcon_core.shell:Creating prefix script '/home/anthony/lidar_camera_overlay/lid_cam_ws/install/local_setup.zsh'
[1.876s] INFO:colcon.colcon_core.shell:Creating prefix chain script '/home/anthony/lidar_camera_overlay/lid_cam_ws/install/setup.zsh'
