[0.947s] Invoking command in '/home/anthony/lidar_camera_overlay/lid_cam_ws/src/lid_cam_calib': CONDA_PROMPT_MODIFIER=(base) PYTHONPATH=/home/anthony/lidar_camera_overlay/lid_cam_ws/build/lid_cam_calib/prefix_override:/home/anthony/lidar_camera_overlay/lid_cam_ws/install/lid_cam_calib/lib/python3.8/site-packages:${PYTHONPATH} /usr/bin/python3 setup.py egg_info --egg-base ../../build/lid_cam_calib build --build-base /home/anthony/lidar_camera_overlay/lid_cam_ws/build/lid_cam_calib/build install --record /home/anthony/lidar_camera_overlay/lid_cam_ws/build/lid_cam_calib/install.log --install-scripts $base/lib/lid_cam_calib --single-version-externally-managed
[1.099s] running egg_info
[1.099s] writing ../../build/lid_cam_calib/lid_cam_calib.egg-info/PKG-INFO
[1.099s] writing dependency_links to ../../build/lid_cam_calib/lid_cam_calib.egg-info/dependency_links.txt
[1.099s] writing entry points to ../../build/lid_cam_calib/lid_cam_calib.egg-info/entry_points.txt
[1.099s] writing requirements to ../../build/lid_cam_calib/lid_cam_calib.egg-info/requires.txt
[1.099s] writing top-level names to ../../build/lid_cam_calib/lid_cam_calib.egg-info/top_level.txt
[1.130s] reading manifest file '../../build/lid_cam_calib/lid_cam_calib.egg-info/SOURCES.txt'
[1.131s] writing manifest file '../../build/lid_cam_calib/lid_cam_calib.egg-info/SOURCES.txt'
[1.132s] running build
[1.132s] running build_py
[1.134s] copying lid_cam_calib/frame_save.py -> /home/anthony/lidar_camera_overlay/lid_cam_ws/build/lid_cam_calib/build/lib/lid_cam_calib
[1.134s] running install
[1.134s] running install_lib
[1.135s] copying /home/anthony/lidar_camera_overlay/lid_cam_ws/build/lid_cam_calib/build/lib/lid_cam_calib/frame_save.py -> /home/anthony/lidar_camera_overlay/lid_cam_ws/install/lid_cam_calib/lib/python3.8/site-packages/lid_cam_calib
[1.136s] byte-compiling /home/anthony/lidar_camera_overlay/lid_cam_ws/install/lid_cam_calib/lib/python3.8/site-packages/lid_cam_calib/frame_save.py to frame_save.cpython-38.pyc
[1.140s] running install_data
[1.140s] running install_egg_info
[1.141s] removing '/home/anthony/lidar_camera_overlay/lid_cam_ws/install/lid_cam_calib/lib/python3.8/site-packages/lid_cam_calib-0.0.0-py3.8.egg-info' (and everything under it)
[1.142s] Copying ../../build/lid_cam_calib/lid_cam_calib.egg-info to /home/anthony/lidar_camera_overlay/lid_cam_ws/install/lid_cam_calib/lib/python3.8/site-packages/lid_cam_calib-0.0.0-py3.8.egg-info
[1.143s] running install_scripts
[1.157s] Installing cepTime script to /home/anthony/lidar_camera_overlay/lid_cam_ws/install/lid_cam_calib/lib/lid_cam_calib
[1.157s] Installing frame_save script to /home/anthony/lidar_camera_overlay/lid_cam_ws/install/lid_cam_calib/lib/lid_cam_calib
[1.158s] Installing lidar_lidar script to /home/anthony/lidar_camera_overlay/lid_cam_ws/install/lid_cam_calib/lib/lid_cam_calib
[1.158s] Installing rectify script to /home/anthony/lidar_camera_overlay/lid_cam_ws/install/lid_cam_calib/lib/lid_cam_calib
[1.159s] Installing timer script to /home/anthony/lidar_camera_overlay/lid_cam_ws/install/lid_cam_calib/lib/lid_cam_calib
[1.159s] writing list of installed files to '/home/anthony/lidar_camera_overlay/lid_cam_ws/build/lid_cam_calib/install.log'
[1.183s] Invoked command in '/home/anthony/lidar_camera_overlay/lid_cam_ws/src/lid_cam_calib' returned '0': CONDA_PROMPT_MODIFIER=(base) PYTHONPATH=/home/anthony/lidar_camera_overlay/lid_cam_ws/build/lid_cam_calib/prefix_override:/home/anthony/lidar_camera_overlay/lid_cam_ws/install/lid_cam_calib/lib/python3.8/site-packages:${PYTHONPATH} /usr/bin/python3 setup.py egg_info --egg-base ../../build/lid_cam_calib build --build-base /home/anthony/lidar_camera_overlay/lid_cam_ws/build/lid_cam_calib/build install --record /home/anthony/lidar_camera_overlay/lid_cam_ws/build/lid_cam_calib/install.log --install-scripts $base/lib/lid_cam_calib --single-version-externally-managed
