running egg_info
creating ../../build/ip_parser/ip_parser.egg-info
writing ../../build/ip_parser/ip_parser.egg-info/PKG-INFO
writing dependency_links to ../../build/ip_parser/ip_parser.egg-info/dependency_links.txt
writing entry points to ../../build/ip_parser/ip_parser.egg-info/entry_points.txt
writing requirements to ../../build/ip_parser/ip_parser.egg-info/requires.txt
writing top-level names to ../../build/ip_parser/ip_parser.egg-info/top_level.txt
writing manifest file '../../build/ip_parser/ip_parser.egg-info/SOURCES.txt'
reading manifest file '../../build/ip_parser/ip_parser.egg-info/SOURCES.txt'
writing manifest file '../../build/ip_parser/ip_parser.egg-info/SOURCES.txt'
running build
running build_py
creating /home/anthony/lidar_camera_overlay/lid_cam_ws/build/ip_parser/build
creating /home/anthony/lidar_camera_overlay/lid_cam_ws/build/ip_parser/build/lib
creating /home/anthony/lidar_camera_overlay/lid_cam_ws/build/ip_parser/build/lib/ip_parser
copying ip_parser/ip_parser.py -> /home/anthony/lidar_camera_overlay/lid_cam_ws/build/ip_parser/build/lib/ip_parser
copying ip_parser/__init__.py -> /home/anthony/lidar_camera_overlay/lid_cam_ws/build/ip_parser/build/lib/ip_parser
running install
running install_lib
creating /home/anthony/lidar_camera_overlay/lid_cam_ws/install/ip_parser/lib/python3.8/site-packages/ip_parser
copying /home/anthony/lidar_camera_overlay/lid_cam_ws/build/ip_parser/build/lib/ip_parser/ip_parser.py -> /home/anthony/lidar_camera_overlay/lid_cam_ws/install/ip_parser/lib/python3.8/site-packages/ip_parser
copying /home/anthony/lidar_camera_overlay/lid_cam_ws/build/ip_parser/build/lib/ip_parser/__init__.py -> /home/anthony/lidar_camera_overlay/lid_cam_ws/install/ip_parser/lib/python3.8/site-packages/ip_parser
byte-compiling /home/anthony/lidar_camera_overlay/lid_cam_ws/install/ip_parser/lib/python3.8/site-packages/ip_parser/ip_parser.py to ip_parser.cpython-38.pyc
byte-compiling /home/anthony/lidar_camera_overlay/lid_cam_ws/install/ip_parser/lib/python3.8/site-packages/ip_parser/__init__.py to __init__.cpython-38.pyc
running install_data
creating /home/anthony/lidar_camera_overlay/lid_cam_ws/install/ip_parser/share/ament_index
creating /home/anthony/lidar_camera_overlay/lid_cam_ws/install/ip_parser/share/ament_index/resource_index
creating /home/anthony/lidar_camera_overlay/lid_cam_ws/install/ip_parser/share/ament_index/resource_index/packages
copying resource/ip_parser -> /home/anthony/lidar_camera_overlay/lid_cam_ws/install/ip_parser/share/ament_index/resource_index/packages
copying package.xml -> /home/anthony/lidar_camera_overlay/lid_cam_ws/install/ip_parser/share/ip_parser
running install_egg_info
Copying ../../build/ip_parser/ip_parser.egg-info to /home/anthony/lidar_camera_overlay/lid_cam_ws/install/ip_parser/lib/python3.8/site-packages/ip_parser-0.0.0-py3.8.egg-info
running install_scripts
Installing ip_parser script to /home/anthony/lidar_camera_overlay/lid_cam_ws/install/ip_parser/lib/ip_parser
writing list of installed files to '/home/anthony/lidar_camera_overlay/lid_cam_ws/build/ip_parser/install.log'
