-- Found ament_cmake: 0.9.12 (/opt/ros/foxy/share/ament_cmake/cmake)
-- Using PYTHON_EXECUTABLE: /home/anthony/miniconda3/bin/python3
-- Override CMake install command with custom implementation using symlinks instead of copying resources
-- Found rclcpp: 2.4.3 (/opt/ros/foxy/share/rclcpp/cmake)
-- Using all available rosidl_typesupport_c: rosidl_typesupport_fastrtps_c;rosidl_typesupport_introspection_c
-- Found rosidl_adapter: 1.3.1 (/opt/ros/foxy/share/rosidl_adapter/cmake)
-- Using all available rosidl_typesupport_cpp: rosidl_typesupport_fastrtps_cpp;rosidl_typesupport_introspection_cpp
-- Found rmw_implementation_cmake: 1.0.4 (/opt/ros/foxy/share/rmw_implementation_cmake/cmake)
-- Using RMW implementation 'rmw_fastrtps_cpp' as default
-- Found sensor_msgs: 2.0.5 (/opt/ros/foxy/share/sensor_msgs/cmake)
-- Found cv_bridge: 3.0.7 (/opt/ros/foxy/share/cv_bridge/cmake)
-- Found ament_lint_auto: 0.9.8 (/opt/ros/foxy/share/ament_lint_auto/cmake)
-- Added test 'copyright' to check source files copyright and LICENSE
-- Added test 'cppcheck' to perform static code analysis on C / C++ code
-- Configured cppcheck include dirs: 
-- Configured cppcheck exclude dirs and/or files: 
-- Added test 'cpplint' to check C / C++ code against the Google style
-- Configured cpplint exclude dirs and/or files: 
-- Added test 'flake8' to check Python code syntax and style conventions
-- Added test 'lint_cmake' to check CMake code style
-- Added test 'pep257' to check Python code against some of the style conventions in PEP 257
-- Added test 'uncrustify' to check C / C++ code style
-- Configured uncrustify additional arguments: 
-- Added test 'xmllint' to check XML markup files
-- Configuring done
-- Generating done
-- Build files have been written to: /home/anthony/lidar_camera_overlay/lid_cam_ws/build/rectify
[ 50%] [32m[1mLinking CXX executable image_rectifier[0m
[100%] Built target image_rectifier
-- Install configuration: ""
-- Execute custom install script
-- Symlinking: /home/anthony/lidar_camera_overlay/lid_cam_ws/install/rectify/lib/rectify/image_rectifier
-- Symlinking: /home/anthony/lidar_camera_overlay/lid_cam_ws/install/rectify/share/ament_index/resource_index/package_run_dependencies/rectify
-- Symlinking: /home/anthony/lidar_camera_overlay/lid_cam_ws/install/rectify/share/ament_index/resource_index/parent_prefix_path/rectify
-- Symlinking: /home/anthony/lidar_camera_overlay/lid_cam_ws/install/rectify/share/rectify/environment/ament_prefix_path.sh
-- Symlinking: /home/anthony/lidar_camera_overlay/lid_cam_ws/install/rectify/share/rectify/environment/ament_prefix_path.dsv
-- Symlinking: /home/anthony/lidar_camera_overlay/lid_cam_ws/install/rectify/share/rectify/environment/path.sh
-- Symlinking: /home/anthony/lidar_camera_overlay/lid_cam_ws/install/rectify/share/rectify/environment/path.dsv
-- Symlinking: /home/anthony/lidar_camera_overlay/lid_cam_ws/install/rectify/share/rectify/local_setup.bash
-- Symlinking: /home/anthony/lidar_camera_overlay/lid_cam_ws/install/rectify/share/rectify/local_setup.sh
-- Symlinking: /home/anthony/lidar_camera_overlay/lid_cam_ws/install/rectify/share/rectify/local_setup.zsh
-- Symlinking: /home/anthony/lidar_camera_overlay/lid_cam_ws/install/rectify/share/rectify/local_setup.dsv
-- Symlinking: /home/anthony/lidar_camera_overlay/lid_cam_ws/install/rectify/share/rectify/package.dsv
-- Symlinking: /home/anthony/lidar_camera_overlay/lid_cam_ws/install/rectify/share/ament_index/resource_index/packages/rectify
-- Symlinking: /home/anthony/lidar_camera_overlay/lid_cam_ws/install/rectify/share/rectify/cmake/rectifyConfig.cmake
-- Symlinking: /home/anthony/lidar_camera_overlay/lid_cam_ws/install/rectify/share/rectify/cmake/rectifyConfig-version.cmake
-- Symlinking: /home/anthony/lidar_camera_overlay/lid_cam_ws/install/rectify/share/rectify/package.xml
