[1.180s] DEBUG:colcon:Command line arguments: ['/usr/bin/colcon', 'build']
[1.180s] DEBUG:colcon:Parsed command line arguments: Namespace(allow_overriding=[], ament_cmake_args=None, base_paths=['.'], build_base='build', catkin_cmake_args=None, catkin_skip_building_tests=False, cmake_args=None, cmake_clean_cache=False, cmake_clean_first=False, cmake_force_configure=False, cmake_target=None, cmake_target_skip_unavailable=False, continue_on_error=False, event_handlers=None, executor='parallel', ignore_user_meta=False, install_base='install', log_base=None, log_level=None, main=<bound method BuildVerb.main of <colcon_core.verb.build.BuildVerb object at 0x7f88ee552370>>, merge_install=False, metas=['./colcon.meta'], packages_above=None, packages_above_and_dependencies=None, packages_above_depth=None, packages_end=None, packages_ignore=None, packages_ignore_regex=None, packages_select=None, packages_select_build_failed=False, packages_select_by_dep=None, packages_select_regex=None, packages_select_test_failures=False, packages_skip=None, packages_skip_build_finished=False, packages_skip_by_dep=None, packages_skip_regex=None, packages_skip_test_passed=False, packages_skip_up_to=None, packages_start=None, packages_up_to=None, packages_up_to_regex=None, parallel_workers=16, paths=None, symlink_install=False, test_result_base=None, verb_extension=<colcon_core.verb.build.BuildVerb object at 0x7f88ee552370>, verb_name='build', verb_parser=<colcon_defaults.argument_parser.defaults.DefaultArgumentsDecorator object at 0x7f88ee5528b0>)
[1.264s] Level 1:colcon.colcon_core.package_discovery:discover_packages(colcon_meta) check parameters
[1.264s] Level 1:colcon.colcon_core.package_discovery:discover_packages(recursive) check parameters
[1.264s] Level 1:colcon.colcon_core.package_discovery:discover_packages(ignore) check parameters
[1.264s] Level 1:colcon.colcon_core.package_discovery:discover_packages(path) check parameters
[1.264s] Level 1:colcon.colcon_core.package_discovery:discover_packages(colcon_meta) discover
[1.264s] Level 1:colcon.colcon_core.package_discovery:discover_packages(recursive) discover
[1.264s] INFO:colcon.colcon_core.package_discovery:Crawling recursively for packages in '/home/anthony/lidar_camera_overlay/lid_cam_ws'
[1.265s] Level 1:colcon.colcon_core.package_identification:_identify(.) by extensions ['ignore', 'ignore_ament_install']
[1.265s] Level 1:colcon.colcon_core.package_identification:_identify(.) by extension 'ignore'
[1.265s] Level 1:colcon.colcon_core.package_identification:_identify(.) by extension 'ignore_ament_install'
[1.265s] Level 1:colcon.colcon_core.package_identification:_identify(.) by extensions ['colcon_pkg']
[1.265s] Level 1:colcon.colcon_core.package_identification:_identify(.) by extension 'colcon_pkg'
[1.265s] Level 1:colcon.colcon_core.package_identification:_identify(.) by extensions ['colcon_meta']
[1.265s] Level 1:colcon.colcon_core.package_identification:_identify(.) by extension 'colcon_meta'
[1.266s] Level 1:colcon.colcon_core.package_identification:_identify(.) by extensions ['ros']
[1.266s] Level 1:colcon.colcon_core.package_identification:_identify(.) by extension 'ros'
[1.295s] Level 1:colcon.colcon_core.package_identification:_identify(.) by extensions ['cmake', 'python']
[1.295s] Level 1:colcon.colcon_core.package_identification:_identify(.) by extension 'cmake'
[1.295s] Level 1:colcon.colcon_core.package_identification:_identify(.) by extension 'python'
[1.295s] Level 1:colcon.colcon_core.package_identification:_identify(.) by extensions ['python_setup_py']
[1.295s] Level 1:colcon.colcon_core.package_identification:_identify(.) by extension 'python_setup_py'
[1.296s] Level 1:colcon.colcon_core.package_identification:_identify(build) by extensions ['ignore', 'ignore_ament_install']
[1.296s] Level 1:colcon.colcon_core.package_identification:_identify(build) by extension 'ignore'
[1.296s] Level 1:colcon.colcon_core.package_identification:_identify(build) ignored
[1.297s] Level 1:colcon.colcon_core.package_identification:_identify(install) by extensions ['ignore', 'ignore_ament_install']
[1.297s] Level 1:colcon.colcon_core.package_identification:_identify(install) by extension 'ignore'
[1.297s] Level 1:colcon.colcon_core.package_identification:_identify(install) ignored
[1.297s] Level 1:colcon.colcon_core.package_identification:_identify(log) by extensions ['ignore', 'ignore_ament_install']
[1.297s] Level 1:colcon.colcon_core.package_identification:_identify(log) by extension 'ignore'
[1.297s] Level 1:colcon.colcon_core.package_identification:_identify(log) ignored
[1.298s] Level 1:colcon.colcon_core.package_identification:_identify(src) by extensions ['ignore', 'ignore_ament_install']
[1.298s] Level 1:colcon.colcon_core.package_identification:_identify(src) by extension 'ignore'
[1.298s] Level 1:colcon.colcon_core.package_identification:_identify(src) by extension 'ignore_ament_install'
[1.298s] Level 1:colcon.colcon_core.package_identification:_identify(src) by extensions ['colcon_pkg']
[1.298s] Level 1:colcon.colcon_core.package_identification:_identify(src) by extension 'colcon_pkg'
[1.298s] Level 1:colcon.colcon_core.package_identification:_identify(src) by extensions ['colcon_meta']
[1.298s] Level 1:colcon.colcon_core.package_identification:_identify(src) by extension 'colcon_meta'
[1.298s] Level 1:colcon.colcon_core.package_identification:_identify(src) by extensions ['ros']
[1.298s] Level 1:colcon.colcon_core.package_identification:_identify(src) by extension 'ros'
[1.298s] Level 1:colcon.colcon_core.package_identification:_identify(src) by extensions ['cmake', 'python']
[1.298s] Level 1:colcon.colcon_core.package_identification:_identify(src) by extension 'cmake'
[1.298s] Level 1:colcon.colcon_core.package_identification:_identify(src) by extension 'python'
[1.298s] Level 1:colcon.colcon_core.package_identification:_identify(src) by extensions ['python_setup_py']
[1.298s] Level 1:colcon.colcon_core.package_identification:_identify(src) by extension 'python_setup_py'
[1.299s] Level 1:colcon.colcon_core.package_identification:_identify(src/Year2-Lidar_Cam_Calibration) by extensions ['ignore', 'ignore_ament_install']
[1.299s] Level 1:colcon.colcon_core.package_identification:_identify(src/Year2-Lidar_Cam_Calibration) by extension 'ignore'
[1.299s] Level 1:colcon.colcon_core.package_identification:_identify(src/Year2-Lidar_Cam_Calibration) by extension 'ignore_ament_install'
[1.299s] Level 1:colcon.colcon_core.package_identification:_identify(src/Year2-Lidar_Cam_Calibration) by extensions ['colcon_pkg']
[1.299s] Level 1:colcon.colcon_core.package_identification:_identify(src/Year2-Lidar_Cam_Calibration) by extension 'colcon_pkg'
[1.299s] Level 1:colcon.colcon_core.package_identification:_identify(src/Year2-Lidar_Cam_Calibration) by extensions ['colcon_meta']
[1.299s] Level 1:colcon.colcon_core.package_identification:_identify(src/Year2-Lidar_Cam_Calibration) by extension 'colcon_meta'
[1.299s] Level 1:colcon.colcon_core.package_identification:_identify(src/Year2-Lidar_Cam_Calibration) by extensions ['ros']
[1.299s] Level 1:colcon.colcon_core.package_identification:_identify(src/Year2-Lidar_Cam_Calibration) by extension 'ros'
[1.299s] Level 1:colcon.colcon_core.package_identification:_identify(src/Year2-Lidar_Cam_Calibration) by extensions ['cmake', 'python']
[1.299s] Level 1:colcon.colcon_core.package_identification:_identify(src/Year2-Lidar_Cam_Calibration) by extension 'cmake'
[1.299s] Level 1:colcon.colcon_core.package_identification:_identify(src/Year2-Lidar_Cam_Calibration) by extension 'python'
[1.300s] Level 1:colcon.colcon_core.package_identification:_identify(src/Year2-Lidar_Cam_Calibration) by extensions ['python_setup_py']
[1.300s] Level 1:colcon.colcon_core.package_identification:_identify(src/Year2-Lidar_Cam_Calibration) by extension 'python_setup_py'
[1.300s] Level 1:colcon.colcon_core.package_identification:_identify(src/build) by extensions ['ignore', 'ignore_ament_install']
[1.300s] Level 1:colcon.colcon_core.package_identification:_identify(src/build) by extension 'ignore'
[1.300s] Level 1:colcon.colcon_core.package_identification:_identify(src/build) ignored
[1.301s] Level 1:colcon.colcon_core.package_identification:_identify(src/custom_interfaces) by extensions ['ignore', 'ignore_ament_install']
[1.301s] Level 1:colcon.colcon_core.package_identification:_identify(src/custom_interfaces) by extension 'ignore'
[1.301s] Level 1:colcon.colcon_core.package_identification:_identify(src/custom_interfaces) by extension 'ignore_ament_install'
[1.301s] Level 1:colcon.colcon_core.package_identification:_identify(src/custom_interfaces) by extensions ['colcon_pkg']
[1.301s] Level 1:colcon.colcon_core.package_identification:_identify(src/custom_interfaces) by extension 'colcon_pkg'
[1.301s] Level 1:colcon.colcon_core.package_identification:_identify(src/custom_interfaces) by extensions ['colcon_meta']
[1.301s] Level 1:colcon.colcon_core.package_identification:_identify(src/custom_interfaces) by extension 'colcon_meta'
[1.301s] Level 1:colcon.colcon_core.package_identification:_identify(src/custom_interfaces) by extensions ['ros']
[1.301s] Level 1:colcon.colcon_core.package_identification:_identify(src/custom_interfaces) by extension 'ros'
[1.306s] DEBUG:colcon.colcon_core.package_identification:Package 'src/custom_interfaces' with type 'ros.ament_cmake' and name 'custom_interfaces'
[1.306s] Level 1:colcon.colcon_core.package_identification:_identify(src/install) by extensions ['ignore', 'ignore_ament_install']
[1.306s] Level 1:colcon.colcon_core.package_identification:_identify(src/install) by extension 'ignore'
[1.306s] Level 1:colcon.colcon_core.package_identification:_identify(src/install) ignored
[1.307s] Level 1:colcon.colcon_core.package_identification:_identify(src/ip_parser) by extensions ['ignore', 'ignore_ament_install']
[1.307s] Level 1:colcon.colcon_core.package_identification:_identify(src/ip_parser) by extension 'ignore'
[1.307s] Level 1:colcon.colcon_core.package_identification:_identify(src/ip_parser) by extension 'ignore_ament_install'
[1.307s] Level 1:colcon.colcon_core.package_identification:_identify(src/ip_parser) by extensions ['colcon_pkg']
[1.307s] Level 1:colcon.colcon_core.package_identification:_identify(src/ip_parser) by extension 'colcon_pkg'
[1.307s] Level 1:colcon.colcon_core.package_identification:_identify(src/ip_parser) by extensions ['colcon_meta']
[1.307s] Level 1:colcon.colcon_core.package_identification:_identify(src/ip_parser) by extension 'colcon_meta'
[1.307s] Level 1:colcon.colcon_core.package_identification:_identify(src/ip_parser) by extensions ['ros']
[1.307s] Level 1:colcon.colcon_core.package_identification:_identify(src/ip_parser) by extension 'ros'
[1.308s] DEBUG:colcon.colcon_core.package_identification:Package 'src/ip_parser' with type 'ros.ament_python' and name 'ip_parser'
[1.309s] Level 1:colcon.colcon_core.package_identification:_identify(src/lid_cam_calib) by extensions ['ignore', 'ignore_ament_install']
[1.309s] Level 1:colcon.colcon_core.package_identification:_identify(src/lid_cam_calib) by extension 'ignore'
[1.309s] Level 1:colcon.colcon_core.package_identification:_identify(src/lid_cam_calib) by extension 'ignore_ament_install'
[1.309s] Level 1:colcon.colcon_core.package_identification:_identify(src/lid_cam_calib) by extensions ['colcon_pkg']
[1.309s] Level 1:colcon.colcon_core.package_identification:_identify(src/lid_cam_calib) by extension 'colcon_pkg'
[1.309s] Level 1:colcon.colcon_core.package_identification:_identify(src/lid_cam_calib) by extensions ['colcon_meta']
[1.309s] Level 1:colcon.colcon_core.package_identification:_identify(src/lid_cam_calib) by extension 'colcon_meta'
[1.309s] Level 1:colcon.colcon_core.package_identification:_identify(src/lid_cam_calib) by extensions ['ros']
[1.309s] Level 1:colcon.colcon_core.package_identification:_identify(src/lid_cam_calib) by extension 'ros'
[1.310s] DEBUG:colcon.colcon_core.package_identification:Package 'src/lid_cam_calib' with type 'ros.ament_python' and name 'lid_cam_calib'
[1.311s] Level 1:colcon.colcon_core.package_identification:_identify(src/log) by extensions ['ignore', 'ignore_ament_install']
[1.311s] Level 1:colcon.colcon_core.package_identification:_identify(src/log) by extension 'ignore'
[1.311s] Level 1:colcon.colcon_core.package_identification:_identify(src/log) ignored
[1.312s] Level 1:colcon.colcon_core.package_identification:_identify(src/rectify) by extensions ['ignore', 'ignore_ament_install']
[1.312s] Level 1:colcon.colcon_core.package_identification:_identify(src/rectify) by extension 'ignore'
[1.312s] Level 1:colcon.colcon_core.package_identification:_identify(src/rectify) by extension 'ignore_ament_install'
[1.312s] Level 1:colcon.colcon_core.package_identification:_identify(src/rectify) by extensions ['colcon_pkg']
[1.312s] Level 1:colcon.colcon_core.package_identification:_identify(src/rectify) by extension 'colcon_pkg'
[1.312s] Level 1:colcon.colcon_core.package_identification:_identify(src/rectify) by extensions ['colcon_meta']
[1.312s] Level 1:colcon.colcon_core.package_identification:_identify(src/rectify) by extension 'colcon_meta'
[1.312s] Level 1:colcon.colcon_core.package_identification:_identify(src/rectify) by extensions ['ros']
[1.312s] Level 1:colcon.colcon_core.package_identification:_identify(src/rectify) by extension 'ros'
[1.313s] DEBUG:colcon.colcon_core.package_identification:Package 'src/rectify' with type 'ros.ament_cmake' and name 'rectify'
[1.314s] Level 1:colcon.colcon_core.package_identification:_identify(src/rel_vel) by extensions ['ignore', 'ignore_ament_install']
[1.314s] Level 1:colcon.colcon_core.package_identification:_identify(src/rel_vel) by extension 'ignore'
[1.314s] Level 1:colcon.colcon_core.package_identification:_identify(src/rel_vel) by extension 'ignore_ament_install'
[1.314s] Level 1:colcon.colcon_core.package_identification:_identify(src/rel_vel) by extensions ['colcon_pkg']
[1.314s] Level 1:colcon.colcon_core.package_identification:_identify(src/rel_vel) by extension 'colcon_pkg'
[1.314s] Level 1:colcon.colcon_core.package_identification:_identify(src/rel_vel) by extensions ['colcon_meta']
[1.314s] Level 1:colcon.colcon_core.package_identification:_identify(src/rel_vel) by extension 'colcon_meta'
[1.314s] Level 1:colcon.colcon_core.package_identification:_identify(src/rel_vel) by extensions ['ros']
[1.314s] Level 1:colcon.colcon_core.package_identification:_identify(src/rel_vel) by extension 'ros'
[1.315s] DEBUG:colcon.colcon_core.package_identification:Package 'src/rel_vel' with type 'ros.ament_python' and name 'rel_vel'
[1.315s] Level 1:colcon.colcon_core.package_discovery:discover_packages(recursive) using defaults
[1.315s] Level 1:colcon.colcon_core.package_discovery:discover_packages(ignore) discover
[1.315s] Level 1:colcon.colcon_core.package_discovery:discover_packages(ignore) using defaults
[1.315s] Level 1:colcon.colcon_core.package_discovery:discover_packages(path) discover
[1.315s] Level 1:colcon.colcon_core.package_discovery:discover_packages(path) using defaults
[1.370s] Level 1:colcon.colcon_core.package_discovery:discover_packages(prefix_path) check parameters
[1.370s] Level 1:colcon.colcon_core.package_discovery:discover_packages(prefix_path) discover
[1.389s] WARNING:colcon.colcon_ros.prefix_path.catkin:The path '/home/anthony/lidar_camera_overlay/lid_cam_ws/install/perception_frame' in the environment variable CMAKE_PREFIX_PATH doesn't exist
[1.395s] DEBUG:colcon.colcon_installed_package_information.package_discovery:Found 5 installed packages in /home/anthony/lidar_camera_overlay/lid_cam_ws/install
[1.402s] DEBUG:colcon.colcon_installed_package_information.package_discovery:Found 302 installed packages in /opt/ros/foxy
[1.405s] Level 1:colcon.colcon_core.package_discovery:discover_packages(prefix_path) using defaults
[1.668s] Level 5:colcon.colcon_core.verb:set package 'custom_interfaces' build argument 'cmake_args' from command line to 'None'
[1.668s] Level 5:colcon.colcon_core.verb:set package 'custom_interfaces' build argument 'cmake_target' from command line to 'None'
[1.668s] Level 5:colcon.colcon_core.verb:set package 'custom_interfaces' build argument 'cmake_target_skip_unavailable' from command line to 'False'
[1.668s] Level 5:colcon.colcon_core.verb:set package 'custom_interfaces' build argument 'cmake_clean_cache' from command line to 'False'
[1.668s] Level 5:colcon.colcon_core.verb:set package 'custom_interfaces' build argument 'cmake_clean_first' from command line to 'False'
[1.669s] Level 5:colcon.colcon_core.verb:set package 'custom_interfaces' build argument 'cmake_force_configure' from command line to 'False'
[1.669s] Level 5:colcon.colcon_core.verb:set package 'custom_interfaces' build argument 'ament_cmake_args' from command line to 'None'
[1.669s] Level 5:colcon.colcon_core.verb:set package 'custom_interfaces' build argument 'catkin_cmake_args' from command line to 'None'
[1.669s] Level 5:colcon.colcon_core.verb:set package 'custom_interfaces' build argument 'catkin_skip_building_tests' from command line to 'False'
[1.669s] DEBUG:colcon.colcon_core.verb:Building package 'custom_interfaces' with the following arguments: {'ament_cmake_args': None, 'build_base': '/home/anthony/lidar_camera_overlay/lid_cam_ws/build/custom_interfaces', 'catkin_cmake_args': None, 'catkin_skip_building_tests': False, 'cmake_args': None, 'cmake_clean_cache': False, 'cmake_clean_first': False, 'cmake_force_configure': False, 'cmake_target': None, 'cmake_target_skip_unavailable': False, 'install_base': '/home/anthony/lidar_camera_overlay/lid_cam_ws/install/custom_interfaces', 'merge_install': False, 'path': '/home/anthony/lidar_camera_overlay/lid_cam_ws/src/custom_interfaces', 'symlink_install': False, 'test_result_base': None}
[1.670s] Level 5:colcon.colcon_core.verb:set package 'ip_parser' build argument 'cmake_args' from command line to 'None'
[1.670s] Level 5:colcon.colcon_core.verb:set package 'ip_parser' build argument 'cmake_target' from command line to 'None'
[1.670s] Level 5:colcon.colcon_core.verb:set package 'ip_parser' build argument 'cmake_target_skip_unavailable' from command line to 'False'
[1.670s] Level 5:colcon.colcon_core.verb:set package 'ip_parser' build argument 'cmake_clean_cache' from command line to 'False'
[1.670s] Level 5:colcon.colcon_core.verb:set package 'ip_parser' build argument 'cmake_clean_first' from command line to 'False'
[1.670s] Level 5:colcon.colcon_core.verb:set package 'ip_parser' build argument 'cmake_force_configure' from command line to 'False'
[1.670s] Level 5:colcon.colcon_core.verb:set package 'ip_parser' build argument 'ament_cmake_args' from command line to 'None'
[1.670s] Level 5:colcon.colcon_core.verb:set package 'ip_parser' build argument 'catkin_cmake_args' from command line to 'None'
[1.670s] Level 5:colcon.colcon_core.verb:set package 'ip_parser' build argument 'catkin_skip_building_tests' from command line to 'False'
[1.670s] DEBUG:colcon.colcon_core.verb:Building package 'ip_parser' with the following arguments: {'ament_cmake_args': None, 'build_base': '/home/anthony/lidar_camera_overlay/lid_cam_ws/build/ip_parser', 'catkin_cmake_args': None, 'catkin_skip_building_tests': False, 'cmake_args': None, 'cmake_clean_cache': False, 'cmake_clean_first': False, 'cmake_force_configure': False, 'cmake_target': None, 'cmake_target_skip_unavailable': False, 'install_base': '/home/anthony/lidar_camera_overlay/lid_cam_ws/install/ip_parser', 'merge_install': False, 'path': '/home/anthony/lidar_camera_overlay/lid_cam_ws/src/ip_parser', 'symlink_install': False, 'test_result_base': None}
[1.672s] Level 5:colcon.colcon_core.verb:set package 'lid_cam_calib' build argument 'cmake_args' from command line to 'None'
[1.672s] Level 5:colcon.colcon_core.verb:set package 'lid_cam_calib' build argument 'cmake_target' from command line to 'None'
[1.672s] Level 5:colcon.colcon_core.verb:set package 'lid_cam_calib' build argument 'cmake_target_skip_unavailable' from command line to 'False'
[1.672s] Level 5:colcon.colcon_core.verb:set package 'lid_cam_calib' build argument 'cmake_clean_cache' from command line to 'False'
[1.672s] Level 5:colcon.colcon_core.verb:set package 'lid_cam_calib' build argument 'cmake_clean_first' from command line to 'False'
[1.672s] Level 5:colcon.colcon_core.verb:set package 'lid_cam_calib' build argument 'cmake_force_configure' from command line to 'False'
[1.672s] Level 5:colcon.colcon_core.verb:set package 'lid_cam_calib' build argument 'ament_cmake_args' from command line to 'None'
[1.672s] Level 5:colcon.colcon_core.verb:set package 'lid_cam_calib' build argument 'catkin_cmake_args' from command line to 'None'
[1.672s] Level 5:colcon.colcon_core.verb:set package 'lid_cam_calib' build argument 'catkin_skip_building_tests' from command line to 'False'
[1.672s] DEBUG:colcon.colcon_core.verb:Building package 'lid_cam_calib' with the following arguments: {'ament_cmake_args': None, 'build_base': '/home/anthony/lidar_camera_overlay/lid_cam_ws/build/lid_cam_calib', 'catkin_cmake_args': None, 'catkin_skip_building_tests': False, 'cmake_args': None, 'cmake_clean_cache': False, 'cmake_clean_first': False, 'cmake_force_configure': False, 'cmake_target': None, 'cmake_target_skip_unavailable': False, 'install_base': '/home/anthony/lidar_camera_overlay/lid_cam_ws/install/lid_cam_calib', 'merge_install': False, 'path': '/home/anthony/lidar_camera_overlay/lid_cam_ws/src/lid_cam_calib', 'symlink_install': False, 'test_result_base': None}
[1.673s] Level 5:colcon.colcon_core.verb:set package 'rectify' build argument 'cmake_args' from command line to 'None'
[1.673s] Level 5:colcon.colcon_core.verb:set package 'rectify' build argument 'cmake_target' from command line to 'None'
[1.673s] Level 5:colcon.colcon_core.verb:set package 'rectify' build argument 'cmake_target_skip_unavailable' from command line to 'False'
[1.674s] Level 5:colcon.colcon_core.verb:set package 'rectify' build argument 'cmake_clean_cache' from command line to 'False'
[1.674s] Level 5:colcon.colcon_core.verb:set package 'rectify' build argument 'cmake_clean_first' from command line to 'False'
[1.674s] Level 5:colcon.colcon_core.verb:set package 'rectify' build argument 'cmake_force_configure' from command line to 'False'
[1.674s] Level 5:colcon.colcon_core.verb:set package 'rectify' build argument 'ament_cmake_args' from command line to 'None'
[1.674s] Level 5:colcon.colcon_core.verb:set package 'rectify' build argument 'catkin_cmake_args' from command line to 'None'
[1.674s] Level 5:colcon.colcon_core.verb:set package 'rectify' build argument 'catkin_skip_building_tests' from command line to 'False'
[1.674s] DEBUG:colcon.colcon_core.verb:Building package 'rectify' with the following arguments: {'ament_cmake_args': None, 'build_base': '/home/anthony/lidar_camera_overlay/lid_cam_ws/build/rectify', 'catkin_cmake_args': None, 'catkin_skip_building_tests': False, 'cmake_args': None, 'cmake_clean_cache': False, 'cmake_clean_first': False, 'cmake_force_configure': False, 'cmake_target': None, 'cmake_target_skip_unavailable': False, 'install_base': '/home/anthony/lidar_camera_overlay/lid_cam_ws/install/rectify', 'merge_install': False, 'path': '/home/anthony/lidar_camera_overlay/lid_cam_ws/src/rectify', 'symlink_install': False, 'test_result_base': None}
[1.675s] Level 5:colcon.colcon_core.verb:set package 'rel_vel' build argument 'cmake_args' from command line to 'None'
[1.675s] Level 5:colcon.colcon_core.verb:set package 'rel_vel' build argument 'cmake_target' from command line to 'None'
[1.675s] Level 5:colcon.colcon_core.verb:set package 'rel_vel' build argument 'cmake_target_skip_unavailable' from command line to 'False'
[1.675s] Level 5:colcon.colcon_core.verb:set package 'rel_vel' build argument 'cmake_clean_cache' from command line to 'False'
[1.675s] Level 5:colcon.colcon_core.verb:set package 'rel_vel' build argument 'cmake_clean_first' from command line to 'False'
[1.675s] Level 5:colcon.colcon_core.verb:set package 'rel_vel' build argument 'cmake_force_configure' from command line to 'False'
[1.675s] Level 5:colcon.colcon_core.verb:set package 'rel_vel' build argument 'ament_cmake_args' from command line to 'None'
[1.675s] Level 5:colcon.colcon_core.verb:set package 'rel_vel' build argument 'catkin_cmake_args' from command line to 'None'
[1.675s] Level 5:colcon.colcon_core.verb:set package 'rel_vel' build argument 'catkin_skip_building_tests' from command line to 'False'
[1.675s] DEBUG:colcon.colcon_core.verb:Building package 'rel_vel' with the following arguments: {'ament_cmake_args': None, 'build_base': '/home/anthony/lidar_camera_overlay/lid_cam_ws/build/rel_vel', 'catkin_cmake_args': None, 'catkin_skip_building_tests': False, 'cmake_args': None, 'cmake_clean_cache': False, 'cmake_clean_first': False, 'cmake_force_configure': False, 'cmake_target': None, 'cmake_target_skip_unavailable': False, 'install_base': '/home/anthony/lidar_camera_overlay/lid_cam_ws/install/rel_vel', 'merge_install': False, 'path': '/home/anthony/lidar_camera_overlay/lid_cam_ws/src/rel_vel', 'symlink_install': False, 'test_result_base': None}
[1.676s] INFO:colcon.colcon_core.executor:Executing jobs using 'parallel' executor
[1.681s] DEBUG:colcon.colcon_parallel_executor.executor.parallel:run_until_complete
[1.681s] INFO:colcon.colcon_ros.task.ament_cmake.build:Building ROS package in '/home/anthony/lidar_camera_overlay/lid_cam_ws/src/custom_interfaces' with build type 'ament_cmake'
[1.682s] INFO:colcon.colcon_cmake.task.cmake.build:Building CMake package in '/home/anthony/lidar_camera_overlay/lid_cam_ws/src/custom_interfaces'
[1.697s] INFO:colcon.colcon_core.plugin_system:Skipping extension 'colcon_core.shell.bat': Not used on non-Windows systems
[1.697s] INFO:colcon.colcon_core.shell:Skip shell extension 'powershell' for command environment: Not usable outside of PowerShell
[1.697s] DEBUG:colcon.colcon_core.shell:Skip shell extension 'dsv' for command environment
[1.710s] INFO:colcon.colcon_ros.task.ament_python.build:Building ROS package in '/home/anthony/lidar_camera_overlay/lid_cam_ws/src/ip_parser' with build type 'ament_python'
[1.710s] Level 1:colcon.colcon_core.shell:create_environment_hook('ip_parser', 'ament_prefix_path')
[1.712s] INFO:colcon.colcon_core.shell:Creating environment hook '/home/anthony/lidar_camera_overlay/lid_cam_ws/install/ip_parser/share/ip_parser/hook/ament_prefix_path.ps1'
[1.714s] INFO:colcon.colcon_core.shell:Creating environment descriptor '/home/anthony/lidar_camera_overlay/lid_cam_ws/install/ip_parser/share/ip_parser/hook/ament_prefix_path.dsv'
[1.715s] INFO:colcon.colcon_core.shell:Creating environment hook '/home/anthony/lidar_camera_overlay/lid_cam_ws/install/ip_parser/share/ip_parser/hook/ament_prefix_path.sh'
[1.718s] INFO:colcon.colcon_core.shell:Skip shell extension 'powershell' for command environment: Not usable outside of PowerShell
[1.718s] DEBUG:colcon.colcon_core.shell:Skip shell extension 'dsv' for command environment
[1.726s] INFO:colcon.colcon_ros.task.ament_python.build:Building ROS package in '/home/anthony/lidar_camera_overlay/lid_cam_ws/src/lid_cam_calib' with build type 'ament_python'
[1.727s] Level 1:colcon.colcon_core.shell:create_environment_hook('lid_cam_calib', 'ament_prefix_path')
[1.729s] INFO:colcon.colcon_core.shell:Creating environment hook '/home/anthony/lidar_camera_overlay/lid_cam_ws/install/lid_cam_calib/share/lid_cam_calib/hook/ament_prefix_path.ps1'
[1.731s] INFO:colcon.colcon_core.shell:Creating environment descriptor '/home/anthony/lidar_camera_overlay/lid_cam_ws/install/lid_cam_calib/share/lid_cam_calib/hook/ament_prefix_path.dsv'
[1.731s] INFO:colcon.colcon_core.shell:Creating environment hook '/home/anthony/lidar_camera_overlay/lid_cam_ws/install/lid_cam_calib/share/lid_cam_calib/hook/ament_prefix_path.sh'
[1.733s] INFO:colcon.colcon_core.shell:Skip shell extension 'powershell' for command environment: Not usable outside of PowerShell
[1.734s] DEBUG:colcon.colcon_core.shell:Skip shell extension 'dsv' for command environment
[1.742s] INFO:colcon.colcon_ros.task.ament_cmake.build:Building ROS package in '/home/anthony/lidar_camera_overlay/lid_cam_ws/src/rectify' with build type 'ament_cmake'
[1.743s] INFO:colcon.colcon_cmake.task.cmake.build:Building CMake package in '/home/anthony/lidar_camera_overlay/lid_cam_ws/src/rectify'
[1.744s] INFO:colcon.colcon_core.shell:Skip shell extension 'powershell' for command environment: Not usable outside of PowerShell
[1.745s] DEBUG:colcon.colcon_core.shell:Skip shell extension 'dsv' for command environment
[1.754s] INFO:colcon.colcon_ros.task.ament_python.build:Building ROS package in '/home/anthony/lidar_camera_overlay/lid_cam_ws/src/rel_vel' with build type 'ament_python'
[1.755s] Level 1:colcon.colcon_core.shell:create_environment_hook('rel_vel', 'ament_prefix_path')
[1.757s] INFO:colcon.colcon_core.shell:Creating environment hook '/home/anthony/lidar_camera_overlay/lid_cam_ws/install/rel_vel/share/rel_vel/hook/ament_prefix_path.ps1'
[1.759s] INFO:colcon.colcon_core.shell:Creating environment descriptor '/home/anthony/lidar_camera_overlay/lid_cam_ws/install/rel_vel/share/rel_vel/hook/ament_prefix_path.dsv'
[1.759s] INFO:colcon.colcon_core.shell:Creating environment hook '/home/anthony/lidar_camera_overlay/lid_cam_ws/install/rel_vel/share/rel_vel/hook/ament_prefix_path.sh'
[1.761s] INFO:colcon.colcon_core.shell:Skip shell extension 'powershell' for command environment: Not usable outside of PowerShell
[1.761s] DEBUG:colcon.colcon_core.shell:Skip shell extension 'dsv' for command environment
[1.778s] DEBUG:colcon.colcon_core.event_handler.log_command:Invoking command in '/home/anthony/lidar_camera_overlay/lid_cam_ws/build/custom_interfaces': CMAKE_PREFIX_PATH=${CMAKE_PREFIX_PATH}:/home/anthony/lidar_camera_overlay/lid_cam_ws/install/rel_vel:/home/anthony/lidar_camera_overlay/lid_cam_ws/install/lid_cam_calib:/home/anthony/lidar_camera_overlay/lid_cam_ws/install/ip_parser:/opt/ros/foxy CONDA_PROMPT_MODIFIER=(base) /usr/bin/cmake --build /home/anthony/lidar_camera_overlay/lid_cam_ws/build/custom_interfaces -- -j16 -l16
[2.092s] INFO:colcon.colcon_core.task.python.build:Building Python package in '/home/anthony/lidar_camera_overlay/lid_cam_ws/src/ip_parser'
[2.095s] INFO:colcon.colcon_core.shell:Skip shell extension 'powershell' for command environment: Not usable outside of PowerShell
[2.095s] DEBUG:colcon.colcon_core.shell:Skip shell extension 'dsv' for command environment
[2.350s] INFO:colcon.colcon_core.task.python.build:Building Python package in '/home/anthony/lidar_camera_overlay/lid_cam_ws/src/lid_cam_calib'
[2.352s] INFO:colcon.colcon_core.shell:Skip shell extension 'powershell' for command environment: Not usable outside of PowerShell
[2.352s] DEBUG:colcon.colcon_core.shell:Skip shell extension 'dsv' for command environment
[2.371s] DEBUG:colcon.colcon_core.event_handler.log_command:Invoking command in '/home/anthony/lidar_camera_overlay/lid_cam_ws/build/rectify': CMAKE_PREFIX_PATH=${CMAKE_PREFIX_PATH}:/home/anthony/lidar_camera_overlay/lid_cam_ws/install/rel_vel:/home/anthony/lidar_camera_overlay/lid_cam_ws/install/lid_cam_calib:/home/anthony/lidar_camera_overlay/lid_cam_ws/install/ip_parser:/opt/ros/foxy CONDA_PROMPT_MODIFIER=(base) /usr/bin/cmake --build /home/anthony/lidar_camera_overlay/lid_cam_ws/build/rectify -- -j16 -l16
[2.612s] INFO:colcon.colcon_core.task.python.build:Building Python package in '/home/anthony/lidar_camera_overlay/lid_cam_ws/src/rel_vel'
[2.614s] INFO:colcon.colcon_core.shell:Skip shell extension 'powershell' for command environment: Not usable outside of PowerShell
[2.614s] DEBUG:colcon.colcon_core.shell:Skip shell extension 'dsv' for command environment
[2.633s] DEBUG:colcon.colcon_core.event_handler.log_command:Invoked command in '/home/anthony/lidar_camera_overlay/lid_cam_ws/build/custom_interfaces' returned '0': CMAKE_PREFIX_PATH=${CMAKE_PREFIX_PATH}:/home/anthony/lidar_camera_overlay/lid_cam_ws/install/rel_vel:/home/anthony/lidar_camera_overlay/lid_cam_ws/install/lid_cam_calib:/home/anthony/lidar_camera_overlay/lid_cam_ws/install/ip_parser:/opt/ros/foxy CONDA_PROMPT_MODIFIER=(base) /usr/bin/cmake --build /home/anthony/lidar_camera_overlay/lid_cam_ws/build/custom_interfaces -- -j16 -l16
[2.639s] DEBUG:colcon.colcon_core.event_handler.log_command:Invoked command in '/home/anthony/lidar_camera_overlay/lid_cam_ws/build/rectify' returned '0': CMAKE_PREFIX_PATH=${CMAKE_PREFIX_PATH}:/home/anthony/lidar_camera_overlay/lid_cam_ws/install/rel_vel:/home/anthony/lidar_camera_overlay/lid_cam_ws/install/lid_cam_calib:/home/anthony/lidar_camera_overlay/lid_cam_ws/install/ip_parser:/opt/ros/foxy CONDA_PROMPT_MODIFIER=(base) /usr/bin/cmake --build /home/anthony/lidar_camera_overlay/lid_cam_ws/build/rectify -- -j16 -l16
[2.694s] DEBUG:colcon.colcon_core.event_handler.log_command:Invoking command in '/home/anthony/lidar_camera_overlay/lid_cam_ws/build/custom_interfaces': CMAKE_PREFIX_PATH=${CMAKE_PREFIX_PATH}:/home/anthony/lidar_camera_overlay/lid_cam_ws/install/rel_vel:/home/anthony/lidar_camera_overlay/lid_cam_ws/install/lid_cam_calib:/home/anthony/lidar_camera_overlay/lid_cam_ws/install/ip_parser:/opt/ros/foxy CONDA_PROMPT_MODIFIER=(base) /usr/bin/cmake --install /home/anthony/lidar_camera_overlay/lid_cam_ws/build/custom_interfaces
[2.702s] DEBUG:colcon.colcon_core.event_handler.log_command:Invoking command in '/home/anthony/lidar_camera_overlay/lid_cam_ws/build/rectify': CMAKE_PREFIX_PATH=${CMAKE_PREFIX_PATH}:/home/anthony/lidar_camera_overlay/lid_cam_ws/install/rel_vel:/home/anthony/lidar_camera_overlay/lid_cam_ws/install/lid_cam_calib:/home/anthony/lidar_camera_overlay/lid_cam_ws/install/ip_parser:/opt/ros/foxy CONDA_PROMPT_MODIFIER=(base) /usr/bin/cmake --install /home/anthony/lidar_camera_overlay/lid_cam_ws/build/rectify
[2.717s] Level 1:colcon.colcon_core.environment:create_environment_scripts_only(custom_interfaces)
[2.718s] DEBUG:colcon.colcon_core.event_handler.log_command:Invoked command in '/home/anthony/lidar_camera_overlay/lid_cam_ws/build/custom_interfaces' returned '0': CMAKE_PREFIX_PATH=${CMAKE_PREFIX_PATH}:/home/anthony/lidar_camera_overlay/lid_cam_ws/install/rel_vel:/home/anthony/lidar_camera_overlay/lid_cam_ws/install/lid_cam_calib:/home/anthony/lidar_camera_overlay/lid_cam_ws/install/ip_parser:/opt/ros/foxy CONDA_PROMPT_MODIFIER=(base) /usr/bin/cmake --install /home/anthony/lidar_camera_overlay/lid_cam_ws/build/custom_interfaces
[2.753s] Level 1:colcon.colcon_core.environment:checking '/home/anthony/lidar_camera_overlay/lid_cam_ws/install/custom_interfaces' for CMake module files
[2.760s] Level 1:colcon.colcon_core.environment:checking '/home/anthony/lidar_camera_overlay/lid_cam_ws/install/custom_interfaces' for CMake config files
[2.764s] Level 1:colcon.colcon_core.shell:create_environment_hook('custom_interfaces', 'cmake_prefix_path')
[2.769s] INFO:colcon.colcon_core.shell:Creating environment hook '/home/anthony/lidar_camera_overlay/lid_cam_ws/install/custom_interfaces/share/custom_interfaces/hook/cmake_prefix_path.ps1'
[2.770s] INFO:colcon.colcon_core.shell:Creating environment descriptor '/home/anthony/lidar_camera_overlay/lid_cam_ws/install/custom_interfaces/share/custom_interfaces/hook/cmake_prefix_path.dsv'
[2.770s] INFO:colcon.colcon_core.shell:Creating environment hook '/home/anthony/lidar_camera_overlay/lid_cam_ws/install/custom_interfaces/share/custom_interfaces/hook/cmake_prefix_path.sh'
[2.771s] Level 1:colcon.colcon_core.environment:checking '/home/anthony/lidar_camera_overlay/lid_cam_ws/install/custom_interfaces/lib'
[2.772s] Level 1:colcon.colcon_core.environment:checking '/home/anthony/lidar_camera_overlay/lid_cam_ws/install/custom_interfaces/bin'
[2.772s] Level 1:colcon.colcon_core.environment:checking '/home/anthony/lidar_camera_overlay/lid_cam_ws/install/custom_interfaces/lib/pkgconfig/custom_interfaces.pc'
[2.772s] Level 1:colcon.colcon_core.environment:checking '/home/anthony/lidar_camera_overlay/lid_cam_ws/install/custom_interfaces/lib/python3.8/site-packages'
[2.772s] Level 1:colcon.colcon_core.environment:checking '/home/anthony/lidar_camera_overlay/lid_cam_ws/install/custom_interfaces/bin'
[2.774s] INFO:colcon.colcon_core.shell:Creating package script '/home/anthony/lidar_camera_overlay/lid_cam_ws/install/custom_interfaces/share/custom_interfaces/package.ps1'
[2.776s] INFO:colcon.colcon_core.shell:Creating package descriptor '/home/anthony/lidar_camera_overlay/lid_cam_ws/install/custom_interfaces/share/custom_interfaces/package.dsv'
[2.779s] INFO:colcon.colcon_core.shell:Creating package script '/home/anthony/lidar_camera_overlay/lid_cam_ws/install/custom_interfaces/share/custom_interfaces/package.sh'
[2.782s] INFO:colcon.colcon_core.shell:Creating package script '/home/anthony/lidar_camera_overlay/lid_cam_ws/install/custom_interfaces/share/custom_interfaces/package.bash'
[2.787s] INFO:colcon.colcon_core.shell:Creating package script '/home/anthony/lidar_camera_overlay/lid_cam_ws/install/custom_interfaces/share/custom_interfaces/package.zsh'
[2.789s] Level 1:colcon.colcon_core.environment:create_file_with_runtime_dependencies(/home/anthony/lidar_camera_overlay/lid_cam_ws/install/custom_interfaces/share/colcon-core/packages/custom_interfaces)
[2.795s] Level 1:colcon.colcon_core.environment:create_environment_scripts_only(rectify)
[2.798s] Level 1:colcon.colcon_core.environment:checking '/home/anthony/lidar_camera_overlay/lid_cam_ws/install/rectify' for CMake module files
[2.799s] DEBUG:colcon.colcon_core.event_handler.log_command:Invoked command in '/home/anthony/lidar_camera_overlay/lid_cam_ws/build/rectify' returned '0': CMAKE_PREFIX_PATH=${CMAKE_PREFIX_PATH}:/home/anthony/lidar_camera_overlay/lid_cam_ws/install/rel_vel:/home/anthony/lidar_camera_overlay/lid_cam_ws/install/lid_cam_calib:/home/anthony/lidar_camera_overlay/lid_cam_ws/install/ip_parser:/opt/ros/foxy CONDA_PROMPT_MODIFIER=(base) /usr/bin/cmake --install /home/anthony/lidar_camera_overlay/lid_cam_ws/build/rectify
[2.801s] Level 1:colcon.colcon_core.environment:checking '/home/anthony/lidar_camera_overlay/lid_cam_ws/install/rectify' for CMake config files
[2.807s] Level 1:colcon.colcon_core.shell:create_environment_hook('rectify', 'cmake_prefix_path')
[2.810s] INFO:colcon.colcon_core.shell:Creating environment hook '/home/anthony/lidar_camera_overlay/lid_cam_ws/install/rectify/share/rectify/hook/cmake_prefix_path.ps1'
[2.811s] INFO:colcon.colcon_core.shell:Creating environment descriptor '/home/anthony/lidar_camera_overlay/lid_cam_ws/install/rectify/share/rectify/hook/cmake_prefix_path.dsv'
[2.811s] INFO:colcon.colcon_core.shell:Creating environment hook '/home/anthony/lidar_camera_overlay/lid_cam_ws/install/rectify/share/rectify/hook/cmake_prefix_path.sh'
[2.812s] Level 1:colcon.colcon_core.environment:checking '/home/anthony/lidar_camera_overlay/lid_cam_ws/install/rectify/lib'
[2.812s] Level 1:colcon.colcon_core.environment:checking '/home/anthony/lidar_camera_overlay/lid_cam_ws/install/rectify/bin'
[2.812s] Level 1:colcon.colcon_core.environment:checking '/home/anthony/lidar_camera_overlay/lid_cam_ws/install/rectify/lib/pkgconfig/rectify.pc'
[2.812s] Level 1:colcon.colcon_core.environment:checking '/home/anthony/lidar_camera_overlay/lid_cam_ws/install/rectify/lib/python3.8/site-packages'
[2.812s] Level 1:colcon.colcon_core.environment:checking '/home/anthony/lidar_camera_overlay/lid_cam_ws/install/rectify/bin'
[2.814s] INFO:colcon.colcon_core.shell:Creating package script '/home/anthony/lidar_camera_overlay/lid_cam_ws/install/rectify/share/rectify/package.ps1'
[2.814s] INFO:colcon.colcon_core.shell:Creating package descriptor '/home/anthony/lidar_camera_overlay/lid_cam_ws/install/rectify/share/rectify/package.dsv'
[2.815s] INFO:colcon.colcon_core.shell:Creating package script '/home/anthony/lidar_camera_overlay/lid_cam_ws/install/rectify/share/rectify/package.sh'
[2.815s] INFO:colcon.colcon_core.shell:Creating package script '/home/anthony/lidar_camera_overlay/lid_cam_ws/install/rectify/share/rectify/package.bash'
[2.816s] INFO:colcon.colcon_core.shell:Creating package script '/home/anthony/lidar_camera_overlay/lid_cam_ws/install/rectify/share/rectify/package.zsh'
[2.816s] Level 1:colcon.colcon_core.environment:create_file_with_runtime_dependencies(/home/anthony/lidar_camera_overlay/lid_cam_ws/install/rectify/share/colcon-core/packages/rectify)
[2.826s] Level 1:colcon.colcon_core.environment:create_environment_scripts_only(custom_interfaces)
[2.828s] Level 1:colcon.colcon_core.environment:checking '/home/anthony/lidar_camera_overlay/lid_cam_ws/install/custom_interfaces' for CMake module files
[2.829s] Level 1:colcon.colcon_core.environment:checking '/home/anthony/lidar_camera_overlay/lid_cam_ws/install/custom_interfaces' for CMake config files
[2.829s] Level 1:colcon.colcon_core.shell:create_environment_hook('custom_interfaces', 'cmake_prefix_path')
[2.831s] INFO:colcon.colcon_core.shell:Creating environment hook '/home/anthony/lidar_camera_overlay/lid_cam_ws/install/custom_interfaces/share/custom_interfaces/hook/cmake_prefix_path.ps1'
[2.832s] INFO:colcon.colcon_core.shell:Creating environment descriptor '/home/anthony/lidar_camera_overlay/lid_cam_ws/install/custom_interfaces/share/custom_interfaces/hook/cmake_prefix_path.dsv'
[2.832s] INFO:colcon.colcon_core.shell:Creating environment hook '/home/anthony/lidar_camera_overlay/lid_cam_ws/install/custom_interfaces/share/custom_interfaces/hook/cmake_prefix_path.sh'
[2.833s] Level 1:colcon.colcon_core.environment:checking '/home/anthony/lidar_camera_overlay/lid_cam_ws/install/custom_interfaces/lib'
[2.834s] Level 1:colcon.colcon_core.environment:checking '/home/anthony/lidar_camera_overlay/lid_cam_ws/install/custom_interfaces/bin'
[2.834s] Level 1:colcon.colcon_core.environment:checking '/home/anthony/lidar_camera_overlay/lid_cam_ws/install/custom_interfaces/lib/pkgconfig/custom_interfaces.pc'
[2.834s] Level 1:colcon.colcon_core.environment:checking '/home/anthony/lidar_camera_overlay/lid_cam_ws/install/custom_interfaces/lib/python3.8/site-packages'
[2.834s] Level 1:colcon.colcon_core.environment:checking '/home/anthony/lidar_camera_overlay/lid_cam_ws/install/custom_interfaces/bin'
[2.838s] INFO:colcon.colcon_core.shell:Creating package script '/home/anthony/lidar_camera_overlay/lid_cam_ws/install/custom_interfaces/share/custom_interfaces/package.ps1'
[2.839s] INFO:colcon.colcon_core.shell:Creating package descriptor '/home/anthony/lidar_camera_overlay/lid_cam_ws/install/custom_interfaces/share/custom_interfaces/package.dsv'
[2.839s] INFO:colcon.colcon_core.shell:Creating package script '/home/anthony/lidar_camera_overlay/lid_cam_ws/install/custom_interfaces/share/custom_interfaces/package.sh'
[2.840s] INFO:colcon.colcon_core.shell:Creating package script '/home/anthony/lidar_camera_overlay/lid_cam_ws/install/custom_interfaces/share/custom_interfaces/package.bash'
[2.841s] INFO:colcon.colcon_core.shell:Creating package script '/home/anthony/lidar_camera_overlay/lid_cam_ws/install/custom_interfaces/share/custom_interfaces/package.zsh'
[2.841s] Level 1:colcon.colcon_core.environment:create_file_with_runtime_dependencies(/home/anthony/lidar_camera_overlay/lid_cam_ws/install/custom_interfaces/share/colcon-core/packages/custom_interfaces)
[2.867s] Level 1:colcon.colcon_core.environment:create_environment_scripts_only(rectify)
[2.869s] Level 1:colcon.colcon_core.environment:checking '/home/anthony/lidar_camera_overlay/lid_cam_ws/install/rectify' for CMake module files
[2.870s] Level 1:colcon.colcon_core.environment:checking '/home/anthony/lidar_camera_overlay/lid_cam_ws/install/rectify' for CMake config files
[2.870s] Level 1:colcon.colcon_core.shell:create_environment_hook('rectify', 'cmake_prefix_path')
[2.871s] INFO:colcon.colcon_core.shell:Creating environment hook '/home/anthony/lidar_camera_overlay/lid_cam_ws/install/rectify/share/rectify/hook/cmake_prefix_path.ps1'
[2.872s] INFO:colcon.colcon_core.shell:Creating environment descriptor '/home/anthony/lidar_camera_overlay/lid_cam_ws/install/rectify/share/rectify/hook/cmake_prefix_path.dsv'
[2.872s] INFO:colcon.colcon_core.shell:Creating environment hook '/home/anthony/lidar_camera_overlay/lid_cam_ws/install/rectify/share/rectify/hook/cmake_prefix_path.sh'
[2.873s] Level 1:colcon.colcon_core.environment:checking '/home/anthony/lidar_camera_overlay/lid_cam_ws/install/rectify/lib'
[2.873s] Level 1:colcon.colcon_core.environment:checking '/home/anthony/lidar_camera_overlay/lid_cam_ws/install/rectify/bin'
[2.873s] Level 1:colcon.colcon_core.environment:checking '/home/anthony/lidar_camera_overlay/lid_cam_ws/install/rectify/lib/pkgconfig/rectify.pc'
[2.873s] Level 1:colcon.colcon_core.environment:checking '/home/anthony/lidar_camera_overlay/lid_cam_ws/install/rectify/lib/python3.8/site-packages'
[2.874s] Level 1:colcon.colcon_core.environment:checking '/home/anthony/lidar_camera_overlay/lid_cam_ws/install/rectify/bin'
[2.875s] INFO:colcon.colcon_core.shell:Creating package script '/home/anthony/lidar_camera_overlay/lid_cam_ws/install/rectify/share/rectify/package.ps1'
[2.876s] INFO:colcon.colcon_core.shell:Creating package descriptor '/home/anthony/lidar_camera_overlay/lid_cam_ws/install/rectify/share/rectify/package.dsv'
[2.876s] INFO:colcon.colcon_core.shell:Creating package script '/home/anthony/lidar_camera_overlay/lid_cam_ws/install/rectify/share/rectify/package.sh'
[2.877s] INFO:colcon.colcon_core.shell:Creating package script '/home/anthony/lidar_camera_overlay/lid_cam_ws/install/rectify/share/rectify/package.bash'
[2.878s] INFO:colcon.colcon_core.shell:Creating package script '/home/anthony/lidar_camera_overlay/lid_cam_ws/install/rectify/share/rectify/package.zsh'
[2.878s] Level 1:colcon.colcon_core.environment:create_file_with_runtime_dependencies(/home/anthony/lidar_camera_overlay/lid_cam_ws/install/rectify/share/colcon-core/packages/rectify)
[3.416s] DEBUG:colcon.colcon_core.event_handler.log_command:Invoking command in '/home/anthony/lidar_camera_overlay/lid_cam_ws/src/rel_vel': CONDA_PROMPT_MODIFIER=(base) PYTHONPATH=/home/anthony/lidar_camera_overlay/lid_cam_ws/build/rel_vel/prefix_override:/home/anthony/lidar_camera_overlay/lid_cam_ws/install/rel_vel/lib/python3.8/site-packages:${PYTHONPATH} /usr/bin/python3 setup.py egg_info --egg-base ../../build/rel_vel build --build-base /home/anthony/lidar_camera_overlay/lid_cam_ws/build/rel_vel/build install --record /home/anthony/lidar_camera_overlay/lid_cam_ws/build/rel_vel/install.log --install-scripts $base/lib/rel_vel --single-version-externally-managed
[3.435s] DEBUG:colcon.colcon_core.event_handler.log_command:Invoking command in '/home/anthony/lidar_camera_overlay/lid_cam_ws/src/lid_cam_calib': CONDA_PROMPT_MODIFIER=(base) PYTHONPATH=/home/anthony/lidar_camera_overlay/lid_cam_ws/build/lid_cam_calib/prefix_override:/home/anthony/lidar_camera_overlay/lid_cam_ws/install/lid_cam_calib/lib/python3.8/site-packages:${PYTHONPATH} /usr/bin/python3 setup.py egg_info --egg-base ../../build/lid_cam_calib build --build-base /home/anthony/lidar_camera_overlay/lid_cam_ws/build/lid_cam_calib/build install --record /home/anthony/lidar_camera_overlay/lid_cam_ws/build/lid_cam_calib/install.log --install-scripts $base/lib/lid_cam_calib --single-version-externally-managed
[3.443s] DEBUG:colcon.colcon_core.event_handler.log_command:Invoking command in '/home/anthony/lidar_camera_overlay/lid_cam_ws/src/ip_parser': CONDA_PROMPT_MODIFIER=(base) PYTHONPATH=/home/anthony/lidar_camera_overlay/lid_cam_ws/build/ip_parser/prefix_override:/home/anthony/lidar_camera_overlay/lid_cam_ws/install/ip_parser/lib/python3.8/site-packages:${PYTHONPATH} /usr/bin/python3 setup.py egg_info --egg-base ../../build/ip_parser build --build-base /home/anthony/lidar_camera_overlay/lid_cam_ws/build/ip_parser/build install --record /home/anthony/lidar_camera_overlay/lid_cam_ws/build/ip_parser/install.log --install-scripts $base/lib/ip_parser --single-version-externally-managed
[3.816s] Level 1:colcon.colcon_core.environment:checking '/home/anthony/lidar_camera_overlay/lid_cam_ws/install/ip_parser' for CMake module files
[3.818s] DEBUG:colcon.colcon_core.event_handler.log_command:Invoked command in '/home/anthony/lidar_camera_overlay/lid_cam_ws/src/ip_parser' returned '0': CONDA_PROMPT_MODIFIER=(base) PYTHONPATH=/home/anthony/lidar_camera_overlay/lid_cam_ws/build/ip_parser/prefix_override:/home/anthony/lidar_camera_overlay/lid_cam_ws/install/ip_parser/lib/python3.8/site-packages:${PYTHONPATH} /usr/bin/python3 setup.py egg_info --egg-base ../../build/ip_parser build --build-base /home/anthony/lidar_camera_overlay/lid_cam_ws/build/ip_parser/build install --record /home/anthony/lidar_camera_overlay/lid_cam_ws/build/ip_parser/install.log --install-scripts $base/lib/ip_parser --single-version-externally-managed
[3.821s] Level 1:colcon.colcon_core.environment:checking '/home/anthony/lidar_camera_overlay/lid_cam_ws/install/ip_parser' for CMake config files
[3.826s] Level 1:colcon.colcon_core.environment:checking '/home/anthony/lidar_camera_overlay/lid_cam_ws/install/ip_parser/lib'
[3.826s] Level 1:colcon.colcon_core.environment:checking '/home/anthony/lidar_camera_overlay/lid_cam_ws/install/ip_parser/bin'
[3.826s] Level 1:colcon.colcon_core.environment:checking '/home/anthony/lidar_camera_overlay/lid_cam_ws/install/ip_parser/lib/pkgconfig/ip_parser.pc'
[3.827s] Level 1:colcon.colcon_core.environment:checking '/home/anthony/lidar_camera_overlay/lid_cam_ws/install/ip_parser/lib/python3.8/site-packages'
[3.827s] Level 1:colcon.colcon_core.shell:create_environment_hook('ip_parser', 'pythonpath')
[3.829s] INFO:colcon.colcon_core.shell:Creating environment hook '/home/anthony/lidar_camera_overlay/lid_cam_ws/install/ip_parser/share/ip_parser/hook/pythonpath.ps1'
[3.829s] INFO:colcon.colcon_core.shell:Creating environment descriptor '/home/anthony/lidar_camera_overlay/lid_cam_ws/install/ip_parser/share/ip_parser/hook/pythonpath.dsv'
[3.830s] INFO:colcon.colcon_core.shell:Creating environment hook '/home/anthony/lidar_camera_overlay/lid_cam_ws/install/ip_parser/share/ip_parser/hook/pythonpath.sh'
[3.831s] Level 1:colcon.colcon_core.environment:checking '/home/anthony/lidar_camera_overlay/lid_cam_ws/install/ip_parser/bin'
[3.831s] Level 1:colcon.colcon_core.environment:create_environment_scripts_only(ip_parser)
[3.833s] INFO:colcon.colcon_core.shell:Creating package script '/home/anthony/lidar_camera_overlay/lid_cam_ws/install/ip_parser/share/ip_parser/package.ps1'
[3.833s] INFO:colcon.colcon_core.shell:Creating package descriptor '/home/anthony/lidar_camera_overlay/lid_cam_ws/install/ip_parser/share/ip_parser/package.dsv'
[3.834s] INFO:colcon.colcon_core.shell:Creating package script '/home/anthony/lidar_camera_overlay/lid_cam_ws/install/ip_parser/share/ip_parser/package.sh'
[3.834s] INFO:colcon.colcon_core.shell:Creating package script '/home/anthony/lidar_camera_overlay/lid_cam_ws/install/ip_parser/share/ip_parser/package.bash'
[3.835s] INFO:colcon.colcon_core.shell:Creating package script '/home/anthony/lidar_camera_overlay/lid_cam_ws/install/ip_parser/share/ip_parser/package.zsh'
[3.835s] Level 1:colcon.colcon_core.environment:create_file_with_runtime_dependencies(/home/anthony/lidar_camera_overlay/lid_cam_ws/install/ip_parser/share/colcon-core/packages/ip_parser)
[3.841s] Level 1:colcon.colcon_core.environment:checking '/home/anthony/lidar_camera_overlay/lid_cam_ws/install/rel_vel' for CMake module files
[3.843s] DEBUG:colcon.colcon_core.event_handler.log_command:Invoked command in '/home/anthony/lidar_camera_overlay/lid_cam_ws/src/rel_vel' returned '0': CONDA_PROMPT_MODIFIER=(base) PYTHONPATH=/home/anthony/lidar_camera_overlay/lid_cam_ws/build/rel_vel/prefix_override:/home/anthony/lidar_camera_overlay/lid_cam_ws/install/rel_vel/lib/python3.8/site-packages:${PYTHONPATH} /usr/bin/python3 setup.py egg_info --egg-base ../../build/rel_vel build --build-base /home/anthony/lidar_camera_overlay/lid_cam_ws/build/rel_vel/build install --record /home/anthony/lidar_camera_overlay/lid_cam_ws/build/rel_vel/install.log --install-scripts $base/lib/rel_vel --single-version-externally-managed
[3.845s] Level 1:colcon.colcon_core.environment:checking '/home/anthony/lidar_camera_overlay/lid_cam_ws/install/rel_vel' for CMake config files
[3.850s] Level 1:colcon.colcon_core.environment:checking '/home/anthony/lidar_camera_overlay/lid_cam_ws/install/rel_vel/lib'
[3.851s] Level 1:colcon.colcon_core.environment:checking '/home/anthony/lidar_camera_overlay/lid_cam_ws/install/rel_vel/bin'
[3.851s] Level 1:colcon.colcon_core.environment:checking '/home/anthony/lidar_camera_overlay/lid_cam_ws/install/rel_vel/lib/pkgconfig/rel_vel.pc'
[3.851s] Level 1:colcon.colcon_core.environment:checking '/home/anthony/lidar_camera_overlay/lid_cam_ws/install/rel_vel/lib/python3.8/site-packages'
[3.851s] Level 1:colcon.colcon_core.shell:create_environment_hook('rel_vel', 'pythonpath')
[3.853s] INFO:colcon.colcon_core.shell:Creating environment hook '/home/anthony/lidar_camera_overlay/lid_cam_ws/install/rel_vel/share/rel_vel/hook/pythonpath.ps1'
[3.853s] INFO:colcon.colcon_core.shell:Creating environment descriptor '/home/anthony/lidar_camera_overlay/lid_cam_ws/install/rel_vel/share/rel_vel/hook/pythonpath.dsv'
[3.854s] INFO:colcon.colcon_core.shell:Creating environment hook '/home/anthony/lidar_camera_overlay/lid_cam_ws/install/rel_vel/share/rel_vel/hook/pythonpath.sh'
[3.855s] Level 1:colcon.colcon_core.environment:checking '/home/anthony/lidar_camera_overlay/lid_cam_ws/install/rel_vel/bin'
[3.855s] Level 1:colcon.colcon_core.environment:create_environment_scripts_only(rel_vel)
[3.857s] INFO:colcon.colcon_core.shell:Creating package script '/home/anthony/lidar_camera_overlay/lid_cam_ws/install/rel_vel/share/rel_vel/package.ps1'
[3.858s] INFO:colcon.colcon_core.shell:Creating package descriptor '/home/anthony/lidar_camera_overlay/lid_cam_ws/install/rel_vel/share/rel_vel/package.dsv'
[3.858s] INFO:colcon.colcon_core.shell:Creating package script '/home/anthony/lidar_camera_overlay/lid_cam_ws/install/rel_vel/share/rel_vel/package.sh'
[3.859s] INFO:colcon.colcon_core.shell:Creating package script '/home/anthony/lidar_camera_overlay/lid_cam_ws/install/rel_vel/share/rel_vel/package.bash'
[3.859s] INFO:colcon.colcon_core.shell:Creating package script '/home/anthony/lidar_camera_overlay/lid_cam_ws/install/rel_vel/share/rel_vel/package.zsh'
[3.859s] Level 1:colcon.colcon_core.environment:create_file_with_runtime_dependencies(/home/anthony/lidar_camera_overlay/lid_cam_ws/install/rel_vel/share/colcon-core/packages/rel_vel)
[3.873s] Level 1:colcon.colcon_core.environment:checking '/home/anthony/lidar_camera_overlay/lid_cam_ws/install/lid_cam_calib' for CMake module files
[3.874s] DEBUG:colcon.colcon_core.event_handler.log_command:Invoked command in '/home/anthony/lidar_camera_overlay/lid_cam_ws/src/lid_cam_calib' returned '0': CONDA_PROMPT_MODIFIER=(base) PYTHONPATH=/home/anthony/lidar_camera_overlay/lid_cam_ws/build/lid_cam_calib/prefix_override:/home/anthony/lidar_camera_overlay/lid_cam_ws/install/lid_cam_calib/lib/python3.8/site-packages:${PYTHONPATH} /usr/bin/python3 setup.py egg_info --egg-base ../../build/lid_cam_calib build --build-base /home/anthony/lidar_camera_overlay/lid_cam_ws/build/lid_cam_calib/build install --record /home/anthony/lidar_camera_overlay/lid_cam_ws/build/lid_cam_calib/install.log --install-scripts $base/lib/lid_cam_calib --single-version-externally-managed
[3.877s] Level 1:colcon.colcon_core.environment:checking '/home/anthony/lidar_camera_overlay/lid_cam_ws/install/lid_cam_calib' for CMake config files
[3.883s] Level 1:colcon.colcon_core.environment:checking '/home/anthony/lidar_camera_overlay/lid_cam_ws/install/lid_cam_calib/lib'
[3.883s] Level 1:colcon.colcon_core.environment:checking '/home/anthony/lidar_camera_overlay/lid_cam_ws/install/lid_cam_calib/bin'
[3.883s] Level 1:colcon.colcon_core.environment:checking '/home/anthony/lidar_camera_overlay/lid_cam_ws/install/lid_cam_calib/lib/pkgconfig/lid_cam_calib.pc'
[3.883s] Level 1:colcon.colcon_core.environment:checking '/home/anthony/lidar_camera_overlay/lid_cam_ws/install/lid_cam_calib/lib/python3.8/site-packages'
[3.883s] Level 1:colcon.colcon_core.shell:create_environment_hook('lid_cam_calib', 'pythonpath')
[3.885s] INFO:colcon.colcon_core.shell:Creating environment hook '/home/anthony/lidar_camera_overlay/lid_cam_ws/install/lid_cam_calib/share/lid_cam_calib/hook/pythonpath.ps1'
[3.886s] INFO:colcon.colcon_core.shell:Creating environment descriptor '/home/anthony/lidar_camera_overlay/lid_cam_ws/install/lid_cam_calib/share/lid_cam_calib/hook/pythonpath.dsv'
[3.886s] INFO:colcon.colcon_core.shell:Creating environment hook '/home/anthony/lidar_camera_overlay/lid_cam_ws/install/lid_cam_calib/share/lid_cam_calib/hook/pythonpath.sh'
[3.887s] Level 1:colcon.colcon_core.environment:checking '/home/anthony/lidar_camera_overlay/lid_cam_ws/install/lid_cam_calib/bin'
[3.887s] Level 1:colcon.colcon_core.environment:create_environment_scripts_only(lid_cam_calib)
[3.889s] INFO:colcon.colcon_core.shell:Creating package script '/home/anthony/lidar_camera_overlay/lid_cam_ws/install/lid_cam_calib/share/lid_cam_calib/package.ps1'
[3.889s] INFO:colcon.colcon_core.shell:Creating package descriptor '/home/anthony/lidar_camera_overlay/lid_cam_ws/install/lid_cam_calib/share/lid_cam_calib/package.dsv'
[3.890s] INFO:colcon.colcon_core.shell:Creating package script '/home/anthony/lidar_camera_overlay/lid_cam_ws/install/lid_cam_calib/share/lid_cam_calib/package.sh'
[3.891s] INFO:colcon.colcon_core.shell:Creating package script '/home/anthony/lidar_camera_overlay/lid_cam_ws/install/lid_cam_calib/share/lid_cam_calib/package.bash'
[3.891s] INFO:colcon.colcon_core.shell:Creating package script '/home/anthony/lidar_camera_overlay/lid_cam_ws/install/lid_cam_calib/share/lid_cam_calib/package.zsh'
[3.891s] Level 1:colcon.colcon_core.environment:create_file_with_runtime_dependencies(/home/anthony/lidar_camera_overlay/lid_cam_ws/install/lid_cam_calib/share/colcon-core/packages/lid_cam_calib)
[3.892s] DEBUG:colcon.colcon_parallel_executor.executor.parallel:closing loop
[3.893s] DEBUG:colcon.colcon_parallel_executor.executor.parallel:loop closed
[3.893s] DEBUG:colcon.colcon_parallel_executor.executor.parallel:run_until_complete finished with '0'
[3.894s] DEBUG:colcon.colcon_core.event_reactor:joining thread
[4.069s] INFO:colcon.colcon_core.plugin_system:Skipping extension 'colcon_notification.desktop_notification.notify_send': Could not find 'notify-send'
[4.070s] INFO:colcon.colcon_core.plugin_system:Skipping extension 'colcon_notification.desktop_notification.terminal_notifier': Not used on non-Darwin systems
[4.070s] INFO:colcon.colcon_core.plugin_system:Skipping extension 'colcon_notification.desktop_notification.win32': Not used on non-Windows systems
[4.070s] INFO:colcon.colcon_notification.desktop_notification:Sending desktop notification using 'notify2'
[4.122s] DEBUG:colcon.colcon_notification.desktop_notification.notify2:Failed to initialize notify2: org.freedesktop.DBus.Error.ServiceUnknown: The name org.freedesktop.Notifications was not provided by any .service files
[4.122s] DEBUG:colcon.colcon_core.event_reactor:joined thread
[4.125s] INFO:colcon.colcon_core.shell:Creating prefix script '/home/anthony/lidar_camera_overlay/lid_cam_ws/install/local_setup.ps1'
[4.126s] INFO:colcon.colcon_core.shell:Creating prefix util module '/home/anthony/lidar_camera_overlay/lid_cam_ws/install/_local_setup_util_ps1.py'
[4.128s] INFO:colcon.colcon_core.shell:Creating prefix chain script '/home/anthony/lidar_camera_overlay/lid_cam_ws/install/setup.ps1'
[4.131s] INFO:colcon.colcon_core.shell:Creating prefix script '/home/anthony/lidar_camera_overlay/lid_cam_ws/install/local_setup.sh'
[4.132s] INFO:colcon.colcon_core.shell:Creating prefix util module '/home/anthony/lidar_camera_overlay/lid_cam_ws/install/_local_setup_util_sh.py'
[4.133s] INFO:colcon.colcon_core.shell:Creating prefix chain script '/home/anthony/lidar_camera_overlay/lid_cam_ws/install/setup.sh'
[4.136s] INFO:colcon.colcon_core.shell:Creating prefix script '/home/anthony/lidar_camera_overlay/lid_cam_ws/install/local_setup.bash'
[4.137s] INFO:colcon.colcon_core.shell:Creating prefix chain script '/home/anthony/lidar_camera_overlay/lid_cam_ws/install/setup.bash'
[4.139s] INFO:colcon.colcon_core.shell:Creating prefix script '/home/anthony/lidar_camera_overlay/lid_cam_ws/install/local_setup.zsh'
[4.140s] INFO:colcon.colcon_core.shell:Creating prefix chain script '/home/anthony/lidar_camera_overlay/lid_cam_ws/install/setup.zsh'
